<?xml version="1.0" encoding="UTF-8" standalone="yes"?><!DOCTYPE report PUBLIC "-//JACOCO//DTD Report 1.1//EN" "report.dtd"><report name="MQTT Connector"><sessioninfo id="cx-12225c5e" start="1621308874863" dump="1621308876697"/><sessioninfo id="cx-ddf201c3" start="1621308967211" dump="1621308969007"/><sessioninfo id="cx-d21e5a56" start="1621309418148" dump="1621309419993"/><package name="net/sf/dz3/view/mqtt/v1"><class name="net/sf/dz3/view/mqtt/v1/UpstreamBlock" sourcefilename="UpstreamBlock.java"><method name="&lt;init&gt;" desc="(Ljava/lang/String;Ljava/lang/String;)V" line="26"><counter type="INSTRUCTION" missed="9" covered="0"/><counter type="LINE" missed="4" covered="0"/><counter type="COMPLEXITY" missed="1" covered="0"/><counter type="METHOD" missed="1" covered="0"/></method><method name="toString" desc="()Ljava/lang/String;" line="35"><counter type="INSTRUCTION" missed="21" covered="0"/><counter type="LINE" missed="4" covered="0"/><counter type="COMPLEXITY" missed="1" covered="0"/><counter type="METHOD" missed="1" covered="0"/></method><counter type="INSTRUCTION" missed="30" covered="0"/><counter type="LINE" missed="8" covered="0"/><counter type="COMPLEXITY" missed="2" covered="0"/><counter type="METHOD" missed="2" covered="0"/><counter type="CLASS" missed="1" covered="0"/></class><class name="net/sf/dz3/view/mqtt/v1/ThermostatRenderer" sourcefilename="ThermostatRenderer.java"><method name="&lt;init&gt;" desc="(Lnet/sf/dz3/device/model/impl/ThermostatModel;Ljava/util/Map;Lnet/sf/dz3/scheduler/Scheduler;)V" line="40"><counter type="INSTRUCTION" missed="13" covered="0"/><counter type="LINE" missed="5" covered="0"/><counter type="COMPLEXITY" missed="1" covered="0"/><counter type="METHOD" missed="1" covered="0"/></method><method name="getTopic" desc="()Ljava/lang/String;" line="56"><counter type="INSTRUCTION" missed="11" covered="0"/><counter type="LINE" missed="1" covered="0"/><counter type="COMPLEXITY" missed="1" covered="0"/><counter type="METHOD" missed="1" covered="0"/></method><method name="consume" desc="(Lnet/sf/jukebox/datastream/signal/model/DataSample;)V" line="62"><counter type="INSTRUCTION" missed="11" covered="0"/><counter type="LINE" missed="2" covered="0"/><counter type="COMPLEXITY" missed="1" covered="0"/><counter type="METHOD" missed="1" covered="0"/></method><method name="getPeriod" desc="()Ljava/lang/String;" line="72"><counter type="INSTRUCTION" missed="18" covered="0"/><counter type="BRANCH" missed="4" covered="0"/><counter type="LINE" missed="6" covered="0"/><counter type="COMPLEXITY" missed="3" covered="0"/><counter type="METHOD" missed="1" covered="0"/></method><method name="render" desc="(Lnet/sf/jukebox/datastream/signal/model/DataSample;)Ljava/lang/String;" line="88"><counter type="INSTRUCTION" missed="249" covered="0"/><counter type="BRANCH" missed="20" covered="0"/><counter type="LINE" missed="45" covered="0"/><counter type="COMPLEXITY" missed="11" covered="0"/><counter type="METHOD" missed="1" covered="0"/></method><counter type="INSTRUCTION" missed="302" covered="0"/><counter type="BRANCH" missed="24" covered="0"/><counter type="LINE" missed="59" covered="0"/><counter type="COMPLEXITY" missed="17" covered="0"/><counter type="METHOD" missed="5" covered="0"/><counter type="CLASS" missed="1" covered="0"/></class><class name="net/sf/dz3/view/mqtt/v1/MqttConnector$Callback" sourcefilename="MqttConnector.java"><method name="&lt;init&gt;" desc="(Lnet/sf/dz3/view/mqtt/v1/MqttConnector;)V" line="402"><counter type="INSTRUCTION" missed="16" covered="0"/><counter type="LINE" missed="3" covered="0"/><counter type="COMPLEXITY" missed="1" covered="0"/><counter type="METHOD" missed="1" covered="0"/></method><method name="connectionLost" desc="(Ljava/lang/Throwable;)V" line="420"><counter type="INSTRUCTION" missed="25" covered="0"/><counter type="LINE" missed="3" covered="0"/><counter type="COMPLEXITY" missed="1" covered="0"/><counter type="METHOD" missed="1" covered="0"/></method><method name="messageArrived" desc="(Ljava/lang/String;Lorg/eclipse/paho/client/mqttv3/MqttMessage;)V" line="433"><counter type="INSTRUCTION" missed="109" covered="0"/><counter type="BRANCH" missed="7" covered="0"/><counter type="LINE" missed="18" covered="0"/><counter type="COMPLEXITY" missed="5" covered="0"/><counter type="METHOD" missed="1" covered="0"/></method><method name="callService" desc="(Ljavax/json/JsonObject;)V" line="489"><counter type="INSTRUCTION" missed="138" covered="0"/><counter type="BRANCH" missed="8" covered="0"/><counter type="LINE" missed="23" covered="0"/><counter type="COMPLEXITY" missed="5" covered="0"/><counter type="METHOD" missed="1" covered="0"/></method><method name="stateChanged" desc="(Ljavax/json/JsonObject;)V" line="551"><counter type="INSTRUCTION" missed="115" covered="0"/><counter type="BRANCH" missed="8" covered="0"/><counter type="LINE" missed="21" covered="0"/><counter type="COMPLEXITY" missed="5" covered="0"/><counter type="METHOD" missed="1" covered="0"/></method><method name="resolveEntity" desc="(Ljava/lang/String;)Ljava/lang/Object;" line="618"><counter type="INSTRUCTION" missed="241" covered="0"/><counter type="BRANCH" missed="16" covered="0"/><counter type="LINE" missed="34" covered="0"/><counter type="COMPLEXITY" missed="9" covered="0"/><counter type="METHOD" missed="1" covered="0"/></method><method name="deliveryComplete" desc="(Lorg/eclipse/paho/client/mqttv3/IMqttDeliveryToken;)V" line="704"><counter type="INSTRUCTION" missed="1" covered="0"/><counter type="LINE" missed="1" covered="0"/><counter type="COMPLEXITY" missed="1" covered="0"/><counter type="METHOD" missed="1" covered="0"/></method><counter type="INSTRUCTION" missed="645" covered="0"/><counter type="BRANCH" missed="39" covered="0"/><counter type="LINE" missed="103" covered="0"/><counter type="COMPLEXITY" missed="27" covered="0"/><counter type="METHOD" missed="7" covered="0"/><counter type="CLASS" missed="1" covered="0"/></class><class name="net/sf/dz3/view/mqtt/v1/ThermostatFactory" sourcefilename="ThermostatFactory.java"><method name="&lt;init&gt;" desc="(Lnet/sf/dz3/scheduler/Scheduler;)V" line="21"><counter type="INSTRUCTION" missed="19" covered="0"/><counter type="BRANCH" missed="2" covered="0"/><counter type="LINE" missed="5" covered="0"/><counter type="COMPLEXITY" missed="2" covered="0"/><counter type="METHOD" missed="1" covered="0"/></method><method name="createComponent" desc="(Ljava/lang/Object;Ljava/util/Map;)Lnet/sf/dz3/view/mqtt/v1/JsonRenderer;" line="35"><counter type="INSTRUCTION" missed="9" covered="0"/><counter type="LINE" missed="1" covered="0"/><counter type="COMPLEXITY" missed="1" covered="0"/><counter type="METHOD" missed="1" covered="0"/></method><method name="getSourceClass" desc="()Ljava/lang/Class;" line="41"><counter type="INSTRUCTION" missed="2" covered="0"/><counter type="LINE" missed="1" covered="0"/><counter type="COMPLEXITY" missed="1" covered="0"/><counter type="METHOD" missed="1" covered="0"/></method><counter type="INSTRUCTION" missed="30" covered="0"/><counter type="BRANCH" missed="2" covered="0"/><counter type="LINE" missed="7" covered="0"/><counter type="COMPLEXITY" missed="4" covered="0"/><counter type="METHOD" missed="3" covered="0"/><counter type="CLASS" missed="1" covered="0"/></class><class name="net/sf/dz3/view/mqtt/v1/ZoneSnapshot" sourcefilename="ZoneSnapshot.java"><method name="&lt;init&gt;" desc="(JLjava/lang/String;Lnet/sf/dz3/device/model/HvacMode;Lnet/sf/dz3/device/model/ZoneState;DDDZZZLjava/lang/String;DZZLjava/lang/String;)V" line="87"><counter type="INSTRUCTION" missed="48" covered="0"/><counter type="LINE" missed="17" covered="0"/><counter type="COMPLEXITY" missed="1" covered="0"/><counter type="METHOD" missed="1" covered="0"/></method><method name="compareTo" desc="(Lnet/sf/dz3/view/mqtt/v1/ZoneSnapshot;)I" line="111"><counter type="INSTRUCTION" missed="30" covered="0"/><counter type="LINE" missed="3" covered="0"/><counter type="COMPLEXITY" missed="1" covered="0"/><counter type="METHOD" missed="1" covered="0"/></method><method name="equals" desc="(Ljava/lang/Object;)Z" line="120"><counter type="INSTRUCTION" missed="10" covered="0"/><counter type="BRANCH" missed="2" covered="0"/><counter type="LINE" missed="3" covered="0"/><counter type="COMPLEXITY" missed="2" covered="0"/><counter type="METHOD" missed="1" covered="0"/></method><method name="hashCode" desc="()I" line="129"><counter type="INSTRUCTION" missed="4" covered="0"/><counter type="LINE" missed="1" covered="0"/><counter type="COMPLEXITY" missed="1" covered="0"/><counter type="METHOD" missed="1" covered="0"/></method><method name="toString" desc="()Ljava/lang/String;" line="135"><counter type="INSTRUCTION" missed="129" covered="0"/><counter type="BRANCH" missed="16" covered="0"/><counter type="LINE" missed="17" covered="0"/><counter type="COMPLEXITY" missed="9" covered="0"/><counter type="METHOD" missed="1" covered="0"/></method><counter type="INSTRUCTION" missed="221" covered="0"/><counter type="BRANCH" missed="18" covered="0"/><counter type="LINE" missed="41" covered="0"/><counter type="COMPLEXITY" missed="14" covered="0"/><counter type="METHOD" missed="5" covered="0"/><counter type="CLASS" missed="1" covered="0"/></class><class name="net/sf/dz3/view/mqtt/v1/AbstractExchanger" sourcefilename="AbstractExchanger.java"><method name="&lt;init&gt;" desc="(Ljava/util/concurrent/BlockingQueue;)V" line="10"><counter type="INSTRUCTION" missed="11" covered="0"/><counter type="LINE" missed="4" covered="0"/><counter type="COMPLEXITY" missed="1" covered="0"/><counter type="METHOD" missed="1" covered="0"/></method><counter type="INSTRUCTION" missed="11" covered="0"/><counter type="LINE" missed="4" covered="0"/><counter type="COMPLEXITY" missed="1" covered="0"/><counter type="METHOD" missed="1" covered="0"/><counter type="CLASS" missed="1" covered="0"/></class><class name="net/sf/dz3/view/mqtt/v1/MqttDeviceFactory$Device" sourcefilename="MqttDeviceFactory.java"><method name="&lt;init&gt;" desc="(Lnet/sf/dz3/view/mqtt/v1/MqttDeviceFactory;Ljava/lang/String;)V" line="425"><counter type="INSTRUCTION" missed="0" covered="32"/><counter type="LINE" missed="0" covered="6"/><counter type="COMPLEXITY" missed="0" covered="1"/><counter type="METHOD" missed="0" covered="1"/></method><method name="getAddress" desc="()Ljava/lang/String;" line="444"><counter type="INSTRUCTION" missed="0" covered="3"/><counter type="LINE" missed="0" covered="1"/><counter type="COMPLEXITY" missed="0" covered="1"/><counter type="METHOD" missed="0" covered="1"/></method><method name="addConsumer" desc="(Lnet/sf/jukebox/datastream/signal/model/DataSink;)V" line="449"><counter type="INSTRUCTION" missed="0" covered="5"/><counter type="LINE" missed="0" covered="2"/><counter type="COMPLEXITY" missed="0" covered="1"/><counter type="METHOD" missed="0" covered="1"/></method><method name="removeConsumer" desc="(Lnet/sf/jukebox/datastream/signal/model/DataSink;)V" line="454"><counter type="INSTRUCTION" missed="0" covered="5"/><counter type="LINE" missed="0" covered="2"/><counter type="COMPLEXITY" missed="0" covered="1"/><counter type="METHOD" missed="0" covered="1"/></method><method name="inject" desc="(Lnet/sf/jukebox/datastream/signal/model/DataSample;)V" line="458"><counter type="INSTRUCTION" missed="0" covered="9"/><counter type="LINE" missed="0" covered="3"/><counter type="COMPLEXITY" missed="0" covered="1"/><counter type="METHOD" missed="0" covered="1"/></method><method name="getStatus" desc="()Lnet/sf/jukebox/datastream/signal/model/DataSample;" line="463"><counter type="INSTRUCTION" missed="0" covered="3"/><counter type="LINE" missed="0" covered="1"/><counter type="COMPLEXITY" missed="0" covered="1"/><counter type="METHOD" missed="0" covered="1"/></method><counter type="INSTRUCTION" missed="0" covered="57"/><counter type="LINE" missed="0" covered="15"/><counter type="COMPLEXITY" missed="0" covered="6"/><counter type="METHOD" missed="0" covered="6"/><counter type="CLASS" missed="0" covered="1"/></class><class name="net/sf/dz3/view/mqtt/v1/MqttConnector$UpstreamBlockExchanger" sourcefilename="MqttConnector.java"><method name="&lt;init&gt;" desc="(Lnet/sf/dz3/view/mqtt/v1/MqttConnector;Ljava/lang/String;ILjava/lang/String;Ljava/util/concurrent/BlockingQueue;)V" line="370"><counter type="INSTRUCTION" missed="10" covered="0"/><counter type="LINE" missed="4" covered="0"/><counter type="COMPLEXITY" missed="1" covered="0"/><counter type="METHOD" missed="1" covered="0"/></method><method name="send" desc="(Lnet/sf/dz3/view/mqtt/v1/UpstreamBlock;)V" line="379"><counter type="INSTRUCTION" missed="66" covered="0"/><counter type="LINE" missed="10" covered="0"/><counter type="COMPLEXITY" missed="1" covered="0"/><counter type="METHOD" missed="1" covered="0"/></method><counter type="INSTRUCTION" missed="76" covered="0"/><counter type="LINE" missed="14" covered="0"/><counter type="COMPLEXITY" missed="2" covered="0"/><counter type="METHOD" missed="2" covered="0"/><counter type="CLASS" missed="1" covered="0"/></class><class name="net/sf/dz3/view/mqtt/v1/SwitchRenderer" sourcefilename="SwitchRenderer.java"><method name="&lt;init&gt;" desc="(Lnet/sf/dz3/device/sensor/Switch;Ljava/util/Map;)V" line="27"><counter type="INSTRUCTION" missed="10" covered="0"/><counter type="LINE" missed="4" covered="0"/><counter type="COMPLEXITY" missed="1" covered="0"/><counter type="METHOD" missed="1" covered="0"/></method><method name="getTopic" desc="()Ljava/lang/String;" line="38"><counter type="INSTRUCTION" missed="11" covered="0"/><counter type="LINE" missed="1" covered="0"/><counter type="COMPLEXITY" missed="1" covered="0"/><counter type="METHOD" missed="1" covered="0"/></method><method name="consume" desc="(Lnet/sf/jukebox/datastream/signal/model/DataSample;)V" line="43"><counter type="INSTRUCTION" missed="11" covered="0"/><counter type="LINE" missed="2" covered="0"/><counter type="COMPLEXITY" missed="1" covered="0"/><counter type="METHOD" missed="1" covered="0"/></method><method name="render" desc="(Lnet/sf/jukebox/datastream/signal/model/DataSample;)Ljava/lang/String;" line="52"><counter type="INSTRUCTION" missed="103" covered="0"/><counter type="BRANCH" missed="2" covered="0"/><counter type="LINE" missed="19" covered="0"/><counter type="COMPLEXITY" missed="2" covered="0"/><counter type="METHOD" missed="1" covered="0"/></method><counter type="INSTRUCTION" missed="135" covered="0"/><counter type="BRANCH" missed="2" covered="0"/><counter type="LINE" missed="26" covered="0"/><counter type="COMPLEXITY" missed="5" covered="0"/><counter type="METHOD" missed="4" covered="0"/><counter type="CLASS" missed="1" covered="0"/></class><class name="net/sf/dz3/view/mqtt/v1/SwitchFactory" sourcefilename="SwitchFactory.java"><method name="&lt;init&gt;" desc="()V" line="11"><counter type="INSTRUCTION" missed="3" covered="0"/><counter type="LINE" missed="1" covered="0"/><counter type="COMPLEXITY" missed="1" covered="0"/><counter type="METHOD" missed="1" covered="0"/></method><method name="createComponent" desc="(Ljava/lang/Object;Ljava/util/Map;)Lnet/sf/dz3/view/mqtt/v1/JsonRenderer;" line="16"><counter type="INSTRUCTION" missed="7" covered="0"/><counter type="LINE" missed="1" covered="0"/><counter type="COMPLEXITY" missed="1" covered="0"/><counter type="METHOD" missed="1" covered="0"/></method><method name="getSourceClass" desc="()Ljava/lang/Class;" line="22"><counter type="INSTRUCTION" missed="2" covered="0"/><counter type="LINE" missed="1" covered="0"/><counter type="COMPLEXITY" missed="1" covered="0"/><counter type="METHOD" missed="1" covered="0"/></method><counter type="INSTRUCTION" missed="12" covered="0"/><counter type="LINE" missed="3" covered="0"/><counter type="COMPLEXITY" missed="3" covered="0"/><counter type="METHOD" missed="3" covered="0"/><counter type="CLASS" missed="1" covered="0"/></class><class name="net/sf/dz3/view/mqtt/v1/ImmediateExchanger" sourcefilename="ImmediateExchanger.java"><method name="&lt;init&gt;" desc="(Ljava/util/concurrent/BlockingQueue;)V" line="11"><counter type="INSTRUCTION" missed="4" covered="0"/><counter type="LINE" missed="2" covered="0"/><counter type="COMPLEXITY" missed="1" covered="0"/><counter type="METHOD" missed="1" covered="0"/></method><method name="run" desc="()V" line="19"><counter type="INSTRUCTION" missed="23" covered="0"/><counter type="LINE" missed="9" covered="0"/><counter type="COMPLEXITY" missed="1" covered="0"/><counter type="METHOD" missed="1" covered="0"/></method><method name="exchange" desc="(Ljava/lang/Object;)V" line="59"><counter type="INSTRUCTION" missed="8" covered="0"/><counter type="LINE" missed="4" covered="0"/><counter type="COMPLEXITY" missed="1" covered="0"/><counter type="METHOD" missed="1" covered="0"/></method><counter type="INSTRUCTION" missed="35" covered="0"/><counter type="LINE" missed="15" covered="0"/><counter type="COMPLEXITY" missed="3" covered="0"/><counter type="METHOD" missed="3" covered="0"/><counter type="CLASS" missed="1" covered="0"/></class><class name="net/sf/dz3/view/mqtt/v1/MqttDeviceFactory$Callback" sourcefilename="MqttDeviceFactory.java"><method name="&lt;init&gt;" desc="(Lnet/sf/dz3/view/mqtt/v1/MqttDeviceFactory;)V" line="353"><counter type="INSTRUCTION" missed="0" covered="6"/><counter type="LINE" missed="0" covered="1"/><counter type="COMPLEXITY" missed="0" covered="1"/><counter type="METHOD" missed="0" covered="1"/></method><method name="connectionLost" desc="(Ljava/lang/Throwable;)V" line="357"><counter type="INSTRUCTION" missed="5" covered="0"/><counter type="LINE" missed="1" covered="0"/><counter type="COMPLEXITY" missed="1" covered="0"/><counter type="METHOD" missed="1" covered="0"/></method><method name="messageArrived" desc="(Ljava/lang/String;Lorg/eclipse/paho/client/mqttv3/MqttMessage;)V" line="362"><counter type="INSTRUCTION" missed="35" covered="0"/><counter type="LINE" missed="8" covered="0"/><counter type="COMPLEXITY" missed="1" covered="0"/><counter type="METHOD" missed="1" covered="0"/></method><method name="deliveryComplete" desc="(Lorg/eclipse/paho/client/mqttv3/IMqttDeliveryToken;)V" line="387"><counter type="INSTRUCTION" missed="1" covered="0"/><counter type="LINE" missed="1" covered="0"/><counter type="COMPLEXITY" missed="1" covered="0"/><counter type="METHOD" missed="1" covered="0"/></method><counter type="INSTRUCTION" missed="41" covered="6"/><counter type="LINE" missed="10" covered="1"/><counter type="COMPLEXITY" missed="3" covered="1"/><counter type="METHOD" missed="3" covered="1"/><counter type="CLASS" missed="0" covered="1"/></class><class name="net/sf/dz3/view/mqtt/v1/SensorRenderer" sourcefilename="SensorRenderer.java"><method name="&lt;init&gt;" desc="(Lnet/sf/dz3/device/sensor/AnalogSensor;Ljava/util/Map;)V" line="27"><counter type="INSTRUCTION" missed="10" covered="0"/><counter type="LINE" missed="4" covered="0"/><counter type="COMPLEXITY" missed="1" covered="0"/><counter type="METHOD" missed="1" covered="0"/></method><method name="getTopic" desc="()Ljava/lang/String;" line="38"><counter type="INSTRUCTION" missed="11" covered="0"/><counter type="LINE" missed="1" covered="0"/><counter type="COMPLEXITY" missed="1" covered="0"/><counter type="METHOD" missed="1" covered="0"/></method><method name="consume" desc="(Lnet/sf/jukebox/datastream/signal/model/DataSample;)V" line="43"><counter type="INSTRUCTION" missed="11" covered="0"/><counter type="LINE" missed="2" covered="0"/><counter type="COMPLEXITY" missed="1" covered="0"/><counter type="METHOD" missed="1" covered="0"/></method><method name="render" desc="(Lnet/sf/jukebox/datastream/signal/model/DataSample;)Ljava/lang/String;" line="52"><counter type="INSTRUCTION" missed="63" covered="0"/><counter type="BRANCH" missed="2" covered="0"/><counter type="LINE" missed="14" covered="0"/><counter type="COMPLEXITY" missed="2" covered="0"/><counter type="METHOD" missed="1" covered="0"/></method><counter type="INSTRUCTION" missed="95" covered="0"/><counter type="BRANCH" missed="2" covered="0"/><counter type="LINE" missed="21" covered="0"/><counter type="COMPLEXITY" missed="5" covered="0"/><counter type="METHOD" missed="4" covered="0"/><counter type="CLASS" missed="1" covered="0"/></class><class name="net/sf/dz3/view/mqtt/v1/MqttConnector" sourcefilename="MqttConnector.java"><method name="&lt;init&gt;" desc="(Ljava/lang/String;Ljava/lang/String;Ljava/lang/String;Ljava/util/Set;)V" line="85"><counter type="INSTRUCTION" missed="11" covered="0"/><counter type="LINE" missed="2" covered="0"/><counter type="COMPLEXITY" missed="1" covered="0"/><counter type="METHOD" missed="1" covered="0"/></method><method name="&lt;init&gt;" desc="(Ljava/lang/String;ILjava/lang/String;Ljava/lang/String;Ljava/util/Set;)V" line="102"><counter type="INSTRUCTION" missed="11" covered="0"/><counter type="LINE" missed="2" covered="0"/><counter type="COMPLEXITY" missed="1" covered="0"/><counter type="METHOD" missed="1" covered="0"/></method><method name="&lt;init&gt;" desc="(Ljava/lang/String;Ljava/lang/String;Ljava/lang/String;Ljava/lang/String;Ljava/lang/String;Ljava/util/Set;)V" line="122"><counter type="INSTRUCTION" missed="11" covered="0"/><counter type="LINE" missed="2" covered="0"/><counter type="COMPLEXITY" missed="1" covered="0"/><counter type="METHOD" missed="1" covered="0"/></method><method name="&lt;init&gt;" desc="(Ljava/lang/String;ILjava/lang/String;Ljava/lang/String;Ljava/lang/String;Ljava/lang/String;Ljava/util/Set;)V" line="142"><counter type="INSTRUCTION" missed="11" covered="0"/><counter type="LINE" missed="2" covered="0"/><counter type="COMPLEXITY" missed="1" covered="0"/><counter type="METHOD" missed="1" covered="0"/></method><method name="&lt;init&gt;" desc="(Ljava/lang/String;Ljava/lang/String;Ljava/lang/String;Ljava/lang/String;Ljava/lang/String;Ljava/util/Set;Ljava/util/Set;)V" line="163"><counter type="INSTRUCTION" missed="11" covered="0"/><counter type="LINE" missed="2" covered="0"/><counter type="COMPLEXITY" missed="1" covered="0"/><counter type="METHOD" missed="1" covered="0"/></method><method name="&lt;init&gt;" desc="(Ljava/lang/String;ILjava/lang/String;Ljava/lang/String;Ljava/lang/String;Ljava/lang/String;Ljava/util/Set;Ljava/util/Set;)V" line="68"><counter type="INSTRUCTION" missed="51" covered="0"/><counter type="LINE" missed="8" covered="0"/><counter type="COMPLEXITY" missed="1" covered="0"/><counter type="METHOD" missed="1" covered="0"/></method><method name="checkTopics" desc="(Ljava/lang/String;Ljava/lang/String;)V" line="211"><counter type="INSTRUCTION" missed="30" covered="0"/><counter type="BRANCH" missed="8" covered="0"/><counter type="LINE" missed="5" covered="0"/><counter type="COMPLEXITY" missed="5" covered="0"/><counter type="METHOD" missed="1" covered="0"/></method><method name="resolveScheduler" desc="(Ljava/util/Set;)Lnet/sf/dz3/scheduler/Scheduler;" line="226"><counter type="INSTRUCTION" missed="33" covered="0"/><counter type="BRANCH" missed="4" covered="0"/><counter type="LINE" missed="8" covered="0"/><counter type="COMPLEXITY" missed="3" covered="0"/><counter type="METHOD" missed="1" covered="0"/></method><method name="getJmxDescriptor" desc="()Lnet/sf/jukebox/jmx/JmxDescriptor;" line="245"><counter type="INSTRUCTION" missed="47" covered="0"/><counter type="BRANCH" missed="2" covered="0"/><counter type="LINE" missed="3" covered="0"/><counter type="COMPLEXITY" missed="2" covered="0"/><counter type="METHOD" missed="1" covered="0"/></method><method name="createContext" desc="()Ljava/util/Map;" line="258"><counter type="INSTRUCTION" missed="12" covered="0"/><counter type="LINE" missed="3" covered="0"/><counter type="COMPLEXITY" missed="1" covered="0"/><counter type="METHOD" missed="1" covered="0"/></method><method name="activate2" desc="()V" line="269"><counter type="INSTRUCTION" missed="16" covered="0"/><counter type="LINE" missed="7" covered="0"/><counter type="COMPLEXITY" missed="1" covered="0"/><counter type="METHOD" missed="1" covered="0"/></method><method name="flush" desc="()V" line="289"><counter type="INSTRUCTION" missed="41" covered="0"/><counter type="BRANCH" missed="4" covered="0"/><counter type="LINE" missed="10" covered="0"/><counter type="COMPLEXITY" missed="3" covered="0"/><counter type="METHOD" missed="1" covered="0"/></method><method name="flush" desc="(Lnet/sf/dz3/device/sensor/Switch;)V" line="324"><counter type="INSTRUCTION" missed="26" covered="0"/><counter type="LINE" missed="7" covered="0"/><counter type="COMPLEXITY" missed="1" covered="0"/><counter type="METHOD" missed="1" covered="0"/></method><method name="startExchanger" desc="()V" line="340"><counter type="INSTRUCTION" missed="24" covered="0"/><counter type="LINE" missed="3" covered="0"/><counter type="COMPLEXITY" missed="1" covered="0"/><counter type="METHOD" missed="1" covered="0"/></method><method name="deactivate2" desc="()V" line="348"><counter type="INSTRUCTION" missed="17" covered="0"/><counter type="LINE" missed="7" covered="0"/><counter type="COMPLEXITY" missed="1" covered="0"/><counter type="METHOD" missed="1" covered="0"/></method><counter type="INSTRUCTION" missed="352" covered="0"/><counter type="BRANCH" missed="18" covered="0"/><counter type="LINE" missed="71" covered="0"/><counter type="COMPLEXITY" missed="24" covered="0"/><counter type="METHOD" missed="15" covered="0"/><counter type="CLASS" missed="1" covered="0"/></class><class name="net/sf/dz3/view/mqtt/v1/MqttContext" sourcefilename="MqttContext.java"><method name="&lt;init&gt;" desc="(Ljava/lang/String;ILjava/lang/String;Ljava/lang/String;Ljava/lang/String;Ljava/lang/String;Lorg/eclipse/paho/client/mqttv3/MqttCallback;)V" line="43"><counter type="INSTRUCTION" missed="34" covered="59"/><counter type="BRANCH" missed="4" covered="2"/><counter type="LINE" missed="2" covered="15"/><counter type="COMPLEXITY" missed="3" covered="1"/><counter type="METHOD" missed="0" covered="1"/></method><method name="start" desc="()V" line="113"><counter type="INSTRUCTION" missed="0" covered="41"/><counter type="LINE" missed="0" covered="12"/><counter type="COMPLEXITY" missed="0" covered="1"/><counter type="METHOD" missed="0" covered="1"/></method><method name="publish" desc="(Ljava/lang/String;Lorg/eclipse/paho/client/mqttv3/MqttMessage;)V" line="136"><counter type="INSTRUCTION" missed="6" covered="0"/><counter type="LINE" missed="2" covered="0"/><counter type="COMPLEXITY" missed="1" covered="0"/><counter type="METHOD" missed="1" covered="0"/></method><method name="disconnect" desc="()V" line="140"><counter type="INSTRUCTION" missed="4" covered="0"/><counter type="LINE" missed="2" covered="0"/><counter type="COMPLEXITY" missed="1" covered="0"/><counter type="METHOD" missed="1" covered="0"/></method><method name="close" desc="()V" line="144"><counter type="INSTRUCTION" missed="0" covered="7"/><counter type="LINE" missed="0" covered="3"/><counter type="COMPLEXITY" missed="0" covered="1"/><counter type="METHOD" missed="0" covered="1"/></method><method name="reconnect" desc="()V" line="153"><counter type="INSTRUCTION" missed="28" covered="0"/><counter type="BRANCH" missed="2" covered="0"/><counter type="LINE" missed="10" covered="0"/><counter type="COMPLEXITY" missed="2" covered="0"/><counter type="METHOD" missed="1" covered="0"/></method><counter type="INSTRUCTION" missed="72" covered="107"/><counter type="BRANCH" missed="6" covered="2"/><counter type="LINE" missed="16" covered="30"/><counter type="COMPLEXITY" missed="7" covered="3"/><counter type="METHOD" missed="3" covered="3"/><counter type="CLASS" missed="0" covered="1"/></class><class name="net/sf/dz3/view/mqtt/v1/MqttContext$JsonTag" sourcefilename="MqttContext.java"><method name="&lt;init&gt;" desc="(Ljava/lang/String;ILjava/lang/String;)V" line="38"><counter type="INSTRUCTION" missed="0" covered="8"/><counter type="LINE" missed="0" covered="3"/><counter type="COMPLEXITY" missed="0" covered="1"/><counter type="METHOD" missed="0" covered="1"/></method><method name="&lt;clinit&gt;" desc="()V" line="25"><counter type="INSTRUCTION" missed="0" covered="92"/><counter type="LINE" missed="0" covered="9"/><counter type="COMPLEXITY" missed="0" covered="1"/><counter type="METHOD" missed="0" covered="1"/></method><counter type="INSTRUCTION" missed="0" covered="100"/><counter type="LINE" missed="0" covered="12"/><counter type="COMPLEXITY" missed="0" covered="2"/><counter type="METHOD" missed="0" covered="2"/><counter type="CLASS" missed="0" covered="1"/></class><class name="net/sf/dz3/view/mqtt/v1/MqttDeviceFactory$Sensor" sourcefilename="MqttDeviceFactory.java"><method name="&lt;init&gt;" desc="(Lnet/sf/dz3/view/mqtt/v1/MqttDeviceFactory;Ljava/lang/String;)V" line="469"><counter type="INSTRUCTION" missed="0" covered="8"/><counter type="LINE" missed="0" covered="3"/><counter type="COMPLEXITY" missed="0" covered="1"/><counter type="METHOD" missed="0" covered="1"/></method><method name="getJmxDescriptor" desc="()Lnet/sf/jukebox/jmx/JmxDescriptor;" line="475"><counter type="INSTRUCTION" missed="11" covered="49"/><counter type="BRANCH" missed="1" covered="1"/><counter type="LINE" missed="0" covered="7"/><counter type="COMPLEXITY" missed="1" covered="1"/><counter type="METHOD" missed="0" covered="1"/></method><method name="getSignal" desc="()Lnet/sf/jukebox/datastream/signal/model/DataSample;" line="487"><counter type="INSTRUCTION" missed="0" covered="3"/><counter type="LINE" missed="0" covered="1"/><counter type="COMPLEXITY" missed="0" covered="1"/><counter type="METHOD" missed="0" covered="1"/></method><counter type="INSTRUCTION" missed="11" covered="60"/><counter type="BRANCH" missed="1" covered="1"/><counter type="LINE" missed="0" covered="11"/><counter type="COMPLEXITY" missed="1" covered="3"/><counter type="METHOD" missed="0" covered="3"/><counter type="CLASS" missed="0" covered="1"/></class><class name="net/sf/dz3/view/mqtt/v1/MqttDeviceFactory" sourcefilename="MqttDeviceFactory.java"><method name="&lt;init&gt;" desc="(Ljava/lang/String;Ljava/lang/String;Ljava/lang/String;)V" line="87"><counter type="INSTRUCTION" missed="0" covered="9"/><counter type="LINE" missed="0" covered="2"/><counter type="COMPLEXITY" missed="0" covered="1"/><counter type="METHOD" missed="0" covered="1"/></method><method name="&lt;init&gt;" desc="(Ljava/lang/String;ILjava/lang/String;Ljava/lang/String;)V" line="103"><counter type="INSTRUCTION" missed="9" covered="0"/><counter type="LINE" missed="2" covered="0"/><counter type="COMPLEXITY" missed="1" covered="0"/><counter type="METHOD" missed="1" covered="0"/></method><method name="&lt;init&gt;" desc="(Ljava/lang/String;Ljava/lang/String;Ljava/lang/String;Ljava/lang/String;Ljava/lang/String;)V" line="122"><counter type="INSTRUCTION" missed="0" covered="9"/><counter type="LINE" missed="0" covered="2"/><counter type="COMPLEXITY" missed="0" covered="1"/><counter type="METHOD" missed="0" covered="1"/></method><method name="&lt;init&gt;" desc="(Ljava/lang/String;ILjava/lang/String;Ljava/lang/String;Ljava/lang/String;Ljava/lang/String;)V" line="58"><counter type="INSTRUCTION" missed="0" covered="62"/><counter type="LINE" missed="0" covered="10"/><counter type="COMPLEXITY" missed="0" covered="1"/><counter type="METHOD" missed="0" covered="1"/></method><method name="getSensor" desc="(Ljava/lang/String;)Lnet/sf/dz3/device/sensor/AnalogSensor;" line="157"><counter type="INSTRUCTION" missed="0" covered="6"/><counter type="LINE" missed="0" covered="1"/><counter type="COMPLEXITY" missed="0" covered="1"/><counter type="METHOD" missed="0" covered="1"/></method><method name="getSwitch" desc="(Ljava/lang/String;)Lnet/sf/dz3/device/sensor/Switch;" line="162"><counter type="INSTRUCTION" missed="0" covered="5"/><counter type="LINE" missed="0" covered="1"/><counter type="COMPLEXITY" missed="0" covered="1"/><counter type="METHOD" missed="0" covered="1"/></method><method name="close" desc="()V" line="169"><counter type="INSTRUCTION" missed="0" covered="20"/><counter type="LINE" missed="0" covered="7"/><counter type="COMPLEXITY" missed="0" covered="1"/><counter type="METHOD" missed="0" covered="1"/></method><method name="closeDevices" desc="()V" line="184"><counter type="INSTRUCTION" missed="0" covered="5"/><counter type="LINE" missed="0" covered="2"/><counter type="COMPLEXITY" missed="0" covered="1"/><counter type="METHOD" missed="0" covered="1"/></method><method name="powerOff" desc="()V" line="195"><counter type="INSTRUCTION" missed="6" covered="15"/><counter type="LINE" missed="2" covered="6"/><counter type="COMPLEXITY" missed="0" covered="1"/><counter type="METHOD" missed="0" covered="1"/></method><method name="getJmxDescriptor" desc="()Lnet/sf/jukebox/jmx/JmxDescriptor;" line="209"><counter type="INSTRUCTION" missed="10" covered="37"/><counter type="BRANCH" missed="1" covered="1"/><counter type="LINE" missed="0" covered="3"/><counter type="COMPLEXITY" missed="1" covered="1"/><counter type="METHOD" missed="0" covered="1"/></method><method name="refresh" desc="()V" line="222"><counter type="INSTRUCTION" missed="51" covered="0"/><counter type="BRANCH" missed="4" covered="0"/><counter type="LINE" missed="11" covered="0"/><counter type="COMPLEXITY" missed="3" covered="0"/><counter type="METHOD" missed="1" covered="0"/></method><method name="process" desc="([B)V" line="257"><counter type="INSTRUCTION" missed="0" covered="114"/><counter type="BRANCH" missed="2" covered="6"/><counter type="LINE" missed="0" covered="17"/><counter type="COMPLEXITY" missed="2" covered="3"/><counter type="METHOD" missed="0" covered="1"/></method><method name="checkFields" desc="(Ljava/lang/String;Lorg/apache/logging/log4j/Level;Ljava/util/List;[Ljava/lang/Object;)Z" line="312"><counter type="INSTRUCTION" missed="0" covered="36"/><counter type="BRANCH" missed="0" covered="4"/><counter type="LINE" missed="0" covered="10"/><counter type="COMPLEXITY" missed="0" covered="3"/><counter type="METHOD" missed="0" covered="1"/></method><method name="processSensorInput" desc="(Ljava/lang/String;Ljava/math/BigDecimal;Ljavax/json/JsonNumber;Ljavax/json/JsonString;Ljavax/json/JsonString;)V" line="334"><counter type="INSTRUCTION" missed="0" covered="37"/><counter type="BRANCH" missed="0" covered="2"/><counter type="LINE" missed="0" covered="10"/><counter type="COMPLEXITY" missed="0" covered="2"/><counter type="METHOD" missed="0" covered="1"/></method><method name="lambda$checkFields$0" desc="(Lorg/apache/logging/log4j/Level;Ljava/lang/String;)V" line="322"><counter type="INSTRUCTION" missed="0" covered="7"/><counter type="LINE" missed="0" covered="1"/><counter type="COMPLEXITY" missed="0" covered="1"/><counter type="METHOD" missed="0" covered="1"/></method><method name="&lt;clinit&gt;" desc="()V" line="247"><counter type="INSTRUCTION" missed="0" covered="39"/><counter type="LINE" missed="0" covered="2"/><counter type="COMPLEXITY" missed="0" covered="1"/><counter type="METHOD" missed="0" covered="1"/></method><counter type="INSTRUCTION" missed="76" covered="401"/><counter type="BRANCH" missed="7" covered="13"/><counter type="LINE" missed="15" covered="73"/><counter type="COMPLEXITY" missed="7" covered="19"/><counter type="METHOD" missed="2" covered="14"/><counter type="CLASS" missed="0" covered="1"/></class><class name="net/sf/dz3/view/mqtt/v1/MqttDeviceFactory$Watchdog" sourcefilename="MqttDeviceFactory.java"><method name="&lt;init&gt;" desc="(Lnet/sf/dz3/view/mqtt/v1/MqttDeviceFactory;)V" line="391"><counter type="INSTRUCTION" missed="0" covered="6"/><counter type="LINE" missed="0" covered="1"/><counter type="COMPLEXITY" missed="0" covered="1"/><counter type="METHOD" missed="0" covered="1"/></method><method name="run" desc="()V" line="395"><counter type="INSTRUCTION" missed="7" covered="19"/><counter type="LINE" missed="2" covered="7"/><counter type="COMPLEXITY" missed="0" covered="1"/><counter type="METHOD" missed="0" covered="1"/></method><method name="release" desc="()V" line="419"><counter type="INSTRUCTION" missed="3" covered="0"/><counter type="LINE" missed="2" covered="0"/><counter type="COMPLEXITY" missed="1" covered="0"/><counter type="METHOD" missed="1" covered="0"/></method><counter type="INSTRUCTION" missed="10" covered="25"/><counter type="LINE" missed="4" covered="8"/><counter type="COMPLEXITY" missed="1" covered="2"/><counter type="METHOD" missed="1" covered="2"/><counter type="CLASS" missed="0" covered="1"/></class><class name="net/sf/dz3/view/mqtt/v1/MqttConnector$EntityType" sourcefilename="MqttConnector.java"><method name="toString" desc="()Ljava/lang/String;" line="63"><counter type="INSTRUCTION" missed="4" covered="0"/><counter type="LINE" missed="1" covered="0"/><counter type="COMPLEXITY" missed="1" covered="0"/><counter type="METHOD" missed="1" covered="0"/></method><method name="&lt;clinit&gt;" desc="()V" line="55"><counter type="INSTRUCTION" missed="34" covered="0"/><counter type="LINE" missed="4" covered="0"/><counter type="COMPLEXITY" missed="1" covered="0"/><counter type="METHOD" missed="1" covered="0"/></method><counter type="INSTRUCTION" missed="38" covered="0"/><counter type="LINE" missed="5" covered="0"/><counter type="COMPLEXITY" missed="2" covered="0"/><counter type="METHOD" missed="2" covered="0"/><counter type="CLASS" missed="1" covered="0"/></class><class name="net/sf/dz3/view/mqtt/v1/SensorFactory" sourcefilename="SensorFactory.java"><method name="&lt;init&gt;" desc="()V" line="11"><counter type="INSTRUCTION" missed="3" covered="0"/><counter type="LINE" missed="1" covered="0"/><counter type="COMPLEXITY" missed="1" covered="0"/><counter type="METHOD" missed="1" covered="0"/></method><method name="createComponent" desc="(Ljava/lang/Object;Ljava/util/Map;)Lnet/sf/dz3/view/mqtt/v1/JsonRenderer;" line="16"><counter type="INSTRUCTION" missed="7" covered="0"/><counter type="LINE" missed="1" covered="0"/><counter type="COMPLEXITY" missed="1" covered="0"/><counter type="METHOD" missed="1" covered="0"/></method><method name="getSourceClass" desc="()Ljava/lang/Class;" line="22"><counter type="INSTRUCTION" missed="2" covered="0"/><counter type="LINE" missed="1" covered="0"/><counter type="COMPLEXITY" missed="1" covered="0"/><counter type="METHOD" missed="1" covered="0"/></method><counter type="INSTRUCTION" missed="12" covered="0"/><counter type="LINE" missed="3" covered="0"/><counter type="COMPLEXITY" missed="3" covered="0"/><counter type="METHOD" missed="3" covered="0"/><counter type="CLASS" missed="1" covered="0"/></class><class name="net/sf/dz3/view/mqtt/v1/QueueFeeder" sourcefilename="QueueFeeder.java"><method name="&lt;init&gt;" desc="(Ljava/util/Map;)V" line="20"><counter type="INSTRUCTION" missed="29" covered="0"/><counter type="BRANCH" missed="4" covered="0"/><counter type="LINE" missed="8" covered="0"/><counter type="COMPLEXITY" missed="3" covered="0"/><counter type="METHOD" missed="1" covered="0"/></method><method name="emit" desc="(Ljava/lang/Object;)V" line="56"><counter type="INSTRUCTION" missed="6" covered="0"/><counter type="LINE" missed="2" covered="0"/><counter type="COMPLEXITY" missed="1" covered="0"/><counter type="METHOD" missed="1" covered="0"/></method><method name="getMessageDigest" desc="(Ljava/lang/String;)Ljava/lang/String;" line="63"><counter type="INSTRUCTION" missed="5" covered="0"/><counter type="LINE" missed="1" covered="0"/><counter type="COMPLEXITY" missed="1" covered="0"/><counter type="METHOD" missed="1" covered="0"/></method><counter type="INSTRUCTION" missed="40" covered="0"/><counter type="BRANCH" missed="4" covered="0"/><counter type="LINE" missed="11" covered="0"/><counter type="COMPLEXITY" missed="5" covered="0"/><counter type="METHOD" missed="3" covered="0"/><counter type="CLASS" missed="1" covered="0"/></class><sourcefile name="SwitchFactory.java"><line nr="11" mi="3" ci="0" mb="0" cb="0"/><line nr="16" mi="7" ci="0" mb="0" cb="0"/><line nr="22" mi="2" ci="0" mb="0" cb="0"/><counter type="INSTRUCTION" missed="12" covered="0"/><counter type="LINE" missed="3" covered="0"/><counter type="COMPLEXITY" missed="3" covered="0"/><counter type="METHOD" missed="3" covered="0"/><counter type="CLASS" missed="1" covered="0"/></sourcefile><sourcefile name="ThermostatRenderer.java"><line nr="40" mi="3" ci="0" mb="0" cb="0"/><line nr="42" mi="3" ci="0" mb="0" cb="0"/><line nr="43" mi="3" ci="0" mb="0" cb="0"/><line nr="49" mi="3" ci="0" mb="0" cb="0"/><line nr="50" mi="1" ci="0" mb="0" cb="0"/><line nr="56" mi="11" ci="0" mb="0" cb="0"/><line nr="62" mi="10" ci="0" mb="0" cb="0"/><line nr="63" mi="1" ci="0" mb="0" cb="0"/><line nr="72" mi="3" ci="0" mb="2" cb="0"/><line nr="73" mi="2" ci="0" mb="0" cb="0"/><line nr="76" mi="6" ci="0" mb="0" cb="0"/><line nr="78" mi="2" ci="0" mb="2" cb="0"/><line nr="79" mi="2" ci="0" mb="0" cb="0"/><line nr="82" mi="3" ci="0" mb="0" cb="0"/><line nr="88" mi="4" ci="0" mb="0" cb="0"/><line nr="90" mi="12" ci="0" mb="2" cb="0"/><line nr="91" mi="21" ci="0" mb="6" cb="0"/><line nr="92" mi="8" ci="0" mb="0" cb="0"/><line nr="96" mi="5" ci="0" mb="0" cb="0"/><line nr="101" mi="2" ci="0" mb="2" cb="0"/><line nr="103" mi="5" ci="0" mb="0" cb="0"/><line nr="104" mi="3" ci="0" mb="0" cb="0"/><line nr="106" mi="3" ci="0" mb="2" cb="0"/><line nr="108" mi="5" ci="0" mb="0" cb="0"/><line nr="109" mi="3" ci="0" mb="0" cb="0"/><line nr="113" mi="5" ci="0" mb="0" cb="0"/><line nr="116" mi="5" ci="0" mb="0" cb="0"/><line nr="117" mi="5" ci="0" mb="0" cb="0"/><line nr="118" mi="5" ci="0" mb="0" cb="0"/><line nr="119" mi="5" ci="0" mb="0" cb="0"/><line nr="120" mi="9" ci="0" mb="2" cb="0"/><line nr="122" mi="3" ci="0" mb="0" cb="0"/><line nr="124" mi="24" ci="0" mb="2" cb="0"/><line nr="126" mi="2" ci="0" mb="0" cb="0"/><line nr="128" mi="6" ci="0" mb="0" cb="0"/><line nr="129" mi="6" ci="0" mb="0" cb="0"/><line nr="130" mi="5" ci="0" mb="0" cb="0"/><line nr="131" mi="6" ci="0" mb="0" cb="0"/><line nr="132" mi="6" ci="0" mb="0" cb="0"/><line nr="133" mi="6" ci="0" mb="0" cb="0"/><line nr="134" mi="5" ci="0" mb="0" cb="0"/><line nr="135" mi="5" ci="0" mb="0" cb="0"/><line nr="136" mi="5" ci="0" mb="0" cb="0"/><line nr="137" mi="5" ci="0" mb="0" cb="0"/><line nr="138" mi="5" ci="0" mb="0" cb="0"/><line nr="139" mi="5" ci="0" mb="0" cb="0"/><line nr="141" mi="2" ci="0" mb="2" cb="0"/><line nr="142" mi="5" ci="0" mb="0" cb="0"/><line nr="145" mi="6" ci="0" mb="0" cb="0"/><line nr="146" mi="6" ci="0" mb="0" cb="0"/><line nr="147" mi="6" ci="0" mb="0" cb="0"/><line nr="149" mi="2" ci="0" mb="2" cb="0"/><line nr="150" mi="5" ci="0" mb="0" cb="0"/><line nr="153" mi="3" ci="0" mb="0" cb="0"/><line nr="154" mi="4" ci="0" mb="0" cb="0"/><line nr="155" mi="3" ci="0" mb="0" cb="0"/><line nr="157" mi="3" ci="0" mb="0" cb="0"/><line nr="158" mi="2" ci="0" mb="0" cb="0"/><line nr="160" mi="3" ci="0" mb="0" cb="0"/><counter type="INSTRUCTION" missed="302" covered="0"/><counter type="BRANCH" missed="24" covered="0"/><counter type="LINE" missed="59" covered="0"/><counter type="COMPLEXITY" missed="17" covered="0"/><counter type="METHOD" missed="5" covered="0"/><counter type="CLASS" missed="1" covered="0"/></sourcefile><sourcefile name="UpstreamBlock.java"><line nr="26" mi="2" ci="0" mb="0" cb="0"/><line nr="28" mi="3" ci="0" mb="0" cb="0"/><line nr="29" mi="3" ci="0" mb="0" cb="0"/><line nr="30" mi="1" ci="0" mb="0" cb="0"/><line nr="35" mi="4" ci="0" mb="0" cb="0"/><line nr="37" mi="9" ci="0" mb="0" cb="0"/><line nr="38" mi="5" ci="0" mb="0" cb="0"/><line nr="40" mi="3" ci="0" mb="0" cb="0"/><counter type="INSTRUCTION" missed="30" covered="0"/><counter type="LINE" missed="8" covered="0"/><counter type="COMPLEXITY" missed="2" covered="0"/><counter type="METHOD" missed="2" covered="0"/><counter type="CLASS" missed="1" covered="0"/></sourcefile><sourcefile name="ZoneSnapshot.java"><line nr="87" mi="2" ci="0" mb="0" cb="0"/><line nr="89" mi="3" ci="0" mb="0" cb="0"/><line nr="90" mi="3" ci="0" mb="0" cb="0"/><line nr="91" mi="3" ci="0" mb="0" cb="0"/><line nr="92" mi="3" ci="0" mb="0" cb="0"/><line nr="93" mi="3" ci="0" mb="0" cb="0"/><line nr="94" mi="3" ci="0" mb="0" cb="0"/><line nr="95" mi="3" ci="0" mb="0" cb="0"/><line nr="96" mi="3" ci="0" mb="0" cb="0"/><line nr="97" mi="3" ci="0" mb="0" cb="0"/><line nr="98" mi="3" ci="0" mb="0" cb="0"/><line nr="99" mi="3" ci="0" mb="0" cb="0"/><line nr="100" mi="3" ci="0" mb="0" cb="0"/><line nr="101" mi="3" ci="0" mb="0" cb="0"/><line nr="102" mi="3" ci="0" mb="0" cb="0"/><line nr="103" mi="3" ci="0" mb="0" cb="0"/><line nr="104" mi="1" ci="0" mb="0" cb="0"/><line nr="111" mi="13" ci="0" mb="0" cb="0"/><line nr="112" mi="13" ci="0" mb="0" cb="0"/><line nr="114" mi="4" ci="0" mb="0" cb="0"/><line nr="120" mi="2" ci="0" mb="2" cb="0"/><line nr="121" mi="2" ci="0" mb="0" cb="0"/><line nr="124" mi="6" ci="0" mb="0" cb="0"/><line nr="129" mi="4" ci="0" mb="0" cb="0"/><line nr="135" mi="4" ci="0" mb="0" cb="0"/><line nr="137" mi="10" ci="0" mb="0" cb="0"/><line nr="138" mi="7" ci="0" mb="0" cb="0"/><line nr="139" mi="7" ci="0" mb="0" cb="0"/><line nr="140" mi="7" ci="0" mb="0" cb="0"/><line nr="141" mi="7" ci="0" mb="0" cb="0"/><line nr="142" mi="9" ci="0" mb="2" cb="0"/><line nr="143" mi="9" ci="0" mb="2" cb="0"/><line nr="144" mi="9" ci="0" mb="2" cb="0"/><line nr="146" mi="3" ci="0" mb="2" cb="0"/><line nr="147" mi="7" ci="0" mb="0" cb="0"/><line nr="150" mi="19" ci="0" mb="2" cb="0"/><line nr="152" mi="9" ci="0" mb="2" cb="0"/><line nr="153" mi="9" ci="0" mb="2" cb="0"/><line nr="155" mi="3" ci="0" mb="2" cb="0"/><line nr="156" mi="7" ci="0" mb="0" cb="0"/><line nr="159" mi="3" ci="0" mb="0" cb="0"/><counter type="INSTRUCTION" missed="221" covered="0"/><counter type="BRANCH" missed="18" covered="0"/><counter type="LINE" missed="41" covered="0"/><counter type="COMPLEXITY" missed="14" covered="0"/><counter type="METHOD" missed="5" covered="0"/><counter type="CLASS" missed="1" covered="0"/></sourcefile><sourcefile name="MqttConnector.java"><line nr="55" mi="16" ci="0" mb="0" cb="0"/><line nr="57" mi="6" ci="0" mb="0" cb="0"/><line nr="58" mi="6" ci="0" mb="0" cb="0"/><line nr="59" mi="6" ci="0" mb="0" cb="0"/><line nr="63" mi="4" ci="0" mb="0" cb="0"/><line nr="68" mi="5" ci="0" mb="0" cb="0"/><line nr="85" mi="10" ci="0" mb="0" cb="0"/><line nr="86" mi="1" ci="0" mb="0" cb="0"/><line nr="102" mi="10" ci="0" mb="0" cb="0"/><line nr="103" mi="1" ci="0" mb="0" cb="0"/><line nr="122" mi="10" ci="0" mb="0" cb="0"/><line nr="123" mi="1" ci="0" mb="0" cb="0"/><line nr="142" mi="10" ci="0" mb="0" cb="0"/><line nr="143" mi="1" ci="0" mb="0" cb="0"/><line nr="163" mi="10" ci="0" mb="0" cb="0"/><line nr="164" mi="1" ci="0" mb="0" cb="0"/><line nr="185" mi="4" ci="0" mb="0" cb="0"/><line nr="187" mi="16" ci="0" mb="0" cb="0"/><line nr="192" mi="4" ci="0" mb="0" cb="0"/><line nr="194" mi="6" ci="0" mb="0" cb="0"/><line nr="195" mi="6" ci="0" mb="0" cb="0"/><line nr="196" mi="9" ci="0" mb="0" cb="0"/><line nr="197" mi="1" ci="0" mb="0" cb="0"/><line nr="211" mi="4" ci="0" mb="4" cb="0"/><line nr="212" mi="5" ci="0" mb="0" cb="0"/><line nr="217" mi="6" ci="0" mb="4" cb="0"/><line nr="218" mi="14" ci="0" mb="0" cb="0"/><line nr="222" mi="1" ci="0" mb="0" cb="0"/><line nr="226" mi="6" ci="0" mb="2" cb="0"/><line nr="228" mi="3" ci="0" mb="0" cb="0"/><line nr="230" mi="3" ci="0" mb="2" cb="0"/><line nr="232" mi="11" ci="0" mb="0" cb="0"/><line nr="233" mi="3" ci="0" mb="0" cb="0"/><line nr="235" mi="1" ci="0" mb="0" cb="0"/><line nr="237" mi="4" ci="0" mb="0" cb="0"/><line nr="239" mi="2" ci="0" mb="0" cb="0"/><line nr="245" mi="5" ci="0" mb="0" cb="0"/><line nr="247" mi="9" ci="0" mb="0" cb="0"/><line nr="249" mi="33" ci="0" mb="2" cb="0"/><line nr="258" mi="4" ci="0" mb="0" cb="0"/><line nr="260" mi="6" ci="0" mb="0" cb="0"/><line nr="261" mi="2" ci="0" mb="0" cb="0"/><line nr="269" mi="3" ci="0" mb="0" cb="0"/><line nr="270" mi="2" ci="0" mb="0" cb="0"/><line nr="276" mi="2" ci="0" mb="0" cb="0"/><line nr="278" mi="1" ci="0" mb="0" cb="0"/><line nr="280" mi="6" ci="0" mb="0" cb="0"/><line nr="281" mi="1" ci="0" mb="0" cb="0"/><line nr="282" mi="1" ci="0" mb="0" cb="0"/><line nr="289" mi="2" ci="0" mb="0" cb="0"/><line nr="296" mi="7" ci="0" mb="2" cb="0"/><line nr="298" mi="3" ci="0" mb="0" cb="0"/><line nr="300" mi="3" ci="0" mb="2" cb="0"/><line nr="302" mi="4" ci="0" mb="0" cb="0"/><line nr="303" mi="1" ci="0" mb="0" cb="0"/><line nr="314" mi="17" ci="0" mb="0" cb="0"/><line nr="315" mi="1" ci="0" mb="0" cb="0"/><line nr="318" mi="2" ci="0" mb="0" cb="0"/><line nr="320" mi="1" ci="0" mb="0" cb="0"/><line nr="324" mi="2" ci="0" mb="0" cb="0"/><line nr="328" mi="4" ci="0" mb="0" cb="0"/><line nr="329" mi="4" ci="0" mb="0" cb="0"/><line nr="331" mi="1" ci="0" mb="0" cb="0"/><line nr="332" mi="12" ci="0" mb="0" cb="0"/><line nr="334" mi="2" ci="0" mb="0" cb="0"/><line nr="336" mi="1" ci="0" mb="0" cb="0"/><line nr="340" mi="20" ci="0" mb="0" cb="0"/><line nr="342" mi="3" ci="0" mb="0" cb="0"/><line nr="343" mi="1" ci="0" mb="0" cb="0"/><line nr="348" mi="2" ci="0" mb="0" cb="0"/><line nr="352" mi="3" ci="0" mb="0" cb="0"/><line nr="353" mi="3" ci="0" mb="0" cb="0"/><line nr="355" mi="1" ci="0" mb="0" cb="0"/><line nr="357" mi="5" ci="0" mb="0" cb="0"/><line nr="359" mi="2" ci="0" mb="0" cb="0"/><line nr="361" mi="1" ci="0" mb="0" cb="0"/><line nr="370" mi="3" ci="0" mb="0" cb="0"/><line nr="371" mi="3" ci="0" mb="0" cb="0"/><line nr="373" mi="3" ci="0" mb="0" cb="0"/><line nr="374" mi="1" ci="0" mb="0" cb="0"/><line nr="379" mi="2" ci="0" mb="0" cb="0"/><line nr="383" mi="7" ci="0" mb="0" cb="0"/><line nr="385" mi="8" ci="0" mb="0" cb="0"/><line nr="386" mi="3" ci="0" mb="0" cb="0"/><line nr="388" mi="17" ci="0" mb="0" cb="0"/><line nr="390" mi="20" ci="0" mb="0" cb="0"/><line nr="392" mi="1" ci="0" mb="0" cb="0"/><line nr="394" mi="5" ci="0" mb="0" cb="0"/><line nr="397" mi="2" ci="0" mb="0" cb="0"/><line nr="399" mi="1" ci="0" mb="0" cb="0"/><line nr="402" mi="5" ci="0" mb="0" cb="0"/><line nr="408" mi="5" ci="0" mb="0" cb="0"/><line nr="414" mi="6" ci="0" mb="0" cb="0"/><line nr="420" mi="11" ci="0" mb="0" cb="0"/><line nr="421" mi="13" ci="0" mb="0" cb="0"/><line nr="423" mi="1" ci="0" mb="0" cb="0"/><line nr="433" mi="2" ci="0" mb="0" cb="0"/><line nr="437" mi="14" ci="0" mb="0" cb="0"/><line nr="439" mi="7" ci="0" mb="0" cb="0"/><line nr="441" mi="3" ci="0" mb="0" cb="0"/><line nr="442" mi="5" ci="0" mb="0" cb="0"/><line nr="449" mi="9" ci="0" mb="3" cb="0"/><line nr="453" mi="6" ci="0" mb="0" cb="0"/><line nr="454" mi="1" ci="0" mb="0" cb="0"/><line nr="458" mi="6" ci="0" mb="0" cb="0"/><line nr="459" mi="1" ci="0" mb="0" cb="0"/><line nr="463" mi="14" ci="0" mb="0" cb="0"/><line nr="464" mi="15" ci="0" mb="0" cb="0"/><line nr="466" mi="1" ci="0" mb="0" cb="0"/><line nr="468" mi="8" ci="0" mb="4" cb="0"/><line nr="470" mi="1" ci="0" mb="0" cb="0"/><line nr="475" mi="13" ci="0" mb="0" cb="0"/><line nr="478" mi="2" ci="0" mb="0" cb="0"/><line nr="480" mi="1" ci="0" mb="0" cb="0"/><line nr="489" mi="2" ci="0" mb="0" cb="0"/><line nr="493" mi="12" ci="0" mb="0" cb="0"/><line nr="497" mi="5" ci="0" mb="0" cb="0"/><line nr="498" mi="5" ci="0" mb="0" cb="0"/><line nr="500" mi="8" ci="0" mb="4" cb="0"/><line nr="502" mi="18" ci="0" mb="0" cb="0"/><line nr="507" mi="2" ci="0" mb="0" cb="0"/><line nr="508" mi="2" ci="0" mb="0" cb="0"/><line nr="509" mi="3" ci="0" mb="0" cb="0"/><line nr="510" mi="4" ci="0" mb="0" cb="0"/><line nr="512" mi="2" ci="0" mb="2" cb="0"/><line nr="517" mi="15" ci="0" mb="0" cb="0"/><line nr="518" mi="1" ci="0" mb="0" cb="0"/><line nr="521" mi="12" ci="0" mb="0" cb="0"/><line nr="523" mi="3" ci="0" mb="2" cb="0"/><line nr="525" mi="18" ci="0" mb="0" cb="0"/><line nr="528" mi="2" ci="0" mb="0" cb="0"/><line nr="529" mi="2" ci="0" mb="0" cb="0"/><line nr="530" mi="3" ci="0" mb="0" cb="0"/><line nr="532" mi="12" ci="0" mb="0" cb="0"/><line nr="534" mi="4" ci="0" mb="0" cb="0"/><line nr="537" mi="2" ci="0" mb="0" cb="0"/><line nr="539" mi="1" ci="0" mb="0" cb="0"/><line nr="551" mi="2" ci="0" mb="0" cb="0"/><line nr="555" mi="12" ci="0" mb="0" cb="0"/><line nr="562" mi="5" ci="0" mb="0" cb="0"/><line nr="563" mi="2" ci="0" mb="0" cb="0"/><line nr="564" mi="2" ci="0" mb="0" cb="0"/><line nr="565" mi="2" ci="0" mb="0" cb="0"/><line nr="566" mi="3" ci="0" mb="0" cb="0"/><line nr="567" mi="6" ci="0" mb="0" cb="0"/><line nr="569" mi="5" ci="0" mb="2" cb="0"/><line nr="571" mi="16" ci="0" mb="0" cb="0"/><line nr="576" mi="7" ci="0" mb="0" cb="0"/><line nr="578" mi="4" ci="0" mb="2" cb="0"/><line nr="580" mi="20" ci="0" mb="0" cb="0"/><line nr="583" mi="4" ci="0" mb="0" cb="0"/><line nr="585" mi="2" ci="0" mb="2" cb="0"/><line nr="590" mi="1" ci="0" mb="0" cb="0"/><line nr="593" mi="3" ci="0" mb="2" cb="0"/><line nr="598" mi="1" ci="0" mb="0" cb="0"/><line nr="602" mi="15" ci="0" mb="0" cb="0"/><line nr="605" mi="2" ci="0" mb="0" cb="0"/><line nr="607" mi="1" ci="0" mb="0" cb="0"/><line nr="618" mi="2" ci="0" mb="0" cb="0"/><line nr="622" mi="6" ci="0" mb="0" cb="0"/><line nr="624" mi="2" ci="0" mb="2" cb="0"/><line nr="626" mi="14" ci="0" mb="0" cb="0"/><line nr="627" mi="13" ci="0" mb="0" cb="0"/><line nr="628" mi="13" ci="0" mb="0" cb="0"/><line nr="630" mi="14" ci="0" mb="0" cb="0"/><line nr="633" mi="5" ci="0" mb="0" cb="0"/><line nr="635" mi="2" ci="0" mb="2" cb="0"/><line nr="637" mi="12" ci="0" mb="0" cb="0"/><line nr="638" mi="4" ci="0" mb="0" cb="0"/><line nr="641" mi="5" ci="0" mb="2" cb="0"/><line nr="643" mi="14" ci="0" mb="0" cb="0"/><line nr="644" mi="4" ci="0" mb="0" cb="0"/><line nr="647" mi="11" ci="0" mb="2" cb="0"/><line nr="654" mi="3" ci="0" mb="2" cb="0"/><line nr="656" mi="4" ci="0" mb="0" cb="0"/><line nr="658" mi="4" ci="0" mb="2" cb="0"/><line nr="660" mi="16" ci="0" mb="0" cb="0"/><line nr="661" mi="6" ci="0" mb="0" cb="0"/><line nr="663" mi="4" ci="0" mb="0" cb="0"/><line nr="666" mi="4" ci="0" mb="2" cb="0"/><line nr="668" mi="4" ci="0" mb="0" cb="0"/><line nr="670" mi="4" ci="0" mb="2" cb="0"/><line nr="672" mi="16" ci="0" mb="0" cb="0"/><line nr="673" mi="6" ci="0" mb="0" cb="0"/><line nr="675" mi="4" ci="0" mb="0" cb="0"/><line nr="678" mi="1" ci="0" mb="0" cb="0"/><line nr="681" mi="14" ci="0" mb="0" cb="0"/><line nr="683" mi="1" ci="0" mb="0" cb="0"/><line nr="688" mi="17" ci="0" mb="0" cb="0"/><line nr="691" mi="6" ci="0" mb="0" cb="0"/><line nr="693" mi="4" ci="0" mb="0" cb="0"/><line nr="696" mi="2" ci="0" mb="0" cb="0"/><line nr="704" mi="1" ci="0" mb="0" cb="0"/><counter type="INSTRUCTION" missed="1111" covered="0"/><counter type="BRANCH" missed="57" covered="0"/><counter type="LINE" missed="193" covered="0"/><counter type="COMPLEXITY" missed="55" covered="0"/><counter type="METHOD" missed="26" covered="0"/><counter type="CLASS" missed="4" covered="0"/></sourcefile><sourcefile name="AbstractExchanger.java"><line nr="10" mi="5" ci="0" mb="0" cb="0"/><line nr="13" mi="2" ci="0" mb="0" cb="0"/><line nr="15" mi="3" ci="0" mb="0" cb="0"/><line nr="16" mi="1" ci="0" mb="0" cb="0"/><counter type="INSTRUCTION" missed="11" covered="0"/><counter type="LINE" missed="4" covered="0"/><counter type="COMPLEXITY" missed="1" covered="0"/><counter type="METHOD" missed="1" covered="0"/><counter type="CLASS" missed="1" covered="0"/></sourcefile><sourcefile name="ImmediateExchanger.java"><line nr="11" mi="3" ci="0" mb="0" cb="0"/><line nr="12" mi="1" ci="0" mb="0" cb="0"/><line nr="19" mi="2" ci="0" mb="0" cb="0"/><line nr="27" mi="5" ci="0" mb="0" cb="0"/><line nr="29" mi="1" ci="0" mb="0" cb="0"/><line nr="33" mi="4" ci="0" mb="0" cb="0"/><line nr="34" mi="1" ci="0" mb="0" cb="0"/><line nr="36" mi="1" ci="0" mb="0" cb="0"/><line nr="39" mi="5" ci="0" mb="0" cb="0"/><line nr="40" mi="2" ci="0" mb="0" cb="0"/><line nr="44" mi="2" ci="0" mb="0" cb="0"/><line nr="59" mi="2" ci="0" mb="0" cb="0"/><line nr="63" mi="3" ci="0" mb="0" cb="0"/><line nr="68" mi="2" ci="0" mb="0" cb="0"/><line nr="70" mi="1" ci="0" mb="0" cb="0"/><counter type="INSTRUCTION" missed="35" covered="0"/><counter type="LINE" missed="15" covered="0"/><counter type="COMPLEXITY" missed="3" covered="0"/><counter type="METHOD" missed="3" covered="0"/><counter type="CLASS" missed="1" covered="0"/></sourcefile><sourcefile name="QueueFeeder.java"><line nr="20" mi="5" ci="0" mb="0" cb="0"/><line nr="36" mi="2" ci="0" mb="0" cb="0"/><line nr="38" mi="2" ci="0" mb="2" cb="0"/><line nr="39" mi="5" ci="0" mb="0" cb="0"/><line nr="42" mi="6" ci="0" mb="0" cb="0"/><line nr="44" mi="3" ci="0" mb="2" cb="0"/><line nr="45" mi="5" ci="0" mb="0" cb="0"/><line nr="47" mi="1" ci="0" mb="0" cb="0"/><line nr="56" mi="5" ci="0" mb="0" cb="0"/><line nr="57" mi="1" ci="0" mb="0" cb="0"/><line nr="63" mi="5" ci="0" mb="0" cb="0"/><counter type="INSTRUCTION" missed="40" covered="0"/><counter type="BRANCH" missed="4" covered="0"/><counter type="LINE" missed="11" covered="0"/><counter type="COMPLEXITY" missed="5" covered="0"/><counter type="METHOD" missed="3" covered="0"/><counter type="CLASS" missed="1" covered="0"/></sourcefile><sourcefile name="MqttContext.java"><line nr="25" mi="0" ci="36" mb="0" cb="0"/><line nr="27" mi="0" ci="7" mb="0" cb="0"/><line nr="28" mi="0" ci="7" mb="0" cb="0"/><line nr="29" mi="0" ci="7" mb="0" cb="0"/><line nr="30" mi="0" ci="7" mb="0" cb="0"/><line nr="31" mi="0" ci="7" mb="0" cb="0"/><line nr="32" mi="0" ci="7" mb="0" cb="0"/><line nr="33" mi="0" ci="7" mb="0" cb="0"/><line nr="34" mi="0" ci="7" mb="0" cb="0"/><line nr="38" mi="0" ci="4" mb="0" cb="0"/><line nr="39" mi="0" ci="3" mb="0" cb="0"/><line nr="40" mi="0" ci="1" mb="0" cb="0"/><line nr="43" mi="0" ci="5" mb="0" cb="0"/><line nr="48" mi="0" ci="4" mb="0" cb="0"/><line nr="81" mi="0" ci="3" mb="0" cb="0"/><line nr="89" mi="0" ci="2" mb="0" cb="0"/><line nr="91" mi="0" ci="3" mb="0" cb="0"/><line nr="92" mi="0" ci="3" mb="0" cb="0"/><line nr="93" mi="0" ci="3" mb="0" cb="0"/><line nr="94" mi="0" ci="3" mb="0" cb="0"/><line nr="95" mi="0" ci="3" mb="0" cb="0"/><line nr="96" mi="0" ci="3" mb="0" cb="0"/><line nr="97" mi="0" ci="3" mb="0" cb="0"/><line nr="100" mi="2" ci="2" mb="3" cb="1"/><line nr="101" mi="28" ci="0" mb="0" cb="0"/><line nr="103" mi="0" ci="2" mb="1" cb="1"/><line nr="105" mi="4" ci="0" mb="0" cb="0"/><line nr="107" mi="0" ci="19" mb="0" cb="0"/><line nr="109" mi="0" ci="1" mb="0" cb="0"/><line nr="113" mi="0" ci="2" mb="0" cb="0"/><line nr="114" mi="0" ci="5" mb="0" cb="0"/><line nr="118" mi="0" ci="4" mb="0" cb="0"/><line nr="119" mi="0" ci="3" mb="0" cb="0"/><line nr="120" mi="0" ci="3" mb="0" cb="0"/><line nr="121" mi="0" ci="3" mb="0" cb="0"/><line nr="123" mi="0" ci="5" mb="0" cb="0"/><line nr="124" mi="0" ci="4" mb="0" cb="0"/><line nr="126" mi="0" ci="6" mb="0" cb="0"/><line nr="130" mi="0" ci="3" mb="0" cb="0"/><line nr="131" mi="0" ci="2" mb="0" cb="0"/><line nr="133" mi="0" ci="1" mb="0" cb="0"/><line nr="136" mi="5" ci="0" mb="0" cb="0"/><line nr="137" mi="1" ci="0" mb="0" cb="0"/><line nr="140" mi="3" ci="0" mb="0" cb="0"/><line nr="141" mi="1" ci="0" mb="0" cb="0"/><line nr="144" mi="0" ci="3" mb="0" cb="0"/><line nr="145" mi="0" ci="3" mb="0" cb="0"/><line nr="146" mi="0" ci="1" mb="0" cb="0"/><line nr="153" mi="2" ci="0" mb="0" cb="0"/><line nr="156" mi="4" ci="0" mb="2" cb="0"/><line nr="158" mi="1" ci="0" mb="0" cb="0"/><line nr="161" mi="4" ci="0" mb="0" cb="0"/><line nr="162" mi="3" ci="0" mb="0" cb="0"/><line nr="163" mi="5" ci="0" mb="0" cb="0"/><line nr="165" mi="1" ci="0" mb="0" cb="0"/><line nr="172" mi="5" ci="0" mb="0" cb="0"/><line nr="175" mi="2" ci="0" mb="0" cb="0"/><line nr="177" mi="1" ci="0" mb="0" cb="0"/><counter type="INSTRUCTION" missed="72" covered="207"/><counter type="BRANCH" missed="6" covered="2"/><counter type="LINE" missed="16" covered="42"/><counter type="COMPLEXITY" missed="7" covered="5"/><counter type="METHOD" missed="3" covered="5"/><counter type="CLASS" missed="0" covered="2"/></sourcefile><sourcefile name="SensorRenderer.java"><line nr="27" mi="3" ci="0" mb="0" cb="0"/><line nr="29" mi="3" ci="0" mb="0" cb="0"/><line nr="31" mi="3" ci="0" mb="0" cb="0"/><line nr="32" mi="1" ci="0" mb="0" cb="0"/><line nr="38" mi="11" ci="0" mb="0" cb="0"/><line nr="43" mi="10" ci="0" mb="0" cb="0"/><line nr="44" mi="1" ci="0" mb="0" cb="0"/><line nr="52" mi="2" ci="0" mb="0" cb="0"/><line nr="54" mi="6" ci="0" mb="0" cb="0"/><line nr="55" mi="6" ci="0" mb="0" cb="0"/><line nr="56" mi="6" ci="0" mb="0" cb="0"/><line nr="57" mi="6" ci="0" mb="0" cb="0"/><line nr="59" mi="3" ci="0" mb="2" cb="0"/><line nr="61" mi="9" ci="0" mb="0" cb="0"/><line nr="65" mi="7" ci="0" mb="0" cb="0"/><line nr="68" mi="3" ci="0" mb="0" cb="0"/><line nr="69" mi="4" ci="0" mb="0" cb="0"/><line nr="70" mi="3" ci="0" mb="0" cb="0"/><line nr="72" mi="3" ci="0" mb="0" cb="0"/><line nr="73" mi="2" ci="0" mb="0" cb="0"/><line nr="75" mi="3" ci="0" mb="0" cb="0"/><counter type="INSTRUCTION" missed="95" covered="0"/><counter type="BRANCH" missed="2" covered="0"/><counter type="LINE" missed="21" covered="0"/><counter type="COMPLEXITY" missed="5" covered="0"/><counter type="METHOD" missed="4" covered="0"/><counter type="CLASS" missed="1" covered="0"/></sourcefile><sourcefile name="SensorFactory.java"><line nr="11" mi="3" ci="0" mb="0" cb="0"/><line nr="16" mi="7" ci="0" mb="0" cb="0"/><line nr="22" mi="2" ci="0" mb="0" cb="0"/><counter type="INSTRUCTION" missed="12" covered="0"/><counter type="LINE" missed="3" covered="0"/><counter type="COMPLEXITY" missed="3" covered="0"/><counter type="METHOD" missed="3" covered="0"/><counter type="CLASS" missed="1" covered="0"/></sourcefile><sourcefile name="MqttDeviceFactory.java"><line nr="58" mi="0" ci="5" mb="0" cb="0"/><line nr="63" mi="0" ci="6" mb="0" cb="0"/><line nr="73" mi="0" ci="5" mb="0" cb="0"/><line nr="87" mi="0" ci="8" mb="0" cb="0"/><line nr="88" mi="0" ci="1" mb="0" cb="0"/><line nr="103" mi="8" ci="0" mb="0" cb="0"/><line nr="104" mi="1" ci="0" mb="0" cb="0"/><line nr="122" mi="0" ci="8" mb="0" cb="0"/><line nr="123" mi="0" ci="1" mb="0" cb="0"/><line nr="139" mi="0" ci="2" mb="0" cb="0"/><line nr="141" mi="0" ci="23" mb="0" cb="0"/><line nr="147" mi="0" ci="3" mb="0" cb="0"/><line nr="150" mi="0" ci="7" mb="0" cb="0"/><line nr="151" mi="0" ci="7" mb="0" cb="0"/><line nr="152" mi="0" ci="3" mb="0" cb="0"/><line nr="153" mi="0" ci="1" mb="0" cb="0"/><line nr="157" mi="0" ci="6" mb="0" cb="0"/><line nr="162" mi="0" ci="5" mb="0" cb="0"/><line nr="169" mi="0" ci="4" mb="0" cb="0"/><line nr="170" mi="0" ci="3" mb="0" cb="0"/><line nr="172" mi="0" ci="3" mb="0" cb="0"/><line nr="173" mi="0" ci="4" mb="0" cb="0"/><line nr="176" mi="0" ci="2" mb="0" cb="0"/><line nr="179" mi="0" ci="3" mb="0" cb="0"/><line nr="180" mi="0" ci="1" mb="0" cb="0"/><line nr="184" mi="0" ci="4" mb="0" cb="0"/><line nr="185" mi="0" ci="1" mb="0" cb="0"/><line nr="195" mi="0" ci="2" mb="0" cb="0"/><line nr="197" mi="0" ci="4" mb="0" cb="0"/><line nr="198" mi="0" ci="2" mb="0" cb="0"/><line nr="199" mi="0" ci="4" mb="0" cb="0"/><line nr="200" mi="1" ci="0" mb="0" cb="0"/><line nr="201" mi="5" ci="0" mb="0" cb="0"/><line nr="203" mi="0" ci="2" mb="0" cb="0"/><line nr="205" mi="0" ci="1" mb="0" cb="0"/><line nr="209" mi="0" ci="5" mb="0" cb="0"/><line nr="211" mi="0" ci="9" mb="0" cb="0"/><line nr="213" mi="10" ci="23" mb="1" cb="1"/><line nr="222" mi="2" ci="0" mb="0" cb="0"/><line nr="225" mi="4" ci="0" mb="0" cb="0"/><line nr="227" mi="3" ci="0" mb="0" cb="0"/><line nr="229" mi="2" ci="0" mb="0" cb="0"/><line nr="231" mi="12" ci="0" mb="2" cb="0"/><line nr="233" mi="3" ci="0" mb="0" cb="0"/><line nr="235" mi="7" ci="0" mb="2" cb="0"/><line nr="238" mi="14" ci="0" mb="0" cb="0"/><line nr="240" mi="1" ci="0" mb="0" cb="0"/><line nr="243" mi="2" ci="0" mb="0" cb="0"/><line nr="245" mi="1" ci="0" mb="0" cb="0"/><line nr="247" mi="0" ci="19" mb="0" cb="0"/><line nr="251" mi="0" ci="20" mb="0" cb="0"/><line nr="257" mi="0" ci="6" mb="0" cb="0"/><line nr="259" mi="0" ci="3" mb="0" cb="0"/><line nr="261" mi="0" ci="5" mb="0" cb="0"/><line nr="262" mi="0" ci="5" mb="0" cb="0"/><line nr="263" mi="0" ci="5" mb="0" cb="0"/><line nr="265" mi="0" ci="5" mb="0" cb="0"/><line nr="266" mi="0" ci="5" mb="0" cb="0"/><line nr="267" mi="0" ci="5" mb="0" cb="0"/><line nr="271" mi="0" ci="20" mb="0" cb="0"/><line nr="279" mi="0" ci="20" mb="0" cb="2"/><line nr="287" mi="0" ci="1" mb="0" cb="0"/><line nr="290" mi="0" ci="9" mb="0" cb="2"/><line nr="294" mi="0" ci="9" mb="0" cb="0"/><line nr="295" mi="0" ci="1" mb="0" cb="0"/><line nr="298" mi="0" ci="6" mb="0" cb="0"/><line nr="300" mi="0" ci="8" mb="2" cb="2"/><line nr="301" mi="0" ci="1" mb="0" cb="0"/><line nr="312" mi="0" ci="4" mb="0" cb="0"/><line nr="313" mi="0" ci="8" mb="0" cb="2"/><line nr="314" mi="0" ci="4" mb="0" cb="2"/><line nr="315" mi="0" ci="7" mb="0" cb="0"/><line nr="319" mi="0" ci="2" mb="0" cb="0"/><line nr="320" mi="0" ci="1" mb="0" cb="0"/><line nr="321" mi="0" ci="4" mb="0" cb="0"/><line nr="322" mi="0" ci="8" mb="0" cb="0"/><line nr="323" mi="0" ci="2" mb="0" cb="0"/><line nr="325" mi="0" ci="3" mb="0" cb="0"/><line nr="334" mi="0" ci="2" mb="0" cb="0"/><line nr="337" mi="0" ci="6" mb="0" cb="0"/><line nr="339" mi="0" ci="2" mb="0" cb="2"/><line nr="340" mi="0" ci="5" mb="0" cb="0"/><line nr="341" mi="0" ci="1" mb="0" cb="0"/><line nr="344" mi="0" ci="3" mb="0" cb="0"/><line nr="345" mi="0" ci="3" mb="0" cb="0"/><line nr="346" mi="0" ci="12" mb="0" cb="0"/><line nr="349" mi="0" ci="2" mb="0" cb="0"/><line nr="351" mi="0" ci="1" mb="0" cb="0"/><line nr="353" mi="0" ci="6" mb="0" cb="0"/><line nr="357" mi="5" ci="0" mb="0" cb="0"/><line nr="362" mi="2" ci="0" mb="0" cb="0"/><line nr="367" mi="7" ci="0" mb="0" cb="0"/><line nr="369" mi="5" ci="0" mb="0" cb="0"/><line nr="371" mi="1" ci="0" mb="0" cb="0"/><line nr="376" mi="13" ci="0" mb="0" cb="0"/><line nr="379" mi="4" ci="0" mb="0" cb="0"/><line nr="380" mi="2" ci="0" mb="0" cb="0"/><line nr="382" mi="1" ci="0" mb="0" cb="0"/><line nr="387" mi="1" ci="0" mb="0" cb="0"/><line nr="391" mi="0" ci="6" mb="0" cb="0"/><line nr="395" mi="0" ci="2" mb="0" cb="0"/><line nr="399" mi="3" ci="0" mb="0" cb="0"/><line nr="400" mi="4" ci="0" mb="0" cb="0"/><line nr="403" mi="0" ci="1" mb="0" cb="0"/><line nr="407" mi="0" ci="5" mb="0" cb="0"/><line nr="410" mi="0" ci="5" mb="0" cb="0"/><line nr="411" mi="0" ci="1" mb="0" cb="0"/><line nr="412" mi="0" ci="4" mb="0" cb="0"/><line nr="414" mi="0" ci="1" mb="0" cb="0"/><line nr="419" mi="2" ci="0" mb="0" cb="0"/><line nr="420" mi="1" ci="0" mb="0" cb="0"/><line nr="425" mi="0" ci="5" mb="0" cb="0"/><line nr="429" mi="0" ci="5" mb="0" cb="0"/><line nr="431" mi="0" ci="3" mb="0" cb="0"/><line nr="437" mi="0" ci="12" mb="0" cb="0"/><line nr="439" mi="0" ci="6" mb="0" cb="0"/><line nr="440" mi="0" ci="1" mb="0" cb="0"/><line nr="444" mi="0" ci="3" mb="0" cb="0"/><line nr="449" mi="0" ci="4" mb="0" cb="0"/><line nr="450" mi="0" ci="1" mb="0" cb="0"/><line nr="454" mi="0" ci="4" mb="0" cb="0"/><line nr="455" mi="0" ci="1" mb="0" cb="0"/><line nr="458" mi="0" ci="3" mb="0" cb="0"/><line nr="459" mi="0" ci="5" mb="0" cb="0"/><line nr="460" mi="0" ci="1" mb="0" cb="0"/><line nr="463" mi="0" ci="3" mb="0" cb="0"/><line nr="469" mi="0" ci="3" mb="0" cb="0"/><line nr="470" mi="0" ci="4" mb="0" cb="0"/><line nr="471" mi="0" ci="1" mb="0" cb="0"/><line nr="475" mi="0" ci="5" mb="0" cb="0"/><line nr="477" mi="0" ci="7" mb="0" cb="0"/><line nr="478" mi="0" ci="3" mb="0" cb="0"/><line nr="479" mi="11" ci="13" mb="1" cb="1"/><line nr="480" mi="0" ci="7" mb="0" cb="0"/><line nr="481" mi="0" ci="10" mb="0" cb="0"/><line nr="482" mi="0" ci="4" mb="0" cb="0"/><line nr="487" mi="0" ci="3" mb="0" cb="0"/><counter type="INSTRUCTION" missed="138" covered="549"/><counter type="BRANCH" missed="8" covered="14"/><counter type="LINE" missed="29" covered="108"/><counter type="COMPLEXITY" missed="12" covered="31"/><counter type="METHOD" missed="6" covered="26"/><counter type="CLASS" missed="0" covered="5"/></sourcefile><sourcefile name="ThermostatFactory.java"><line nr="21" mi="2" ci="0" mb="0" cb="0"/><line nr="23" mi="3" ci="0" mb="0" cb="0"/><line nr="25" mi="2" ci="0" mb="2" cb="0"/><line nr="28" mi="11" ci="0" mb="0" cb="0"/><line nr="30" mi="1" ci="0" mb="0" cb="0"/><line nr="35" mi="9" ci="0" mb="0" cb="0"/><line nr="41" mi="2" ci="0" mb="0" cb="0"/><counter type="INSTRUCTION" missed="30" covered="0"/><counter type="BRANCH" missed="2" covered="0"/><counter type="LINE" missed="7" covered="0"/><counter type="COMPLEXITY" missed="4" covered="0"/><counter type="METHOD" missed="3" covered="0"/><counter type="CLASS" missed="1" covered="0"/></sourcefile><sourcefile name="SwitchRenderer.java"><line nr="27" mi="3" ci="0" mb="0" cb="0"/><line nr="29" mi="3" ci="0" mb="0" cb="0"/><line nr="31" mi="3" ci="0" mb="0" cb="0"/><line nr="32" mi="1" ci="0" mb="0" cb="0"/><line nr="38" mi="11" ci="0" mb="0" cb="0"/><line nr="43" mi="10" ci="0" mb="0" cb="0"/><line nr="44" mi="1" ci="0" mb="0" cb="0"/><line nr="52" mi="2" ci="0" mb="0" cb="0"/><line nr="53" mi="4" ci="0" mb="0" cb="0"/><line nr="55" mi="6" ci="0" mb="0" cb="0"/><line nr="56" mi="6" ci="0" mb="0" cb="0"/><line nr="57" mi="6" ci="0" mb="0" cb="0"/><line nr="58" mi="6" ci="0" mb="0" cb="0"/><line nr="60" mi="17" ci="0" mb="0" cb="0"/><line nr="62" mi="3" ci="0" mb="2" cb="0"/><line nr="64" mi="8" ci="0" mb="0" cb="0"/><line nr="65" mi="6" ci="0" mb="0" cb="0"/><line nr="69" mi="7" ci="0" mb="0" cb="0"/><line nr="70" mi="6" ci="0" mb="0" cb="0"/><line nr="77" mi="8" ci="0" mb="0" cb="0"/><line nr="79" mi="3" ci="0" mb="0" cb="0"/><line nr="80" mi="4" ci="0" mb="0" cb="0"/><line nr="81" mi="3" ci="0" mb="0" cb="0"/><line nr="83" mi="3" ci="0" mb="0" cb="0"/><line nr="84" mi="2" ci="0" mb="0" cb="0"/><line nr="86" mi="3" ci="0" mb="0" cb="0"/><counter type="INSTRUCTION" missed="135" covered="0"/><counter type="BRANCH" missed="2" covered="0"/><counter type="LINE" missed="26" covered="0"/><counter type="COMPLEXITY" missed="5" covered="0"/><counter type="METHOD" missed="4" covered="0"/><counter type="CLASS" missed="1" covered="0"/></sourcefile><counter type="INSTRUCTION" missed="2244" covered="756"/><counter type="BRANCH" missed="123" covered="16"/><counter type="LINE" missed="436" covered="150"/><counter type="COMPLEXITY" missed="136" covered="36"/><counter type="METHOD" missed="71" covered="31"/><counter type="CLASS" missed="15" covered="7"/></package><counter type="INSTRUCTION" missed="2244" covered="756"/><counter type="BRANCH" missed="123" covered="16"/><counter type="LINE" missed="436" covered="150"/><counter type="COMPLEXITY" missed="136" covered="36"/><counter type="METHOD" missed="71" covered="31"/><counter type="CLASS" missed="15" covered="7"/></report>