GROUP,PACKAGE,CLASS,INSTRUCTION_MISSED,INSTRUCTION_COVERED,BRANCH_MISSED,BRANCH_COVERED,LINE_MISSED,LINE_COVERED,COMPLEXITY_MISSED,COMPLEXITY_COVERED,METHOD_MISSED,METHOD_COVERED
DZ3 Dampers based on Servomaster,net.sf.dz3.device.actuator.servomaster,Calibration,36,0,0,0,8,0,2,0,2,0
DZ3 Dampers based on Servomaster,net.sf.dz3.device.actuator.servomaster,LimitCalibration,7,0,0,0,2,0,1,0,1,0
DZ3 Dampers based on Servomaster,net.sf.dz3.device.actuator.servomaster,DamperFactory,47,86,0,2,6,16,4,2,4,1
DZ3 Dampers based on Servomaster,net.sf.dz3.device.actuator.servomaster,RangeCalibration,7,0,0,0,2,0,1,0,1,0
DZ3 Dampers based on Servomaster,net.sf.dz3.device.actuator.servomaster,ServoDamper,225,0,16,0,45,0,18,0,10,0
