<?xml version="1.0" encoding="UTF-8" standalone="yes"?><!DOCTYPE report PUBLIC "-//JACOCO//DTD Report 1.1//EN" "report.dtd"><report name="OWAPI 1.00 Wrapper - 2020"><sessioninfo id="cx-eee0c24b" start="1588319258615" dump="1588319259662"/><sessioninfo id="cx-77eb5098" start="1588319732983" dump="1588319734114"/><sessioninfo id="cx-d727e0ea" start="1588319812832" dump="1588319813799"/><sessioninfo id="cx-e9cd050" start="1588319818101" dump="1588319819032"/><sessioninfo id="cx-cce9f5b6" start="1588319840268" dump="1588319841291"/><sessioninfo id="cx-5b5819e7" start="1588319857483" dump="1588319858692"/><sessioninfo id="cx-b682da5b" start="1588320016353" dump="1588320017579"/><sessioninfo id="cx-34f7db79" start="1588320318582" dump="1588320319617"/><sessioninfo id="cx-c8df4b5f" start="1588324005208" dump="1588324006252"/><sessioninfo id="cx-cab0548" start="1588326418676" dump="1588326420225"/><sessioninfo id="cx-2e9bad8b" start="1588356994888" dump="1588356996469"/><sessioninfo id="cx-99bdb326" start="1588393371335" dump="1588393372966"/><sessioninfo id="cx-53353645" start="1588393404477" dump="1588393453087"/><sessioninfo id="cx-1bb82c7f" start="1588393497481" dump="1588393499076"/><sessioninfo id="cx-af2bda46" start="1588393509418" dump="1588393518103"/><sessioninfo id="cx-47881292" start="1588393567306" dump="1588393570919"/><sessioninfo id="cx-1659dac3" start="1588393609378" dump="1588393611066"/><sessioninfo id="cx-fc4d7065" start="1588393614169" dump="1588393615722"/><sessioninfo id="cx-a45c06d8" start="1588393664985" dump="1588393668980"/><sessioninfo id="cx-2e9744e3" start="1588393741557" dump="1588393743093"/><package name="net/sf/dz3/device/sensor/impl/onewire"><class name="net/sf/dz3/device/sensor/impl/onewire/BusAdapter" sourcefilename="BusAdapter.java"><method name="&lt;init&gt;" desc="(Lcom/dalsemi/onewire/adapter/DSPortAdapter;Lcom/dalsemi/onewire/adapter/DSPortAdapter$Speed;)V" line="41"><counter type="INSTRUCTION" missed="0" covered="23"/><counter type="LINE" missed="0" covered="8"/><counter type="COMPLEXITY" missed="0" covered="1"/><counter type="METHOD" missed="0" covered="1"/></method><method name="run" desc="()V" line="67"><counter type="INSTRUCTION" missed="42" covered="7"/><counter type="BRANCH" missed="5" covered="1"/><counter type="LINE" missed="14" covered="3"/><counter type="COMPLEXITY" missed="3" covered="1"/><counter type="METHOD" missed="0" covered="1"/></method><method name="browse" desc="()V" line="138"><counter type="INSTRUCTION" missed="0" covered="10"/><counter type="LINE" missed="0" covered="3"/><counter type="COMPLEXITY" missed="0" covered="1"/><counter type="METHOD" missed="0" covered="1"/></method><method name="browse" desc="(Lcom/dalsemi/onewire/utils/OWPath;Ljava/util/Map;)V" line="184"><counter type="INSTRUCTION" missed="44" covered="67"/><counter type="BRANCH" missed="3" covered="5"/><counter type="LINE" missed="9" covered="17"/><counter type="COMPLEXITY" missed="3" covered="2"/><counter type="METHOD" missed="0" covered="1"/></method><method name="isKnown" desc="(Ljava/lang/String;Ljava/util/Map;)Z" line="247"><counter type="INSTRUCTION" missed="0" covered="19"/><counter type="BRANCH" missed="0" covered="2"/><counter type="LINE" missed="0" covered="5"/><counter type="COMPLEXITY" missed="0" covered="2"/><counter type="METHOD" missed="0" covered="1"/></method><method name="closeAllPaths" desc="()V" line="266"><counter type="INSTRUCTION" missed="0" covered="21"/><counter type="LINE" missed="0" covered="5"/><counter type="COMPLEXITY" missed="0" covered="1"/><counter type="METHOD" missed="0" covered="1"/></method><method name="handleShortCircuit" desc="()V" line="278"><counter type="INSTRUCTION" missed="5" covered="0"/><counter type="LINE" missed="1" covered="0"/><counter type="COMPLEXITY" missed="1" covered="0"/><counter type="METHOD" missed="1" covered="0"/></method><method name="announce" desc="(Ljava/util/Map;)V" line="290"><counter type="INSTRUCTION" missed="6" covered="3"/><counter type="LINE" missed="2" covered="1"/><counter type="COMPLEXITY" missed="0" covered="1"/><counter type="METHOD" missed="0" covered="1"/></method><method name="getSensor" desc="(Ljava/lang/String;)Lnet/sf/dz3/device/sensor/AnalogSensor;" line="307"><counter type="INSTRUCTION" missed="5" covered="0"/><counter type="LINE" missed="1" covered="0"/><counter type="COMPLEXITY" missed="1" covered="0"/><counter type="METHOD" missed="1" covered="0"/></method><method name="getSwitch" desc="(Ljava/lang/String;)Lnet/sf/dz3/device/sensor/Switch;" line="312"><counter type="INSTRUCTION" missed="5" covered="0"/><counter type="LINE" missed="1" covered="0"/><counter type="COMPLEXITY" missed="1" covered="0"/><counter type="METHOD" missed="1" covered="0"/></method><method name="setBrowseFuture" desc="(Ljava/util/concurrent/Future;)V" line="317"><counter type="INSTRUCTION" missed="12" covered="9"/><counter type="BRANCH" missed="3" covered="1"/><counter type="LINE" missed="3" covered="4"/><counter type="COMPLEXITY" missed="2" covered="1"/><counter type="METHOD" missed="0" covered="1"/></method><method name="getBrowseFuture" desc="()Ljava/util/concurrent/Future;" line="334"><counter type="INSTRUCTION" missed="0" covered="9"/><counter type="BRANCH" missed="0" covered="2"/><counter type="LINE" missed="0" covered="3"/><counter type="COMPLEXITY" missed="0" covered="2"/><counter type="METHOD" missed="0" covered="1"/></method><method name="powerOff" desc="()V" line="343"><counter type="INSTRUCTION" missed="0" covered="28"/><counter type="LINE" missed="0" covered="8"/><counter type="COMPLEXITY" missed="0" covered="1"/><counter type="METHOD" missed="0" covered="1"/></method><method name="lambda$announce$2" desc="()V" line="291"><counter type="INSTRUCTION" missed="9" covered="0"/><counter type="LINE" missed="4" covered="0"/><counter type="COMPLEXITY" missed="1" covered="0"/><counter type="METHOD" missed="1" covered="0"/></method><method name="lambda$isKnown$1" desc="(Ljava/lang/String;Ljava/lang/String;)Ljava/lang/String;" line="249"><counter type="INSTRUCTION" missed="0" covered="8"/><counter type="BRANCH" missed="0" covered="2"/><counter type="LINE" missed="0" covered="1"/><counter type="COMPLEXITY" missed="0" covered="2"/><counter type="METHOD" missed="0" covered="1"/></method><method name="lambda$browse$0" desc="()V" line="140"><counter type="INSTRUCTION" missed="4" covered="63"/><counter type="BRANCH" missed="1" covered="1"/><counter type="LINE" missed="2" covered="16"/><counter type="COMPLEXITY" missed="1" covered="1"/><counter type="METHOD" missed="0" covered="1"/></method><counter type="INSTRUCTION" missed="132" covered="267"/><counter type="BRANCH" missed="12" covered="14"/><counter type="LINE" missed="37" covered="73"/><counter type="COMPLEXITY" missed="13" covered="16"/><counter type="METHOD" missed="4" covered="12"/><counter type="CLASS" missed="0" covered="1"/></class><class name="net/sf/dz3/device/sensor/impl/onewire/OwapiDeviceFactory2020" sourcefilename="OwapiDeviceFactory2020.java"><method name="&lt;init&gt;" desc="(Ljava/lang/String;Ljava/lang/String;)V" line="34"><counter type="INSTRUCTION" missed="0" covered="61"/><counter type="LINE" missed="0" covered="14"/><counter type="COMPLEXITY" missed="0" covered="1"/><counter type="METHOD" missed="0" covered="1"/></method><method name="select" desc="(Lcom/dalsemi/onewire/adapter/DSPortAdapter;Ljava/lang/String;Ljava/util/Map;)V" line="68"><counter type="INSTRUCTION" missed="16" covered="5"/><counter type="BRANCH" missed="1" covered="1"/><counter type="LINE" missed="1" covered="2"/><counter type="COMPLEXITY" missed="1" covered="1"/><counter type="METHOD" missed="0" covered="1"/></method><method name="getAdapters" desc="()Ljava/util/Map;" line="76"><counter type="INSTRUCTION" missed="0" covered="38"/><counter type="BRANCH" missed="0" covered="4"/><counter type="LINE" missed="0" covered="9"/><counter type="COMPLEXITY" missed="0" covered="3"/><counter type="METHOD" missed="0" covered="1"/></method><method name="resolve" desc="(Ljava/util/Map;Ljava/lang/String;)Lcom/dalsemi/onewire/adapter/DSPortAdapter;" line="97"><counter type="INSTRUCTION" missed="17" covered="21"/><counter type="BRANCH" missed="2" covered="2"/><counter type="LINE" missed="2" covered="3"/><counter type="COMPLEXITY" missed="2" covered="1"/><counter type="METHOD" missed="0" covered="1"/></method><method name="startAdapter" desc="(Lcom/dalsemi/onewire/adapter/DSPortAdapter;Lcom/dalsemi/onewire/adapter/DSPortAdapter$Speed;)Lnet/sf/dz3/device/sensor/impl/onewire/BusAdapter;" line="120"><counter type="INSTRUCTION" missed="0" covered="13"/><counter type="LINE" missed="0" covered="3"/><counter type="COMPLEXITY" missed="0" covered="1"/><counter type="METHOD" missed="0" covered="1"/></method><method name="getSensor" desc="(Ljava/lang/String;)Lnet/sf/dz3/device/sensor/AnalogSensor;" line="129"><counter type="INSTRUCTION" missed="5" covered="0"/><counter type="LINE" missed="1" covered="0"/><counter type="COMPLEXITY" missed="1" covered="0"/><counter type="METHOD" missed="1" covered="0"/></method><method name="getSwitch" desc="(Ljava/lang/String;)Lnet/sf/dz3/device/sensor/Switch;" line="134"><counter type="INSTRUCTION" missed="5" covered="0"/><counter type="LINE" missed="1" covered="0"/><counter type="COMPLEXITY" missed="1" covered="0"/><counter type="METHOD" missed="1" covered="0"/></method><method name="powerOff" desc="()V" line="139"><counter type="INSTRUCTION" missed="6" covered="9"/><counter type="LINE" missed="2" covered="4"/><counter type="COMPLEXITY" missed="0" covered="1"/><counter type="METHOD" missed="0" covered="1"/></method><method name="powerOffAsync" desc="()Ljava/util/concurrent/Future;" line="149"><counter type="INSTRUCTION" missed="5" covered="0"/><counter type="LINE" missed="1" covered="0"/><counter type="COMPLEXITY" missed="1" covered="0"/><counter type="METHOD" missed="1" covered="0"/></method><counter type="INSTRUCTION" missed="54" covered="147"/><counter type="BRANCH" missed="3" covered="7"/><counter type="LINE" missed="8" covered="35"/><counter type="COMPLEXITY" missed="6" covered="8"/><counter type="METHOD" missed="3" covered="6"/><counter type="CLASS" missed="0" covered="1"/></class><class name="net/sf/dz3/device/sensor/impl/onewire/BusAdapter$1" sourcefilename="BusAdapter.java"><method name="&lt;init&gt;" desc="(Lnet/sf/dz3/device/sensor/impl/onewire/BusAdapter;)V" line="346"><counter type="INSTRUCTION" missed="0" covered="6"/><counter type="LINE" missed="0" covered="1"/><counter type="COMPLEXITY" missed="0" covered="1"/><counter type="METHOD" missed="0" covered="1"/></method><method name="run" desc="()V" line="350"><counter type="INSTRUCTION" missed="0" covered="6"/><counter type="LINE" missed="0" covered="2"/><counter type="COMPLEXITY" missed="0" covered="1"/><counter type="METHOD" missed="0" covered="1"/></method><counter type="INSTRUCTION" missed="0" covered="12"/><counter type="LINE" missed="0" covered="3"/><counter type="COMPLEXITY" missed="0" covered="2"/><counter type="METHOD" missed="0" covered="2"/><counter type="CLASS" missed="0" covered="1"/></class><sourcefile name="BusAdapter.java"><line nr="41" mi="0" ci="5" mb="0" cb="0"/><line nr="45" mi="0" ci="3" mb="0" cb="0"/><line nr="52" mi="0" ci="3" mb="0" cb="0"/><line nr="57" mi="0" ci="3" mb="0" cb="0"/><line nr="59" mi="0" ci="2" mb="0" cb="0"/><line nr="60" mi="0" ci="3" mb="0" cb="0"/><line nr="61" mi="0" ci="3" mb="0" cb="0"/><line nr="62" mi="0" ci="1" mb="0" cb="0"/><line nr="67" mi="0" ci="2" mb="0" cb="0"/><line nr="71" mi="0" ci="3" mb="1" cb="1"/><line nr="77" mi="0" ci="2" mb="0" cb="0"/><line nr="78" mi="2" ci="0" mb="0" cb="0"/><line nr="80" mi="1" ci="0" mb="0" cb="0"/><line nr="82" mi="3" ci="0" mb="0" cb="0"/><line nr="84" mi="6" ci="0" mb="4" cb="0"/><line nr="86" mi="5" ci="0" mb="0" cb="0"/><line nr="103" mi="2" ci="0" mb="0" cb="0"/><line nr="111" mi="3" ci="0" mb="0" cb="0"/><line nr="115" mi="5" ci="0" mb="0" cb="0"/><line nr="117" mi="2" ci="0" mb="0" cb="0"/><line nr="120" mi="4" ci="0" mb="0" cb="0"/><line nr="122" mi="1" ci="0" mb="0" cb="0"/><line nr="126" mi="5" ci="0" mb="0" cb="0"/><line nr="129" mi="2" ci="0" mb="0" cb="0"/><line nr="131" mi="1" ci="0" mb="0" cb="0"/><line nr="138" mi="0" ci="3" mb="0" cb="0"/><line nr="140" mi="0" ci="2" mb="0" cb="0"/><line nr="141" mi="0" ci="5" mb="0" cb="0"/><line nr="145" mi="0" ci="3" mb="0" cb="0"/><line nr="146" mi="0" ci="3" mb="0" cb="0"/><line nr="150" mi="0" ci="4" mb="0" cb="0"/><line nr="152" mi="0" ci="8" mb="0" cb="0"/><line nr="154" mi="0" ci="11" mb="1" cb="1"/><line nr="155" mi="0" ci="5" mb="0" cb="0"/><line nr="156" mi="0" ci="4" mb="0" cb="0"/><line nr="157" mi="0" ci="4" mb="0" cb="0"/><line nr="158" mi="0" ci="1" mb="0" cb="0"/><line nr="160" mi="0" ci="1" mb="0" cb="0"/><line nr="162" mi="3" ci="0" mb="0" cb="0"/><line nr="164" mi="0" ci="1" mb="0" cb="0"/><line nr="166" mi="0" ci="6" mb="0" cb="0"/><line nr="169" mi="0" ci="3" mb="0" cb="0"/><line nr="170" mi="0" ci="2" mb="0" cb="0"/><line nr="172" mi="1" ci="0" mb="0" cb="0"/><line nr="174" mi="0" ci="6" mb="0" cb="0"/><line nr="175" mi="0" ci="1" mb="0" cb="0"/><line nr="184" mi="0" ci="2" mb="0" cb="0"/><line nr="185" mi="0" ci="5" mb="0" cb="0"/><line nr="189" mi="0" ci="5" mb="0" cb="0"/><line nr="191" mi="0" ci="2" mb="0" cb="0"/><line nr="192" mi="0" ci="2" mb="0" cb="0"/><line nr="195" mi="0" ci="4" mb="0" cb="0"/><line nr="197" mi="0" ci="7" mb="0" cb="2"/><line nr="199" mi="0" ci="4" mb="0" cb="0"/><line nr="201" mi="0" ci="6" mb="1" cb="1"/><line nr="202" mi="6" ci="0" mb="0" cb="0"/><line nr="203" mi="1" ci="0" mb="0" cb="0"/><line nr="206" mi="0" ci="9" mb="0" cb="0"/><line nr="208" mi="0" ci="5" mb="0" cb="0"/><line nr="210" mi="0" ci="3" mb="1" cb="1"/><line nr="212" mi="7" ci="0" mb="0" cb="0"/><line nr="214" mi="4" ci="0" mb="0" cb="0"/><line nr="216" mi="4" ci="0" mb="0" cb="0"/><line nr="218" mi="7" ci="0" mb="0" cb="0"/><line nr="220" mi="4" ci="0" mb="0" cb="0"/><line nr="222" mi="4" ci="0" mb="0" cb="0"/><line nr="225" mi="0" ci="6" mb="1" cb="1"/><line nr="227" mi="7" ci="0" mb="0" cb="0"/><line nr="229" mi="0" ci="1" mb="0" cb="0"/><line nr="232" mi="0" ci="3" mb="0" cb="0"/><line nr="233" mi="0" ci="2" mb="0" cb="0"/><line nr="235" mi="0" ci="1" mb="0" cb="0"/><line nr="247" mi="0" ci="5" mb="0" cb="0"/><line nr="248" mi="0" ci="3" mb="0" cb="0"/><line nr="249" mi="0" ci="10" mb="0" cb="2"/><line nr="250" mi="0" ci="1" mb="0" cb="0"/><line nr="251" mi="0" ci="8" mb="0" cb="2"/><line nr="266" mi="0" ci="8" mb="0" cb="0"/><line nr="267" mi="0" ci="4" mb="0" cb="0"/><line nr="268" mi="0" ci="4" mb="0" cb="0"/><line nr="271" mi="0" ci="4" mb="0" cb="0"/><line nr="272" mi="0" ci="1" mb="0" cb="0"/><line nr="278" mi="5" ci="0" mb="0" cb="0"/><line nr="290" mi="0" ci="3" mb="0" cb="0"/><line nr="291" mi="2" ci="0" mb="0" cb="0"/><line nr="295" mi="4" ci="0" mb="0" cb="0"/><line nr="298" mi="2" ci="0" mb="0" cb="0"/><line nr="300" mi="1" ci="0" mb="0" cb="0"/><line nr="302" mi="5" ci="0" mb="0" cb="0"/><line nr="303" mi="1" ci="0" mb="0" cb="0"/><line nr="307" mi="5" ci="0" mb="0" cb="0"/><line nr="312" mi="5" ci="0" mb="0" cb="0"/><line nr="317" mi="0" ci="3" mb="1" cb="1"/><line nr="321" mi="4" ci="0" mb="2" cb="0"/><line nr="322" mi="4" ci="0" mb="0" cb="0"/><line nr="323" mi="4" ci="0" mb="0" cb="0"/><line nr="327" mi="0" ci="3" mb="0" cb="0"/><line nr="329" mi="0" ci="2" mb="0" cb="0"/><line nr="330" mi="0" ci="1" mb="0" cb="0"/><line nr="334" mi="0" ci="3" mb="0" cb="2"/><line nr="335" mi="0" ci="3" mb="0" cb="0"/><line nr="338" mi="0" ci="3" mb="0" cb="0"/><line nr="343" mi="0" ci="3" mb="0" cb="0"/><line nr="346" mi="0" ci="11" mb="0" cb="0"/><line nr="350" mi="0" ci="5" mb="0" cb="0"/><line nr="351" mi="0" ci="1" mb="0" cb="0"/><line nr="354" mi="0" ci="5" mb="0" cb="0"/><line nr="356" mi="0" ci="3" mb="0" cb="0"/><line nr="358" mi="0" ci="4" mb="0" cb="0"/><line nr="360" mi="0" ci="3" mb="0" cb="0"/><line nr="362" mi="0" ci="4" mb="0" cb="0"/><line nr="363" mi="0" ci="1" mb="0" cb="0"/><counter type="INSTRUCTION" missed="132" covered="279"/><counter type="BRANCH" missed="12" covered="14"/><counter type="LINE" missed="37" covered="75"/><counter type="COMPLEXITY" missed="13" covered="18"/><counter type="METHOD" missed="4" covered="14"/><counter type="CLASS" missed="0" covered="2"/></sourcefile><sourcefile name="OwapiDeviceFactory2020.java"><line nr="34" mi="0" ci="5" mb="0" cb="0"/><line nr="39" mi="0" ci="2" mb="0" cb="0"/><line nr="41" mi="0" ci="3" mb="0" cb="0"/><line nr="42" mi="0" ci="3" mb="0" cb="0"/><line nr="44" mi="0" ci="5" mb="0" cb="0"/><line nr="46" mi="0" ci="5" mb="0" cb="0"/><line nr="48" mi="0" ci="6" mb="0" cb="0"/><line nr="50" mi="0" ci="5" mb="0" cb="0"/><line nr="52" mi="0" ci="7" mb="0" cb="0"/><line nr="53" mi="0" ci="4" mb="0" cb="0"/><line nr="55" mi="0" ci="5" mb="0" cb="0"/><line nr="57" mi="0" ci="6" mb="0" cb="0"/><line nr="64" mi="0" ci="4" mb="0" cb="0"/><line nr="65" mi="0" ci="1" mb="0" cb="0"/><line nr="68" mi="0" ci="4" mb="1" cb="1"/><line nr="69" mi="16" ci="0" mb="0" cb="0"/><line nr="71" mi="0" ci="1" mb="0" cb="0"/><line nr="76" mi="0" ci="4" mb="0" cb="0"/><line nr="79" mi="0" ci="5" mb="0" cb="2"/><line nr="81" mi="0" ci="4" mb="0" cb="0"/><line nr="83" mi="0" ci="4" mb="0" cb="0"/><line nr="85" mi="0" ci="6" mb="0" cb="2"/><line nr="86" mi="0" ci="7" mb="0" cb="0"/><line nr="89" mi="0" ci="5" mb="0" cb="0"/><line nr="90" mi="0" ci="1" mb="0" cb="0"/><line nr="92" mi="0" ci="2" mb="0" cb="0"/><line nr="97" mi="0" ci="11" mb="1" cb="1"/><line nr="98" mi="0" ci="6" mb="1" cb="1"/><line nr="99" mi="0" ci="4" mb="0" cb="0"/><line nr="101" mi="1" ci="0" mb="0" cb="0"/><line nr="103" mi="16" ci="0" mb="0" cb="0"/><line nr="120" mi="0" ci="6" mb="0" cb="0"/><line nr="122" mi="0" ci="5" mb="0" cb="0"/><line nr="124" mi="0" ci="2" mb="0" cb="0"/><line nr="129" mi="5" ci="0" mb="0" cb="0"/><line nr="134" mi="5" ci="0" mb="0" cb="0"/><line nr="139" mi="0" ci="4" mb="0" cb="0"/><line nr="141" mi="0" ci="3" mb="0" cb="0"/><line nr="142" mi="1" ci="0" mb="0" cb="0"/><line nr="143" mi="5" ci="0" mb="0" cb="0"/><line nr="144" mi="0" ci="1" mb="0" cb="0"/><line nr="145" mi="0" ci="1" mb="0" cb="0"/><line nr="149" mi="5" ci="0" mb="0" cb="0"/><counter type="INSTRUCTION" missed="54" covered="147"/><counter type="BRANCH" missed="3" covered="7"/><counter type="LINE" missed="8" covered="35"/><counter type="COMPLEXITY" missed="6" covered="8"/><counter type="METHOD" missed="3" covered="6"/><counter type="CLASS" missed="0" covered="1"/></sourcefile><counter type="INSTRUCTION" missed="186" covered="426"/><counter type="BRANCH" missed="15" covered="21"/><counter type="LINE" missed="45" covered="110"/><counter type="COMPLEXITY" missed="19" covered="26"/><counter type="METHOD" missed="7" covered="20"/><counter type="CLASS" missed="0" covered="3"/></package><counter type="INSTRUCTION" missed="186" covered="426"/><counter type="BRANCH" missed="15" covered="21"/><counter type="LINE" missed="45" covered="110"/><counter type="COMPLEXITY" missed="19" covered="26"/><counter type="METHOD" missed="7" covered="20"/><counter type="CLASS" missed="0" covered="3"/></report>