<?xml version="1.0" encoding="UTF-8" standalone="yes"?><!DOCTYPE report PUBLIC "-//JACOCO//DTD Report 1.1//EN" "report.dtd"><report name="Sensor Abstractions and TCP Implementation"><sessioninfo id="cx-2b525809" start="1621308842565" dump="1621308843162"/><sessioninfo id="cx-48251154" start="1621308946885" dump="1621308947510"/><sessioninfo id="cx-4747a55c" start="1621309397573" dump="1621309398187"/><package name="net/sf/dz3/device/sensor"><class name="net/sf/dz3/device/sensor/SensorType" sourcefilename="SensorType.java"><method name="&lt;init&gt;" desc="(Ljava/lang/String;ILjava/lang/String;Ljava/lang/String;)V" line="20"><counter type="INSTRUCTION" missed="11" covered="0"/><counter type="LINE" missed="4" covered="0"/><counter type="COMPLEXITY" missed="1" covered="0"/><counter type="METHOD" missed="1" covered="0"/></method><method name="toString" desc="()Ljava/lang/String;" line="29"><counter type="INSTRUCTION" missed="3" covered="0"/><counter type="LINE" missed="1" covered="0"/><counter type="COMPLEXITY" missed="1" covered="0"/><counter type="METHOD" missed="1" covered="0"/></method><method name="&lt;clinit&gt;" desc="()V" line="8"><counter type="INSTRUCTION" missed="76" covered="0"/><counter type="LINE" missed="7" covered="0"/><counter type="COMPLEXITY" missed="1" covered="0"/><counter type="METHOD" missed="1" covered="0"/></method><counter type="INSTRUCTION" missed="90" covered="0"/><counter type="LINE" missed="12" covered="0"/><counter type="COMPLEXITY" missed="3" covered="0"/><counter type="METHOD" missed="3" covered="0"/><counter type="CLASS" missed="1" covered="0"/></class><class name="net/sf/dz3/device/sensor/DeviceFactory$Type" sourcefilename="DeviceFactory.java"><method name="&lt;clinit&gt;" desc="()V" line="14"><counter type="INSTRUCTION" missed="34" covered="0"/><counter type="LINE" missed="4" covered="0"/><counter type="COMPLEXITY" missed="1" covered="0"/><counter type="METHOD" missed="1" covered="0"/></method><counter type="INSTRUCTION" missed="34" covered="0"/><counter type="LINE" missed="4" covered="0"/><counter type="COMPLEXITY" missed="1" covered="0"/><counter type="METHOD" missed="1" covered="0"/><counter type="CLASS" missed="1" covered="0"/></class><sourcefile name="DeviceFactory.java"><line nr="14" mi="16" ci="0" mb="0" cb="0"/><line nr="15" mi="6" ci="0" mb="0" cb="0"/><line nr="16" mi="6" ci="0" mb="0" cb="0"/><line nr="17" mi="6" ci="0" mb="0" cb="0"/><counter type="INSTRUCTION" missed="34" covered="0"/><counter type="LINE" missed="4" covered="0"/><counter type="COMPLEXITY" missed="1" covered="0"/><counter type="METHOD" missed="1" covered="0"/><counter type="CLASS" missed="1" covered="0"/></sourcefile><sourcefile name="SensorType.java"><line nr="8" mi="28" ci="0" mb="0" cb="0"/><line nr="10" mi="8" ci="0" mb="0" cb="0"/><line nr="11" mi="8" ci="0" mb="0" cb="0"/><line nr="12" mi="8" ci="0" mb="0" cb="0"/><line nr="13" mi="8" ci="0" mb="0" cb="0"/><line nr="14" mi="8" ci="0" mb="0" cb="0"/><line nr="15" mi="8" ci="0" mb="0" cb="0"/><line nr="20" mi="4" ci="0" mb="0" cb="0"/><line nr="22" mi="3" ci="0" mb="0" cb="0"/><line nr="23" mi="3" ci="0" mb="0" cb="0"/><line nr="24" mi="1" ci="0" mb="0" cb="0"/><line nr="29" mi="3" ci="0" mb="0" cb="0"/><counter type="INSTRUCTION" missed="90" covered="0"/><counter type="LINE" missed="12" covered="0"/><counter type="COMPLEXITY" missed="3" covered="0"/><counter type="METHOD" missed="3" covered="0"/><counter type="CLASS" missed="1" covered="0"/></sourcefile><counter type="INSTRUCTION" missed="124" covered="0"/><counter type="LINE" missed="16" covered="0"/><counter type="COMPLEXITY" missed="4" covered="0"/><counter type="METHOD" missed="4" covered="0"/><counter type="CLASS" missed="2" covered="0"/></package><package name="net/sf/dz3/device/sensor/impl"><class name="net/sf/dz3/device/sensor/impl/AbstractSwitch" sourcefilename="AbstractSwitch.java"><method name="&lt;init&gt;" desc="(Ljava/lang/String;Z)V" line="23"><counter type="INSTRUCTION" missed="22" covered="0"/><counter type="LINE" missed="7" covered="0"/><counter type="COMPLEXITY" missed="1" covered="0"/><counter type="METHOD" missed="1" covered="0"/></method><method name="getState" desc="()Z" line="44"><counter type="INSTRUCTION" missed="3" covered="0"/><counter type="LINE" missed="1" covered="0"/><counter type="COMPLEXITY" missed="1" covered="0"/><counter type="METHOD" missed="1" covered="0"/></method><method name="setState" desc="(Z)V" line="50"><counter type="INSTRUCTION" missed="30" covered="0"/><counter type="LINE" missed="6" covered="0"/><counter type="COMPLEXITY" missed="1" covered="0"/><counter type="METHOD" missed="1" covered="0"/></method><method name="getAddress" desc="()Ljava/lang/String;" line="65"><counter type="INSTRUCTION" missed="3" covered="0"/><counter type="LINE" missed="1" covered="0"/><counter type="COMPLEXITY" missed="1" covered="0"/><counter type="METHOD" missed="1" covered="0"/></method><method name="addConsumer" desc="(Lnet/sf/jukebox/datastream/signal/model/DataSink;)V" line="70"><counter type="INSTRUCTION" missed="5" covered="0"/><counter type="LINE" missed="2" covered="0"/><counter type="COMPLEXITY" missed="1" covered="0"/><counter type="METHOD" missed="1" covered="0"/></method><method name="removeConsumer" desc="(Lnet/sf/jukebox/datastream/signal/model/DataSink;)V" line="75"><counter type="INSTRUCTION" missed="5" covered="0"/><counter type="LINE" missed="2" covered="0"/><counter type="COMPLEXITY" missed="1" covered="0"/><counter type="METHOD" missed="1" covered="0"/></method><method name="toString" desc="()Ljava/lang/String;" line="84"><counter type="INSTRUCTION" missed="35" covered="0"/><counter type="LINE" missed="6" covered="0"/><counter type="COMPLEXITY" missed="1" covered="0"/><counter type="METHOD" missed="1" covered="0"/></method><counter type="INSTRUCTION" missed="103" covered="0"/><counter type="LINE" missed="25" covered="0"/><counter type="COMPLEXITY" missed="7" covered="0"/><counter type="METHOD" missed="7" covered="0"/><counter type="CLASS" missed="1" covered="0"/></class><class name="net/sf/dz3/device/sensor/impl/ContainerMap" sourcefilename="ContainerMap.java"><method name="&lt;init&gt;" desc="()V" line="29"><counter type="INSTRUCTION" missed="13" covered="0"/><counter type="LINE" missed="3" covered="0"/><counter type="COMPLEXITY" missed="1" covered="0"/><counter type="METHOD" missed="1" covered="0"/></method><method name="getHardwareAddress" desc="(Ljava/lang/String;)Ljava/lang/String;" line="45"><counter type="INSTRUCTION" missed="48" covered="0"/><counter type="BRANCH" missed="4" covered="0"/><counter type="LINE" missed="10" covered="0"/><counter type="COMPLEXITY" missed="3" covered="0"/><counter type="METHOD" missed="1" covered="0"/></method><method name="add" desc="(Lnet/sf/dz3/device/sensor/DeviceContainer;)V" line="82"><counter type="INSTRUCTION" missed="42" covered="0"/><counter type="BRANCH" missed="2" covered="0"/><counter type="LINE" missed="10" covered="0"/><counter type="COMPLEXITY" missed="2" covered="0"/><counter type="METHOD" missed="1" covered="0"/></method><method name="get" desc="(Ljava/lang/String;)Ljava/util/Set;" line="115"><counter type="INSTRUCTION" missed="57" covered="0"/><counter type="BRANCH" missed="2" covered="0"/><counter type="LINE" missed="8" covered="0"/><counter type="COMPLEXITY" missed="2" covered="0"/><counter type="METHOD" missed="1" covered="0"/></method><method name="remove" desc="(Ljava/lang/String;)Ljava/util/Set;" line="149"><counter type="INSTRUCTION" missed="6" covered="0"/><counter type="LINE" missed="1" covered="0"/><counter type="COMPLEXITY" missed="1" covered="0"/><counter type="METHOD" missed="1" covered="0"/></method><method name="isEmpty" desc="()Z" line="157"><counter type="INSTRUCTION" missed="4" covered="0"/><counter type="LINE" missed="1" covered="0"/><counter type="COMPLEXITY" missed="1" covered="0"/><counter type="METHOD" missed="1" covered="0"/></method><method name="iterator" desc="()Ljava/util/Iterator;" line="165"><counter type="INSTRUCTION" missed="5" covered="0"/><counter type="LINE" missed="1" covered="0"/><counter type="COMPLEXITY" missed="1" covered="0"/><counter type="METHOD" missed="1" covered="0"/></method><method name="containsKey" desc="(Ljava/lang/String;)Z" line="176"><counter type="INSTRUCTION" missed="5" covered="0"/><counter type="LINE" missed="1" covered="0"/><counter type="COMPLEXITY" missed="1" covered="0"/><counter type="METHOD" missed="1" covered="0"/></method><method name="size" desc="()I" line="186"><counter type="INSTRUCTION" missed="4" covered="0"/><counter type="LINE" missed="1" covered="0"/><counter type="COMPLEXITY" missed="1" covered="0"/><counter type="METHOD" missed="1" covered="0"/></method><method name="dump" desc="()V" line="194"><counter type="INSTRUCTION" missed="103" covered="0"/><counter type="BRANCH" missed="8" covered="0"/><counter type="LINE" missed="18" covered="0"/><counter type="COMPLEXITY" missed="5" covered="0"/><counter type="METHOD" missed="1" covered="0"/></method><counter type="INSTRUCTION" missed="287" covered="0"/><counter type="BRANCH" missed="16" covered="0"/><counter type="LINE" missed="54" covered="0"/><counter type="COMPLEXITY" missed="18" covered="0"/><counter type="METHOD" missed="10" covered="0"/><counter type="CLASS" missed="1" covered="0"/></class><class name="net/sf/dz3/device/sensor/impl/AnalogConverterLM34" sourcefilename="AnalogConverterLM34.java"><method name="&lt;init&gt;" desc="()V" line="13"><counter type="INSTRUCTION" missed="0" covered="3"/><counter type="LINE" missed="0" covered="1"/><counter type="COMPLEXITY" missed="0" covered="1"/><counter type="METHOD" missed="0" covered="1"/></method><method name="convert" desc="(Ljava/lang/Double;)Ljava/lang/Double;" line="28"><counter type="INSTRUCTION" missed="2" covered="14"/><counter type="BRANCH" missed="1" covered="1"/><counter type="LINE" missed="1" covered="2"/><counter type="COMPLEXITY" missed="1" covered="1"/><counter type="METHOD" missed="0" covered="1"/></method><counter type="INSTRUCTION" missed="2" covered="17"/><counter type="BRANCH" missed="1" covered="1"/><counter type="LINE" missed="1" covered="3"/><counter type="COMPLEXITY" missed="1" covered="2"/><counter type="METHOD" missed="0" covered="2"/><counter type="CLASS" missed="0" covered="1"/></class><class name="net/sf/dz3/device/sensor/impl/AbstractDeviceContainer" sourcefilename="AbstractDeviceContainer.java"><method name="&lt;init&gt;" desc="()V" line="14"><counter type="INSTRUCTION" missed="8" covered="0"/><counter type="LINE" missed="2" covered="0"/><counter type="COMPLEXITY" missed="1" covered="0"/><counter type="METHOD" missed="1" covered="0"/></method><method name="getSignature" desc="()Ljava/lang/String;" line="42"><counter type="INSTRUCTION" missed="11" covered="0"/><counter type="LINE" missed="1" covered="0"/><counter type="COMPLEXITY" missed="1" covered="0"/><counter type="METHOD" missed="1" covered="0"/></method><method name="compareTo" desc="(Lnet/sf/dz3/device/sensor/DeviceContainer;)I" line="48"><counter type="INSTRUCTION" missed="13" covered="0"/><counter type="BRANCH" missed="2" covered="0"/><counter type="LINE" missed="3" covered="0"/><counter type="COMPLEXITY" missed="2" covered="0"/><counter type="METHOD" missed="1" covered="0"/></method><counter type="INSTRUCTION" missed="32" covered="0"/><counter type="BRANCH" missed="2" covered="0"/><counter type="LINE" missed="6" covered="0"/><counter type="COMPLEXITY" missed="4" covered="0"/><counter type="METHOD" missed="3" covered="0"/><counter type="CLASS" missed="1" covered="0"/></class><class name="net/sf/dz3/device/sensor/impl/NullSensor" sourcefilename="NullSensor.java"><method name="&lt;init&gt;" desc="(Ljava/lang/String;I)V" line="17"><counter type="INSTRUCTION" missed="0" covered="5"/><counter type="LINE" missed="0" covered="2"/><counter type="COMPLEXITY" missed="0" covered="1"/><counter type="METHOD" missed="0" covered="1"/></method><method name="getSensorSignal" desc="()Lnet/sf/jukebox/datastream/signal/model/DataSample;" line="22"><counter type="INSTRUCTION" missed="5" covered="0"/><counter type="LINE" missed="1" covered="0"/><counter type="COMPLEXITY" missed="1" covered="0"/><counter type="METHOD" missed="1" covered="0"/></method><method name="shutdown" desc="()V" line="30"><counter type="INSTRUCTION" missed="1" covered="0"/><counter type="LINE" missed="1" covered="0"/><counter type="COMPLEXITY" missed="1" covered="0"/><counter type="METHOD" missed="1" covered="0"/></method><method name="startup" desc="()V" line="36"><counter type="INSTRUCTION" missed="1" covered="0"/><counter type="LINE" missed="1" covered="0"/><counter type="COMPLEXITY" missed="1" covered="0"/><counter type="METHOD" missed="1" covered="0"/></method><counter type="INSTRUCTION" missed="7" covered="5"/><counter type="LINE" missed="3" covered="2"/><counter type="COMPLEXITY" missed="3" covered="1"/><counter type="METHOD" missed="3" covered="1"/><counter type="CLASS" missed="0" covered="1"/></class><class name="net/sf/dz3/device/sensor/impl/IntegerChannelAddress" sourcefilename="IntegerChannelAddress.java"><method name="&lt;init&gt;" desc="(Ljava/lang/String;)V" line="20"><counter type="INSTRUCTION" missed="4" covered="0"/><counter type="LINE" missed="2" covered="0"/><counter type="COMPLEXITY" missed="1" covered="0"/><counter type="METHOD" missed="1" covered="0"/></method><method name="parseChannel" desc="(Ljava/lang/String;)Ljava/lang/Integer;" line="27"><counter type="INSTRUCTION" missed="22" covered="0"/><counter type="BRANCH" missed="2" covered="0"/><counter type="LINE" missed="4" covered="0"/><counter type="COMPLEXITY" missed="2" covered="0"/><counter type="METHOD" missed="1" covered="0"/></method><counter type="INSTRUCTION" missed="26" covered="0"/><counter type="BRANCH" missed="2" covered="0"/><counter type="LINE" missed="6" covered="0"/><counter type="COMPLEXITY" missed="3" covered="0"/><counter type="METHOD" missed="2" covered="0"/><counter type="CLASS" missed="1" covered="0"/></class><class name="net/sf/dz3/device/sensor/impl/NullSwitch" sourcefilename="NullSwitch.java"><method name="&lt;init&gt;" desc="(Ljava/lang/String;)V" line="31"><counter type="INSTRUCTION" missed="7" covered="0"/><counter type="LINE" missed="2" covered="0"/><counter type="COMPLEXITY" missed="1" covered="0"/><counter type="METHOD" missed="1" covered="0"/></method><method name="&lt;init&gt;" desc="(Ljava/lang/String;JILjava/lang/Object;)V" line="42"><counter type="INSTRUCTION" missed="14" covered="0"/><counter type="LINE" missed="5" covered="0"/><counter type="COMPLEXITY" missed="1" covered="0"/><counter type="METHOD" missed="1" covered="0"/></method><method name="getJmxDescriptor" desc="()Lnet/sf/jukebox/jmx/JmxDescriptor;" line="52"><counter type="INSTRUCTION" missed="10" covered="0"/><counter type="LINE" missed="2" covered="0"/><counter type="COMPLEXITY" missed="1" covered="0"/><counter type="METHOD" missed="1" covered="0"/></method><method name="getState" desc="()Z" line="61"><counter type="INSTRUCTION" missed="5" covered="0"/><counter type="LINE" missed="2" covered="0"/><counter type="COMPLEXITY" missed="1" covered="0"/><counter type="METHOD" missed="1" covered="0"/></method><method name="setState" desc="(Z)V" line="67"><counter type="INSTRUCTION" missed="10" covered="0"/><counter type="LINE" missed="5" covered="0"/><counter type="COMPLEXITY" missed="1" covered="0"/><counter type="METHOD" missed="1" covered="0"/></method><method name="delay" desc="()V" line="78"><counter type="INSTRUCTION" missed="43" covered="0"/><counter type="BRANCH" missed="6" covered="0"/><counter type="LINE" missed="12" covered="0"/><counter type="COMPLEXITY" missed="4" covered="0"/><counter type="METHOD" missed="1" covered="0"/></method><method name="&lt;clinit&gt;" desc="()V" line="19"><counter type="INSTRUCTION" missed="5" covered="0"/><counter type="LINE" missed="1" covered="0"/><counter type="COMPLEXITY" missed="1" covered="0"/><counter type="METHOD" missed="1" covered="0"/></method><counter type="INSTRUCTION" missed="94" covered="0"/><counter type="BRANCH" missed="6" covered="0"/><counter type="LINE" missed="29" covered="0"/><counter type="COMPLEXITY" missed="10" covered="0"/><counter type="METHOD" missed="7" covered="0"/><counter type="CLASS" missed="1" covered="0"/></class><class name="net/sf/dz3/device/sensor/impl/ConvertingSensor" sourcefilename="ConvertingSensor.java"><method name="&lt;init&gt;" desc="(Lnet/sf/dz3/device/sensor/AnalogSensor;Lnet/sf/dz3/device/sensor/AnalogConverter;)V" line="35"><counter type="INSTRUCTION" missed="13" covered="0"/><counter type="BRANCH" missed="2" covered="0"/><counter type="LINE" missed="4" covered="0"/><counter type="COMPLEXITY" missed="2" covered="0"/><counter type="METHOD" missed="1" covered="0"/></method><method name="&lt;init&gt;" desc="(Lnet/sf/dz3/device/sensor/AnalogSensor;D)V" line="50"><counter type="INSTRUCTION" missed="6" covered="0"/><counter type="LINE" missed="2" covered="0"/><counter type="COMPLEXITY" missed="1" covered="0"/><counter type="METHOD" missed="1" covered="0"/></method><method name="&lt;init&gt;" desc="(Lnet/sf/dz3/device/sensor/AnalogSensor;Lnet/sf/dz3/device/sensor/AnalogConverter;D)V" line="23"><counter type="INSTRUCTION" missed="30" covered="0"/><counter type="BRANCH" missed="2" covered="0"/><counter type="LINE" missed="10" covered="0"/><counter type="COMPLEXITY" missed="2" covered="0"/><counter type="METHOD" missed="1" covered="0"/></method><method name="convert" desc="(Lnet/sf/jukebox/datastream/signal/model/DataSample;)Lnet/sf/jukebox/datastream/signal/model/DataSample;" line="75"><counter type="INSTRUCTION" missed="56" covered="0"/><counter type="BRANCH" missed="6" covered="0"/><counter type="LINE" missed="5" covered="0"/><counter type="COMPLEXITY" missed="4" covered="0"/><counter type="METHOD" missed="1" covered="0"/></method><method name="getSignal" desc="()Lnet/sf/jukebox/datastream/signal/model/DataSample;" line="91"><counter type="INSTRUCTION" missed="6" covered="0"/><counter type="LINE" missed="1" covered="0"/><counter type="COMPLEXITY" missed="1" covered="0"/><counter type="METHOD" missed="1" covered="0"/></method><method name="addConsumer" desc="(Lnet/sf/jukebox/datastream/signal/model/DataSink;)V" line="97"><counter type="INSTRUCTION" missed="5" covered="0"/><counter type="LINE" missed="2" covered="0"/><counter type="COMPLEXITY" missed="1" covered="0"/><counter type="METHOD" missed="1" covered="0"/></method><method name="removeConsumer" desc="(Lnet/sf/jukebox/datastream/signal/model/DataSink;)V" line="103"><counter type="INSTRUCTION" missed="5" covered="0"/><counter type="LINE" missed="2" covered="0"/><counter type="COMPLEXITY" missed="1" covered="0"/><counter type="METHOD" missed="1" covered="0"/></method><method name="getJmxDescriptor" desc="()Lnet/sf/jukebox/jmx/JmxDescriptor;" line="109"><counter type="INSTRUCTION" missed="57" covered="0"/><counter type="BRANCH" missed="4" covered="0"/><counter type="LINE" missed="10" covered="0"/><counter type="COMPLEXITY" missed="3" covered="0"/><counter type="METHOD" missed="1" covered="0"/></method><method name="getAddress" desc="()Ljava/lang/String;" line="135"><counter type="INSTRUCTION" missed="4" covered="0"/><counter type="LINE" missed="1" covered="0"/><counter type="COMPLEXITY" missed="1" covered="0"/><counter type="METHOD" missed="1" covered="0"/></method><method name="consume" desc="(Lnet/sf/jukebox/datastream/signal/model/DataSample;)V" line="141"><counter type="INSTRUCTION" missed="7" covered="0"/><counter type="LINE" missed="2" covered="0"/><counter type="COMPLEXITY" missed="1" covered="0"/><counter type="METHOD" missed="1" covered="0"/></method><method name="getCalibrationShift" desc="()Ljava/lang/Double;" line="152"><counter type="INSTRUCTION" missed="4" covered="0"/><counter type="LINE" missed="1" covered="0"/><counter type="COMPLEXITY" missed="1" covered="0"/><counter type="METHOD" missed="1" covered="0"/></method><method name="setCalibrationShift" desc="(Ljava/lang/Double;)V" line="164"><counter type="INSTRUCTION" missed="5" covered="0"/><counter type="LINE" missed="2" covered="0"/><counter type="COMPLEXITY" missed="1" covered="0"/><counter type="METHOD" missed="1" covered="0"/></method><counter type="INSTRUCTION" missed="198" covered="0"/><counter type="BRANCH" missed="14" covered="0"/><counter type="LINE" missed="42" covered="0"/><counter type="COMPLEXITY" missed="19" covered="0"/><counter type="METHOD" missed="12" covered="0"/><counter type="CLASS" missed="1" covered="0"/></class><class name="net/sf/dz3/device/sensor/impl/AnalogConverterTMP36" sourcefilename="AnalogConverterTMP36.java"><method name="&lt;init&gt;" desc="()V" line="14"><counter type="INSTRUCTION" missed="0" covered="3"/><counter type="LINE" missed="0" covered="1"/><counter type="COMPLEXITY" missed="0" covered="1"/><counter type="METHOD" missed="0" covered="1"/></method><method name="convert" desc="(Ljava/lang/Double;)Ljava/lang/Double;" line="29"><counter type="INSTRUCTION" missed="2" covered="12"/><counter type="BRANCH" missed="1" covered="1"/><counter type="LINE" missed="1" covered="2"/><counter type="COMPLEXITY" missed="1" covered="1"/><counter type="METHOD" missed="0" covered="1"/></method><counter type="INSTRUCTION" missed="2" covered="15"/><counter type="BRANCH" missed="1" covered="1"/><counter type="LINE" missed="1" covered="3"/><counter type="COMPLEXITY" missed="1" covered="2"/><counter type="METHOD" missed="0" covered="2"/><counter type="CLASS" missed="0" covered="1"/></class><class name="net/sf/dz3/device/sensor/impl/MedianFilter" sourcefilename="MedianFilter.java"><method name="&lt;init&gt;" desc="(Ljava/lang/String;Lnet/sf/dz3/device/sensor/AnalogSensor;I)V" line="28"><counter type="INSTRUCTION" missed="25" covered="47"/><counter type="BRANCH" missed="6" covered="6"/><counter type="LINE" missed="5" covered="13"/><counter type="COMPLEXITY" missed="6" covered="1"/><counter type="METHOD" missed="0" covered="1"/></method><method name="getSignal" desc="()Lnet/sf/jukebox/datastream/signal/model/DataSample;" line="71"><counter type="INSTRUCTION" missed="5" covered="0"/><counter type="LINE" missed="1" covered="0"/><counter type="COMPLEXITY" missed="1" covered="0"/><counter type="METHOD" missed="1" covered="0"/></method><method name="addConsumer" desc="(Lnet/sf/jukebox/datastream/signal/model/DataSink;)V" line="76"><counter type="INSTRUCTION" missed="0" covered="5"/><counter type="LINE" missed="0" covered="2"/><counter type="COMPLEXITY" missed="0" covered="1"/><counter type="METHOD" missed="0" covered="1"/></method><method name="removeConsumer" desc="(Lnet/sf/jukebox/datastream/signal/model/DataSink;)V" line="81"><counter type="INSTRUCTION" missed="5" covered="0"/><counter type="LINE" missed="2" covered="0"/><counter type="COMPLEXITY" missed="1" covered="0"/><counter type="METHOD" missed="1" covered="0"/></method><method name="getAddress" desc="()Ljava/lang/String;" line="87"><counter type="INSTRUCTION" missed="3" covered="0"/><counter type="LINE" missed="1" covered="0"/><counter type="COMPLEXITY" missed="1" covered="0"/><counter type="METHOD" missed="1" covered="0"/></method><method name="getDepth" desc="()I" line="92"><counter type="INSTRUCTION" missed="3" covered="0"/><counter type="LINE" missed="1" covered="0"/><counter type="COMPLEXITY" missed="1" covered="0"/><counter type="METHOD" missed="1" covered="0"/></method><method name="consume" desc="(Lnet/sf/jukebox/datastream/signal/model/DataSample;)V" line="98"><counter type="INSTRUCTION" missed="12" covered="100"/><counter type="BRANCH" missed="2" covered="6"/><counter type="LINE" missed="3" covered="15"/><counter type="COMPLEXITY" missed="2" covered="3"/><counter type="METHOD" missed="0" covered="1"/></method><method name="mirror" desc="(Lnet/sf/jukebox/datastream/signal/model/DataSample;)Lnet/sf/jukebox/datastream/signal/model/DataSample;" line="139"><counter type="INSTRUCTION" missed="0" covered="15"/><counter type="LINE" missed="0" covered="1"/><counter type="COMPLEXITY" missed="0" covered="1"/><counter type="METHOD" missed="0" covered="1"/></method><method name="filter" desc="(Lnet/sf/jukebox/datastream/signal/model/DataSample;)Lnet/sf/jukebox/datastream/signal/model/DataSample;" line="144"><counter type="INSTRUCTION" missed="0" covered="44"/><counter type="LINE" missed="0" covered="7"/><counter type="COMPLEXITY" missed="0" covered="1"/><counter type="METHOD" missed="0" covered="1"/></method><method name="getJmxDescriptor" desc="()Lnet/sf/jukebox/jmx/JmxDescriptor;" line="165"><counter type="INSTRUCTION" missed="20" covered="0"/><counter type="LINE" missed="3" covered="0"/><counter type="COMPLEXITY" missed="1" covered="0"/><counter type="METHOD" missed="1" covered="0"/></method><counter type="INSTRUCTION" missed="73" covered="211"/><counter type="BRANCH" missed="8" covered="12"/><counter type="LINE" missed="16" covered="38"/><counter type="COMPLEXITY" missed="13" covered="7"/><counter type="METHOD" missed="5" covered="5"/><counter type="CLASS" missed="0" covered="1"/></class><class name="net/sf/dz3/device/sensor/impl/AbstractAnalogSensor" sourcefilename="AbstractAnalogSensor.java"><method name="&lt;init&gt;" desc="(Ljava/lang/String;I)V" line="39"><counter type="INSTRUCTION" missed="0" covered="21"/><counter type="LINE" missed="0" covered="7"/><counter type="COMPLEXITY" missed="0" covered="1"/><counter type="METHOD" missed="0" covered="1"/></method><method name="getPollInterval" desc="()J" line="74"><counter type="INSTRUCTION" missed="3" covered="0"/><counter type="LINE" missed="1" covered="0"/><counter type="COMPLEXITY" missed="1" covered="0"/><counter type="METHOD" missed="1" covered="0"/></method><method name="setPollInterval" desc="(J)V" line="80"><counter type="INSTRUCTION" missed="18" covered="12"/><counter type="BRANCH" missed="2" covered="2"/><counter type="LINE" missed="2" covered="4"/><counter type="COMPLEXITY" missed="2" covered="1"/><counter type="METHOD" missed="0" covered="1"/></method><method name="getAddress" desc="()Ljava/lang/String;" line="94"><counter type="INSTRUCTION" missed="0" covered="3"/><counter type="LINE" missed="0" covered="1"/><counter type="COMPLEXITY" missed="0" covered="1"/><counter type="METHOD" missed="0" covered="1"/></method><method name="getSignal" desc="()Lnet/sf/jukebox/datastream/signal/model/DataSample;" line="100"><counter type="INSTRUCTION" missed="3" covered="0"/><counter type="LINE" missed="1" covered="0"/><counter type="COMPLEXITY" missed="1" covered="0"/><counter type="METHOD" missed="1" covered="0"/></method><method name="execute" desc="()V" line="106"><counter type="INSTRUCTION" missed="67" covered="0"/><counter type="BRANCH" missed="4" covered="0"/><counter type="LINE" missed="13" covered="0"/><counter type="COMPLEXITY" missed="3" covered="0"/><counter type="METHOD" missed="1" covered="0"/></method><method name="broadcast" desc="(Lnet/sf/jukebox/datastream/signal/model/DataSample;)V" line="141"><counter type="INSTRUCTION" missed="5" covered="0"/><counter type="LINE" missed="2" covered="0"/><counter type="COMPLEXITY" missed="1" covered="0"/><counter type="METHOD" missed="1" covered="0"/></method><method name="addConsumer" desc="(Lnet/sf/jukebox/datastream/signal/model/DataSink;)V" line="156"><counter type="INSTRUCTION" missed="0" covered="5"/><counter type="LINE" missed="0" covered="2"/><counter type="COMPLEXITY" missed="0" covered="1"/><counter type="METHOD" missed="0" covered="1"/></method><method name="removeConsumer" desc="(Lnet/sf/jukebox/datastream/signal/model/DataSink;)V" line="161"><counter type="INSTRUCTION" missed="5" covered="0"/><counter type="LINE" missed="2" covered="0"/><counter type="COMPLEXITY" missed="1" covered="0"/><counter type="METHOD" missed="1" covered="0"/></method><counter type="INSTRUCTION" missed="101" covered="41"/><counter type="BRANCH" missed="6" covered="2"/><counter type="LINE" missed="21" covered="14"/><counter type="COMPLEXITY" missed="9" covered="4"/><counter type="METHOD" missed="5" covered="4"/><counter type="CLASS" missed="0" covered="1"/></class><class name="net/sf/dz3/device/sensor/impl/StringChannelAddress" sourcefilename="StringChannelAddress.java"><method name="&lt;init&gt;" desc="(Ljava/lang/String;)V" line="20"><counter type="INSTRUCTION" missed="4" covered="0"/><counter type="LINE" missed="2" covered="0"/><counter type="COMPLEXITY" missed="1" covered="0"/><counter type="METHOD" missed="1" covered="0"/></method><method name="parseChannel" desc="(Ljava/lang/String;)Ljava/lang/String;" line="27"><counter type="INSTRUCTION" missed="13" covered="0"/><counter type="BRANCH" missed="4" covered="0"/><counter type="LINE" missed="3" covered="0"/><counter type="COMPLEXITY" missed="3" covered="0"/><counter type="METHOD" missed="1" covered="0"/></method><counter type="INSTRUCTION" missed="17" covered="0"/><counter type="BRANCH" missed="4" covered="0"/><counter type="LINE" missed="5" covered="0"/><counter type="COMPLEXITY" missed="4" covered="0"/><counter type="METHOD" missed="2" covered="0"/><counter type="CLASS" missed="1" covered="0"/></class><class name="net/sf/dz3/device/sensor/impl/ShellSensor" sourcefilename="ShellSensor.java"><method name="&lt;init&gt;" desc="(Ljava/lang/String;ILjava/lang/String;)V" line="41"><counter type="INSTRUCTION" missed="5" covered="14"/><counter type="BRANCH" missed="2" covered="2"/><counter type="LINE" missed="1" covered="4"/><counter type="COMPLEXITY" missed="2" covered="1"/><counter type="METHOD" missed="0" covered="1"/></method><method name="getSensorSignal" desc="()Lnet/sf/jukebox/datastream/signal/model/DataSample;" line="55"><counter type="INSTRUCTION" missed="20" covered="153"/><counter type="BRANCH" missed="2" covered="6"/><counter type="LINE" missed="4" covered="23"/><counter type="COMPLEXITY" missed="2" covered="3"/><counter type="METHOD" missed="0" covered="1"/></method><method name="read" desc="(Ljava/io/BufferedReader;)Ljava/lang/String;" line="135"><counter type="INSTRUCTION" missed="5" covered="36"/><counter type="BRANCH" missed="1" covered="3"/><counter type="LINE" missed="1" covered="12"/><counter type="COMPLEXITY" missed="1" covered="2"/><counter type="METHOD" missed="0" covered="1"/></method><method name="startup" desc="()V" line="168"><counter type="INSTRUCTION" missed="19" covered="0"/><counter type="LINE" missed="4" covered="0"/><counter type="COMPLEXITY" missed="1" covered="0"/><counter type="METHOD" missed="1" covered="0"/></method><method name="shutdown" desc="()V" line="182"><counter type="INSTRUCTION" missed="19" covered="0"/><counter type="LINE" missed="4" covered="0"/><counter type="COMPLEXITY" missed="1" covered="0"/><counter type="METHOD" missed="1" covered="0"/></method><method name="getCommand" desc="()Ljava/lang/String;" line="196"><counter type="INSTRUCTION" missed="3" covered="0"/><counter type="LINE" missed="1" covered="0"/><counter type="COMPLEXITY" missed="1" covered="0"/><counter type="METHOD" missed="1" covered="0"/></method><method name="getJmxDescriptor" desc="()Lnet/sf/jukebox/jmx/JmxDescriptor;" line="202"><counter type="INSTRUCTION" missed="12" covered="0"/><counter type="LINE" missed="3" covered="0"/><counter type="COMPLEXITY" missed="1" covered="0"/><counter type="METHOD" missed="1" covered="0"/></method><counter type="INSTRUCTION" missed="83" covered="203"/><counter type="BRANCH" missed="5" covered="11"/><counter type="LINE" missed="18" covered="39"/><counter type="COMPLEXITY" missed="9" covered="6"/><counter type="METHOD" missed="4" covered="3"/><counter type="CLASS" missed="0" covered="1"/></class><class name="net/sf/dz3/device/sensor/impl/ChannelAddress" sourcefilename="ChannelAddress.java"><method name="&lt;init&gt;" desc="(Ljava/lang/String;)V" line="30"><counter type="INSTRUCTION" missed="37" covered="0"/><counter type="BRANCH" missed="4" covered="0"/><counter type="LINE" missed="9" covered="0"/><counter type="COMPLEXITY" missed="3" covered="0"/><counter type="METHOD" missed="1" covered="0"/></method><method name="compareTo" desc="(Lnet/sf/dz3/device/sensor/impl/ChannelAddress;)I" line="50"><counter type="INSTRUCTION" missed="6" covered="0"/><counter type="LINE" missed="1" covered="0"/><counter type="COMPLEXITY" missed="1" covered="0"/><counter type="METHOD" missed="1" covered="0"/></method><method name="equals" desc="(Ljava/lang/Object;)Z" line="56"><counter type="INSTRUCTION" missed="15" covered="0"/><counter type="BRANCH" missed="4" covered="0"/><counter type="LINE" missed="5" covered="0"/><counter type="COMPLEXITY" missed="3" covered="0"/><counter type="METHOD" missed="1" covered="0"/></method><method name="hashCode" desc="()I" line="70"><counter type="INSTRUCTION" missed="4" covered="0"/><counter type="LINE" missed="1" covered="0"/><counter type="COMPLEXITY" missed="1" covered="0"/><counter type="METHOD" missed="1" covered="0"/></method><method name="toString" desc="()Ljava/lang/String;" line="76"><counter type="INSTRUCTION" missed="17" covered="0"/><counter type="LINE" missed="3" covered="0"/><counter type="COMPLEXITY" missed="1" covered="0"/><counter type="METHOD" missed="1" covered="0"/></method><counter type="INSTRUCTION" missed="79" covered="0"/><counter type="BRANCH" missed="8" covered="0"/><counter type="LINE" missed="19" covered="0"/><counter type="COMPLEXITY" missed="9" covered="0"/><counter type="METHOD" missed="5" covered="0"/><counter type="CLASS" missed="1" covered="0"/></class><sourcefile name="StringChannelAddress.java"><line nr="20" mi="3" ci="0" mb="0" cb="0"/><line nr="22" mi="1" ci="0" mb="0" cb="0"/><line nr="27" mi="6" ci="0" mb="4" cb="0"/><line nr="28" mi="5" ci="0" mb="0" cb="0"/><line nr="31" mi="2" ci="0" mb="0" cb="0"/><counter type="INSTRUCTION" missed="17" covered="0"/><counter type="BRANCH" missed="4" covered="0"/><counter type="LINE" missed="5" covered="0"/><counter type="COMPLEXITY" missed="4" covered="0"/><counter type="METHOD" missed="2" covered="0"/><counter type="CLASS" missed="1" covered="0"/></sourcefile><sourcefile name="ShellSensor.java"><line nr="41" mi="0" ci="4" mb="0" cb="0"/><line nr="43" mi="0" ci="6" mb="2" cb="2"/><line nr="46" mi="5" ci="0" mb="0" cb="0"/><line nr="49" mi="0" ci="3" mb="0" cb="0"/><line nr="50" mi="0" ci="1" mb="0" cb="0"/><line nr="55" mi="0" ci="11" mb="0" cb="0"/><line nr="57" mi="0" ci="2" mb="0" cb="0"/><line nr="59" mi="0" ci="2" mb="0" cb="0"/><line nr="63" mi="0" ci="2" mb="0" cb="0"/><line nr="67" mi="0" ci="14" mb="0" cb="0"/><line nr="69" mi="0" ci="18" mb="0" cb="0"/><line nr="71" mi="0" ci="3" mb="0" cb="0"/><line nr="73" mi="0" ci="2" mb="0" cb="2"/><line nr="75" mi="0" ci="16" mb="0" cb="0"/><line nr="79" mi="0" ci="9" mb="0" cb="0"/><line nr="80" mi="0" ci="4" mb="0" cb="0"/><line nr="82" mi="0" ci="11" mb="0" cb="0"/><line nr="84" mi="0" ci="2" mb="0" cb="2"/><line nr="86" mi="0" ci="3" mb="0" cb="0"/><line nr="87" mi="0" ci="14" mb="0" cb="0"/><line nr="91" mi="0" ci="16" mb="0" cb="0"/><line nr="92" mi="0" ci="13" mb="0" cb="0"/><line nr="100" mi="0" ci="2" mb="1" cb="1"/><line nr="102" mi="0" ci="2" mb="0" cb="0"/><line nr="106" mi="1" ci="0" mb="0" cb="0"/><line nr="108" mi="13" ci="0" mb="0" cb="0"/><line nr="112" mi="0" ci="2" mb="1" cb="1"/><line nr="114" mi="0" ci="2" mb="0" cb="0"/><line nr="115" mi="1" ci="0" mb="0" cb="0"/><line nr="116" mi="5" ci="0" mb="0" cb="0"/><line nr="117" mi="0" ci="1" mb="0" cb="0"/><line nr="120" mi="0" ci="2" mb="0" cb="0"/><line nr="135" mi="0" ci="2" mb="0" cb="0"/><line nr="139" mi="0" ci="2" mb="0" cb="0"/><line nr="140" mi="0" ci="4" mb="0" cb="0"/><line nr="144" mi="0" ci="3" mb="0" cb="0"/><line nr="146" mi="0" ci="2" mb="0" cb="2"/><line nr="147" mi="0" ci="1" mb="0" cb="0"/><line nr="150" mi="0" ci="4" mb="1" cb="1"/><line nr="151" mi="5" ci="0" mb="0" cb="0"/><line nr="154" mi="0" ci="6" mb="0" cb="0"/><line nr="155" mi="0" ci="4" mb="0" cb="0"/><line nr="156" mi="0" ci="1" mb="0" cb="0"/><line nr="158" mi="0" ci="5" mb="0" cb="0"/><line nr="161" mi="0" ci="2" mb="0" cb="0"/><line nr="168" mi="2" ci="0" mb="0" cb="0"/><line nr="172" mi="14" ci="0" mb="0" cb="0"/><line nr="175" mi="2" ci="0" mb="0" cb="0"/><line nr="177" mi="1" ci="0" mb="0" cb="0"/><line nr="182" mi="2" ci="0" mb="0" cb="0"/><line nr="186" mi="14" ci="0" mb="0" cb="0"/><line nr="189" mi="2" ci="0" mb="0" cb="0"/><line nr="191" mi="1" ci="0" mb="0" cb="0"/><line nr="196" mi="3" ci="0" mb="0" cb="0"/><line nr="202" mi="5" ci="0" mb="0" cb="0"/><line nr="204" mi="3" ci="0" mb="0" cb="0"/><line nr="205" mi="4" ci="0" mb="0" cb="0"/><counter type="INSTRUCTION" missed="83" covered="203"/><counter type="BRANCH" missed="5" covered="11"/><counter type="LINE" missed="18" covered="39"/><counter type="COMPLEXITY" missed="9" covered="6"/><counter type="METHOD" missed="4" covered="3"/><counter type="CLASS" missed="0" covered="1"/></sourcefile><sourcefile name="MedianFilter.java"><line nr="28" mi="0" ci="5" mb="0" cb="0"/><line nr="29" mi="0" ci="5" mb="0" cb="0"/><line nr="30" mi="0" ci="5" mb="0" cb="0"/><line nr="39" mi="0" ci="2" mb="0" cb="0"/><line nr="41" mi="0" ci="6" mb="2" cb="2"/><line nr="42" mi="5" ci="0" mb="0" cb="0"/><line nr="45" mi="0" ci="2" mb="1" cb="1"/><line nr="46" mi="5" ci="0" mb="0" cb="0"/><line nr="49" mi="0" ci="5" mb="1" cb="1"/><line nr="50" mi="5" ci="0" mb="0" cb="0"/><line nr="53" mi="0" ci="3" mb="1" cb="1"/><line nr="54" mi="5" ci="0" mb="0" cb="0"/><line nr="57" mi="0" ci="4" mb="1" cb="1"/><line nr="58" mi="5" ci="0" mb="0" cb="0"/><line nr="61" mi="0" ci="3" mb="0" cb="0"/><line nr="62" mi="0" ci="3" mb="0" cb="0"/><line nr="64" mi="0" ci="3" mb="0" cb="0"/><line nr="65" mi="0" ci="1" mb="0" cb="0"/><line nr="71" mi="5" ci="0" mb="0" cb="0"/><line nr="76" mi="0" ci="4" mb="0" cb="0"/><line nr="77" mi="0" ci="1" mb="0" cb="0"/><line nr="81" mi="4" ci="0" mb="0" cb="0"/><line nr="82" mi="1" ci="0" mb="0" cb="0"/><line nr="87" mi="3" ci="0" mb="0" cb="0"/><line nr="92" mi="3" ci="0" mb="0" cb="0"/><line nr="98" mi="0" ci="11" mb="0" cb="0"/><line nr="102" mi="0" ci="2" mb="1" cb="1"/><line nr="103" mi="5" ci="0" mb="0" cb="0"/><line nr="106" mi="0" ci="3" mb="1" cb="1"/><line nr="111" mi="6" ci="0" mb="0" cb="0"/><line nr="112" mi="1" ci="0" mb="0" cb="0"/><line nr="115" mi="0" ci="7" mb="0" cb="0"/><line nr="117" mi="0" ci="6" mb="0" cb="2"/><line nr="119" mi="0" ci="20" mb="0" cb="0"/><line nr="120" mi="0" ci="6" mb="0" cb="0"/><line nr="121" mi="0" ci="1" mb="0" cb="0"/><line nr="124" mi="0" ci="6" mb="0" cb="2"/><line nr="125" mi="0" ci="12" mb="0" cb="0"/><line nr="126" mi="0" ci="5" mb="0" cb="0"/><line nr="129" mi="0" ci="6" mb="0" cb="0"/><line nr="133" mi="0" ci="12" mb="0" cb="0"/><line nr="134" mi="0" ci="2" mb="0" cb="0"/><line nr="136" mi="0" ci="1" mb="0" cb="0"/><line nr="139" mi="0" ci="15" mb="0" cb="0"/><line nr="144" mi="0" ci="2" mb="0" cb="0"/><line nr="149" mi="0" ci="6" mb="0" cb="0"/><line nr="150" mi="0" ci="2" mb="0" cb="0"/><line nr="152" mi="0" ci="6" mb="0" cb="0"/><line nr="153" mi="0" ci="10" mb="0" cb="0"/><line nr="155" mi="0" ci="16" mb="0" cb="0"/><line nr="158" mi="0" ci="2" mb="0" cb="0"/><line nr="165" mi="5" ci="0" mb="0" cb="0"/><line nr="167" mi="3" ci="0" mb="0" cb="0"/><line nr="168" mi="12" ci="0" mb="0" cb="0"/><counter type="INSTRUCTION" missed="73" covered="211"/><counter type="BRANCH" missed="8" covered="12"/><counter type="LINE" missed="16" covered="38"/><counter type="COMPLEXITY" missed="13" covered="7"/><counter type="METHOD" missed="5" covered="5"/><counter type="CLASS" missed="0" covered="1"/></sourcefile><sourcefile name="AnalogConverterLM34.java"><line nr="13" mi="0" ci="3" mb="0" cb="0"/><line nr="28" mi="0" ci="2" mb="1" cb="1"/><line nr="29" mi="2" ci="0" mb="0" cb="0"/><line nr="34" mi="0" ci="12" mb="0" cb="0"/><counter type="INSTRUCTION" missed="2" covered="17"/><counter type="BRANCH" missed="1" covered="1"/><counter type="LINE" missed="1" covered="3"/><counter type="COMPLEXITY" missed="1" covered="2"/><counter type="METHOD" missed="0" covered="2"/><counter type="CLASS" missed="0" covered="1"/></sourcefile><sourcefile name="ConvertingSensor.java"><line nr="23" mi="3" ci="0" mb="0" cb="0"/><line nr="25" mi="5" ci="0" mb="0" cb="0"/><line nr="35" mi="5" ci="0" mb="0" cb="0"/><line nr="37" mi="2" ci="0" mb="2" cb="0"/><line nr="38" mi="5" ci="0" mb="0" cb="0"/><line nr="40" mi="1" ci="0" mb="0" cb="0"/><line nr="50" mi="5" ci="0" mb="0" cb="0"/><line nr="51" mi="1" ci="0" mb="0" cb="0"/><line nr="60" mi="2" ci="0" mb="0" cb="0"/><line nr="62" mi="2" ci="0" mb="2" cb="0"/><line nr="63" mi="5" ci="0" mb="0" cb="0"/><line nr="66" mi="3" ci="0" mb="0" cb="0"/><line nr="67" mi="3" ci="0" mb="0" cb="0"/><line nr="68" mi="3" ci="0" mb="0" cb="0"/><line nr="70" mi="3" ci="0" mb="0" cb="0"/><line nr="71" mi="1" ci="0" mb="0" cb="0"/><line nr="75" mi="2" ci="0" mb="2" cb="0"/><line nr="77" mi="16" ci="0" mb="0" cb="0"/><line nr="82" mi="14" ci="0" mb="2" cb="0"/><line nr="83" mi="11" ci="0" mb="2" cb="0"/><line nr="85" mi="13" ci="0" mb="0" cb="0"/><line nr="91" mi="6" ci="0" mb="0" cb="0"/><line nr="97" mi="4" ci="0" mb="0" cb="0"/><line nr="98" mi="1" ci="0" mb="0" cb="0"/><line nr="103" mi="4" ci="0" mb="0" cb="0"/><line nr="104" mi="1" ci="0" mb="0" cb="0"/><line nr="109" mi="3" ci="0" mb="0" cb="0"/><line nr="111" mi="4" ci="0" mb="0" cb="0"/><line nr="113" mi="9" ci="0" mb="2" cb="0"/><line nr="115" mi="5" ci="0" mb="0" cb="0"/><line nr="117" mi="3" ci="0" mb="2" cb="0"/><line nr="119" mi="5" ci="0" mb="0" cb="0"/><line nr="123" mi="3" ci="0" mb="0" cb="0"/><line nr="125" mi="5" ci="0" mb="0" cb="0"/><line nr="127" mi="10" ci="0" mb="0" cb="0"/><line nr="129" mi="10" ci="0" mb="0" cb="0"/><line nr="135" mi="4" ci="0" mb="0" cb="0"/><line nr="141" mi="6" ci="0" mb="0" cb="0"/><line nr="142" mi="1" ci="0" mb="0" cb="0"/><line nr="152" mi="4" ci="0" mb="0" cb="0"/><line nr="164" mi="4" ci="0" mb="0" cb="0"/><line nr="165" mi="1" ci="0" mb="0" cb="0"/><counter type="INSTRUCTION" missed="198" covered="0"/><counter type="BRANCH" missed="14" covered="0"/><counter type="LINE" missed="42" covered="0"/><counter type="COMPLEXITY" missed="19" covered="0"/><counter type="METHOD" missed="12" covered="0"/><counter type="CLASS" missed="1" covered="0"/></sourcefile><sourcefile name="IntegerChannelAddress.java"><line nr="20" mi="3" ci="0" mb="0" cb="0"/><line nr="22" mi="1" ci="0" mb="0" cb="0"/><line nr="27" mi="3" ci="0" mb="0" cb="0"/><line nr="29" mi="2" ci="0" mb="2" cb="0"/><line nr="30" mi="14" ci="0" mb="0" cb="0"/><line nr="33" mi="3" ci="0" mb="0" cb="0"/><counter type="INSTRUCTION" missed="26" covered="0"/><counter type="BRANCH" missed="2" covered="0"/><counter type="LINE" missed="6" covered="0"/><counter type="COMPLEXITY" missed="3" covered="0"/><counter type="METHOD" missed="2" covered="0"/><counter type="CLASS" missed="1" covered="0"/></sourcefile><sourcefile name="NullSensor.java"><line nr="17" mi="0" ci="4" mb="0" cb="0"/><line nr="18" mi="0" ci="1" mb="0" cb="0"/><line nr="22" mi="5" ci="0" mb="0" cb="0"/><line nr="30" mi="1" ci="0" mb="0" cb="0"/><line nr="36" mi="1" ci="0" mb="0" cb="0"/><counter type="INSTRUCTION" missed="7" covered="5"/><counter type="LINE" missed="3" covered="2"/><counter type="COMPLEXITY" missed="3" covered="1"/><counter type="METHOD" missed="3" covered="1"/><counter type="CLASS" missed="0" covered="1"/></sourcefile><sourcefile name="AbstractAnalogSensor.java"><line nr="39" mi="0" ci="3" mb="0" cb="0"/><line nr="44" mi="0" ci="5" mb="0" cb="0"/><line nr="57" mi="0" ci="3" mb="0" cb="0"/><line nr="64" mi="0" ci="2" mb="0" cb="0"/><line nr="67" mi="0" ci="3" mb="0" cb="0"/><line nr="69" mi="0" ci="4" mb="0" cb="0"/><line nr="70" mi="0" ci="1" mb="0" cb="0"/><line nr="74" mi="3" ci="0" mb="0" cb="0"/><line nr="80" mi="0" ci="4" mb="1" cb="1"/><line nr="81" mi="5" ci="0" mb="0" cb="0"/><line nr="84" mi="0" ci="4" mb="1" cb="1"/><line nr="85" mi="13" ci="0" mb="0" cb="0"/><line nr="88" mi="0" ci="3" mb="0" cb="0"/><line nr="89" mi="0" ci="1" mb="0" cb="0"/><line nr="94" mi="0" ci="3" mb="0" cb="0"/><line nr="100" mi="3" ci="0" mb="0" cb="0"/><line nr="106" mi="5" ci="0" mb="2" cb="0"/><line nr="108" mi="15" ci="0" mb="0" cb="0"/><line nr="111" mi="10" ci="0" mb="0" cb="0"/><line nr="115" mi="3" ci="0" mb="2" cb="0"/><line nr="117" mi="4" ci="0" mb="0" cb="0"/><line nr="119" mi="12" ci="0" mb="0" cb="0"/><line nr="126" mi="4" ci="0" mb="0" cb="0"/><line nr="128" mi="4" ci="0" mb="0" cb="0"/><line nr="131" mi="1" ci="0" mb="0" cb="0"/><line nr="132" mi="5" ci="0" mb="0" cb="0"/><line nr="134" mi="2" ci="0" mb="0" cb="0"/><line nr="135" mi="1" ci="0" mb="0" cb="0"/><line nr="137" mi="1" ci="0" mb="0" cb="0"/><line nr="141" mi="4" ci="0" mb="0" cb="0"/><line nr="142" mi="1" ci="0" mb="0" cb="0"/><line nr="156" mi="0" ci="4" mb="0" cb="0"/><line nr="157" mi="0" ci="1" mb="0" cb="0"/><line nr="161" mi="4" ci="0" mb="0" cb="0"/><line nr="162" mi="1" ci="0" mb="0" cb="0"/><counter type="INSTRUCTION" missed="101" covered="41"/><counter type="BRANCH" missed="6" covered="2"/><counter type="LINE" missed="21" covered="14"/><counter type="COMPLEXITY" missed="9" covered="4"/><counter type="METHOD" missed="5" covered="4"/><counter type="CLASS" missed="0" covered="1"/></sourcefile><sourcefile name="NullSwitch.java"><line nr="19" mi="5" ci="0" mb="0" cb="0"/><line nr="31" mi="6" ci="0" mb="0" cb="0"/><line nr="32" mi="1" ci="0" mb="0" cb="0"/><line nr="42" mi="4" ci="0" mb="0" cb="0"/><line nr="44" mi="3" ci="0" mb="0" cb="0"/><line nr="45" mi="3" ci="0" mb="0" cb="0"/><line nr="46" mi="3" ci="0" mb="0" cb="0"/><line nr="47" mi="1" ci="0" mb="0" cb="0"/><line nr="52" mi="6" ci="0" mb="0" cb="0"/><line nr="55" mi="4" ci="0" mb="0" cb="0"/><line nr="61" mi="2" ci="0" mb="0" cb="0"/><line nr="62" mi="3" ci="0" mb="0" cb="0"/><line nr="67" mi="2" ci="0" mb="0" cb="0"/><line nr="69" mi="2" ci="0" mb="0" cb="0"/><line nr="70" mi="3" ci="0" mb="0" cb="0"/><line nr="72" mi="2" ci="0" mb="0" cb="0"/><line nr="74" mi="1" ci="0" mb="0" cb="0"/><line nr="78" mi="8" ci="0" mb="4" cb="0"/><line nr="79" mi="1" ci="0" mb="0" cb="0"/><line nr="84" mi="9" ci="0" mb="0" cb="0"/><line nr="86" mi="3" ci="0" mb="2" cb="0"/><line nr="89" mi="5" ci="0" mb="0" cb="0"/><line nr="90" mi="2" ci="0" mb="0" cb="0"/><line nr="91" mi="4" ci="0" mb="0" cb="0"/><line nr="96" mi="2" ci="0" mb="0" cb="0"/><line nr="99" mi="6" ci="0" mb="0" cb="0"/><line nr="101" mi="1" ci="0" mb="0" cb="0"/><line nr="103" mi="1" ci="0" mb="0" cb="0"/><line nr="104" mi="1" ci="0" mb="0" cb="0"/><counter type="INSTRUCTION" missed="94" covered="0"/><counter type="BRANCH" missed="6" covered="0"/><counter type="LINE" missed="29" covered="0"/><counter type="COMPLEXITY" missed="10" covered="0"/><counter type="METHOD" missed="7" covered="0"/><counter type="CLASS" missed="1" covered="0"/></sourcefile><sourcefile name="AbstractDeviceContainer.java"><line nr="14" mi="2" ci="0" mb="0" cb="0"/><line nr="16" mi="6" ci="0" mb="0" cb="0"/><line nr="42" mi="11" ci="0" mb="0" cb="0"/><line nr="48" mi="2" ci="0" mb="2" cb="0"/><line nr="50" mi="5" ci="0" mb="0" cb="0"/><line nr="53" mi="6" ci="0" mb="0" cb="0"/><counter type="INSTRUCTION" missed="32" covered="0"/><counter type="BRANCH" missed="2" covered="0"/><counter type="LINE" missed="6" covered="0"/><counter type="COMPLEXITY" missed="4" covered="0"/><counter type="METHOD" missed="3" covered="0"/><counter type="CLASS" missed="1" covered="0"/></sourcefile><sourcefile name="AbstractSwitch.java"><line nr="23" mi="5" ci="0" mb="0" cb="0"/><line nr="24" mi="5" ci="0" mb="0" cb="0"/><line nr="34" mi="3" ci="0" mb="0" cb="0"/><line nr="36" mi="2" ci="0" mb="0" cb="0"/><line nr="38" mi="3" ci="0" mb="0" cb="0"/><line nr="39" mi="3" ci="0" mb="0" cb="0"/><line nr="40" mi="1" ci="0" mb="0" cb="0"/><line nr="44" mi="3" ci="0" mb="0" cb="0"/><line nr="50" mi="2" ci="0" mb="0" cb="0"/><line nr="54" mi="8" ci="0" mb="0" cb="0"/><line nr="55" mi="3" ci="0" mb="0" cb="0"/><line nr="56" mi="14" ci="0" mb="0" cb="0"/><line nr="59" mi="2" ci="0" mb="0" cb="0"/><line nr="61" mi="1" ci="0" mb="0" cb="0"/><line nr="65" mi="3" ci="0" mb="0" cb="0"/><line nr="70" mi="4" ci="0" mb="0" cb="0"/><line nr="71" mi="1" ci="0" mb="0" cb="0"/><line nr="75" mi="4" ci="0" mb="0" cb="0"/><line nr="76" mi="1" ci="0" mb="0" cb="0"/><line nr="84" mi="4" ci="0" mb="0" cb="0"/><line nr="85" mi="1" ci="0" mb="0" cb="0"/><line nr="86" mi="5" ci="0" mb="0" cb="0"/><line nr="87" mi="2" ci="0" mb="0" cb="0"/><line nr="88" mi="1" ci="0" mb="0" cb="0"/><line nr="90" mi="22" ci="0" mb="0" cb="0"/><counter type="INSTRUCTION" missed="103" covered="0"/><counter type="LINE" missed="25" covered="0"/><counter type="COMPLEXITY" missed="7" covered="0"/><counter type="METHOD" missed="7" covered="0"/><counter type="CLASS" missed="1" covered="0"/></sourcefile><sourcefile name="AnalogConverterTMP36.java"><line nr="14" mi="0" ci="3" mb="0" cb="0"/><line nr="29" mi="0" ci="2" mb="1" cb="1"/><line nr="30" mi="2" ci="0" mb="0" cb="0"/><line nr="34" mi="0" ci="10" mb="0" cb="0"/><counter type="INSTRUCTION" missed="2" covered="15"/><counter type="BRANCH" missed="1" covered="1"/><counter type="LINE" missed="1" covered="3"/><counter type="COMPLEXITY" missed="1" covered="2"/><counter type="METHOD" missed="0" covered="2"/><counter type="CLASS" missed="0" covered="1"/></sourcefile><sourcefile name="ContainerMap.java"><line nr="29" mi="2" ci="0" mb="0" cb="0"/><line nr="31" mi="5" ci="0" mb="0" cb="0"/><line nr="36" mi="6" ci="0" mb="0" cb="0"/><line nr="45" mi="2" ci="0" mb="0" cb="0"/><line nr="49" mi="2" ci="0" mb="2" cb="0"/><line nr="50" mi="5" ci="0" mb="0" cb="0"/><line nr="53" mi="5" ci="0" mb="2" cb="0"/><line nr="55" mi="4" ci="0" mb="0" cb="0"/><line nr="59" mi="4" ci="0" mb="0" cb="0"/><line nr="63" mi="5" ci="0" mb="0" cb="0"/><line nr="65" mi="14" ci="0" mb="0" cb="0"/><line nr="67" mi="5" ci="0" mb="0" cb="0"/><line nr="70" mi="2" ci="0" mb="0" cb="0"/><line nr="82" mi="2" ci="0" mb="0" cb="0"/><line nr="86" mi="12" ci="0" mb="0" cb="0"/><line nr="88" mi="5" ci="0" mb="0" cb="0"/><line nr="89" mi="4" ci="0" mb="0" cb="0"/><line nr="91" mi="2" ci="0" mb="2" cb="0"/><line nr="93" mi="4" ci="0" mb="0" cb="0"/><line nr="95" mi="6" ci="0" mb="0" cb="0"/><line nr="98" mi="4" ci="0" mb="0" cb="0"/><line nr="103" mi="2" ci="0" mb="0" cb="0"/><line nr="105" mi="1" ci="0" mb="0" cb="0"/><line nr="115" mi="11" ci="0" mb="0" cb="0"/><line nr="119" mi="4" ci="0" mb="0" cb="0"/><line nr="121" mi="6" ci="0" mb="0" cb="0"/><line nr="123" mi="2" ci="0" mb="2" cb="0"/><line nr="125" mi="12" ci="0" mb="0" cb="0"/><line nr="129" mi="16" ci="0" mb="0" cb="0"/><line nr="134" mi="4" ci="0" mb="0" cb="0"/><line nr="137" mi="2" ci="0" mb="0" cb="0"/><line nr="149" mi="6" ci="0" mb="0" cb="0"/><line nr="157" mi="4" ci="0" mb="0" cb="0"/><line nr="165" mi="5" ci="0" mb="0" cb="0"/><line nr="176" mi="5" ci="0" mb="0" cb="0"/><line nr="186" mi="4" ci="0" mb="0" cb="0"/><line nr="194" mi="11" ci="0" mb="0" cb="0"/><line nr="198" mi="13" ci="0" mb="0" cb="0"/><line nr="200" mi="8" ci="0" mb="2" cb="0"/><line nr="202" mi="4" ci="0" mb="0" cb="0"/><line nr="203" mi="6" ci="0" mb="0" cb="0"/><line nr="205" mi="4" ci="0" mb="0" cb="0"/><line nr="207" mi="6" ci="0" mb="0" cb="0"/><line nr="209" mi="2" ci="0" mb="2" cb="0"/><line nr="211" mi="5" ci="0" mb="0" cb="0"/><line nr="215" mi="14" ci="0" mb="0" cb="0"/><line nr="217" mi="6" ci="0" mb="2" cb="0"/><line nr="219" mi="7" ci="0" mb="0" cb="0"/><line nr="221" mi="3" ci="0" mb="2" cb="0"/><line nr="222" mi="5" ci="0" mb="0" cb="0"/><line nr="227" mi="5" ci="0" mb="0" cb="0"/><line nr="228" mi="1" ci="0" mb="0" cb="0"/><line nr="231" mi="2" ci="0" mb="0" cb="0"/><line nr="233" mi="1" ci="0" mb="0" cb="0"/><counter type="INSTRUCTION" missed="287" covered="0"/><counter type="BRANCH" missed="16" covered="0"/><counter type="LINE" missed="54" covered="0"/><counter type="COMPLEXITY" missed="18" covered="0"/><counter type="METHOD" missed="10" covered="0"/><counter type="CLASS" missed="1" covered="0"/></sourcefile><sourcefile name="ChannelAddress.java"><line nr="30" mi="2" ci="0" mb="0" cb="0"/><line nr="32" mi="4" ci="0" mb="0" cb="0"/><line nr="34" mi="4" ci="0" mb="2" cb="0"/><line nr="35" mi="5" ci="0" mb="0" cb="0"/><line nr="38" mi="4" ci="0" mb="2" cb="0"/><line nr="39" mi="5" ci="0" mb="0" cb="0"/><line nr="43" mi="5" ci="0" mb="0" cb="0"/><line nr="44" mi="7" ci="0" mb="0" cb="0"/><line nr="45" mi="1" ci="0" mb="0" cb="0"/><line nr="50" mi="6" ci="0" mb="0" cb="0"/><line nr="56" mi="3" ci="0" mb="2" cb="0"/><line nr="57" mi="2" ci="0" mb="0" cb="0"/><line nr="60" mi="2" ci="0" mb="2" cb="0"/><line nr="61" mi="2" ci="0" mb="0" cb="0"/><line nr="64" mi="6" ci="0" mb="0" cb="0"/><line nr="70" mi="4" ci="0" mb="0" cb="0"/><line nr="76" mi="4" ci="0" mb="0" cb="0"/><line nr="78" mi="10" ci="0" mb="0" cb="0"/><line nr="80" mi="3" ci="0" mb="0" cb="0"/><counter type="INSTRUCTION" missed="79" covered="0"/><counter type="BRANCH" missed="8" covered="0"/><counter type="LINE" missed="19" covered="0"/><counter type="COMPLEXITY" missed="9" covered="0"/><counter type="METHOD" missed="5" covered="0"/><counter type="CLASS" missed="1" covered="0"/></sourcefile><counter type="INSTRUCTION" missed="1104" covered="492"/><counter type="BRANCH" missed="73" covered="27"/><counter type="LINE" missed="246" covered="99"/><counter type="COMPLEXITY" missed="110" covered="22"/><counter type="METHOD" missed="65" covered="17"/><counter type="CLASS" missed="8" covered="6"/></package><package name="net/sf/dz3/device/sensor/impl/tcp"><class name="net/sf/dz3/device/sensor/impl/tcp/TcpConnectionSignature" sourcefilename="TcpConnectionSignature.java"><method name="&lt;init&gt;" desc="(IZLjava/lang/String;)V" line="9"><counter type="INSTRUCTION" missed="0" covered="12"/><counter type="LINE" missed="0" covered="5"/><counter type="COMPLEXITY" missed="0" covered="1"/><counter type="METHOD" missed="0" covered="1"/></method><method name="equals" desc="(Ljava/lang/Object;)Z" line="19"><counter type="INSTRUCTION" missed="10" covered="0"/><counter type="BRANCH" missed="2" covered="0"/><counter type="LINE" missed="3" covered="0"/><counter type="COMPLEXITY" missed="2" covered="0"/><counter type="METHOD" missed="1" covered="0"/></method><method name="hashCode" desc="()I" line="28"><counter type="INSTRUCTION" missed="4" covered="0"/><counter type="LINE" missed="1" covered="0"/><counter type="COMPLEXITY" missed="1" covered="0"/><counter type="METHOD" missed="1" covered="0"/></method><method name="toString" desc="()Ljava/lang/String;" line="34"><counter type="INSTRUCTION" missed="18" covered="0"/><counter type="LINE" missed="5" covered="0"/><counter type="COMPLEXITY" missed="1" covered="0"/><counter type="METHOD" missed="1" covered="0"/></method><method name="render" desc="(Ljava/lang/StringBuilder;)V" line="47"><counter type="INSTRUCTION" missed="34" covered="0"/><counter type="BRANCH" missed="6" covered="0"/><counter type="LINE" missed="4" covered="0"/><counter type="COMPLEXITY" missed="4" covered="0"/><counter type="METHOD" missed="1" covered="0"/></method><method name="compareTo" desc="(Lnet/sf/dz3/device/sensor/impl/tcp/TcpConnectionSignature;)I" line="55"><counter type="INSTRUCTION" missed="6" covered="0"/><counter type="LINE" missed="1" covered="0"/><counter type="COMPLEXITY" missed="1" covered="0"/><counter type="METHOD" missed="1" covered="0"/></method><counter type="INSTRUCTION" missed="72" covered="12"/><counter type="BRANCH" missed="8" covered="0"/><counter type="LINE" missed="14" covered="5"/><counter type="COMPLEXITY" missed="9" covered="1"/><counter type="METHOD" missed="5" covered="1"/><counter type="CLASS" missed="0" covered="1"/></class><sourcefile name="TcpConnectionSignature.java"><line nr="9" mi="0" ci="2" mb="0" cb="0"/><line nr="11" mi="0" ci="3" mb="0" cb="0"/><line nr="12" mi="0" ci="3" mb="0" cb="0"/><line nr="13" mi="0" ci="3" mb="0" cb="0"/><line nr="14" mi="0" ci="1" mb="0" cb="0"/><line nr="19" mi="2" ci="0" mb="2" cb="0"/><line nr="20" mi="2" ci="0" mb="0" cb="0"/><line nr="23" mi="6" ci="0" mb="0" cb="0"/><line nr="28" mi="4" ci="0" mb="0" cb="0"/><line nr="34" mi="4" ci="0" mb="0" cb="0"/><line nr="36" mi="4" ci="0" mb="0" cb="0"/><line nr="38" mi="3" ci="0" mb="0" cb="0"/><line nr="40" mi="4" ci="0" mb="0" cb="0"/><line nr="42" mi="3" ci="0" mb="0" cb="0"/><line nr="47" mi="7" ci="0" mb="0" cb="0"/><line nr="48" mi="9" ci="0" mb="2" cb="0"/><line nr="49" mi="17" ci="0" mb="4" cb="0"/><line nr="50" mi="1" ci="0" mb="0" cb="0"/><line nr="55" mi="6" ci="0" mb="0" cb="0"/><counter type="INSTRUCTION" missed="72" covered="12"/><counter type="BRANCH" missed="8" covered="0"/><counter type="LINE" missed="14" covered="5"/><counter type="COMPLEXITY" missed="9" covered="1"/><counter type="METHOD" missed="5" covered="1"/><counter type="CLASS" missed="0" covered="1"/></sourcefile><counter type="INSTRUCTION" missed="72" covered="12"/><counter type="BRANCH" missed="8" covered="0"/><counter type="LINE" missed="14" covered="5"/><counter type="COMPLEXITY" missed="9" covered="1"/><counter type="METHOD" missed="5" covered="1"/><counter type="CLASS" missed="0" covered="1"/></package><package name="net/sf/dz3/device/sensor/impl/tcp/client"><class name="net/sf/dz3/device/sensor/impl/tcp/client/TcpSensorFactory$TcpTemperatureSensor" sourcefilename="TcpSensorFactory.java"><method name="&lt;init&gt;" desc="(Lnet/sf/dz3/device/sensor/impl/tcp/client/TcpSensorFactory;Ljava/lang/String;I)V" line="474"><counter type="INSTRUCTION" missed="21" covered="0"/><counter type="LINE" missed="4" covered="0"/><counter type="COMPLEXITY" missed="1" covered="0"/><counter type="METHOD" missed="1" covered="0"/></method><method name="getSensorSignal" desc="()Lnet/sf/jukebox/datastream/signal/model/DataSample;" line="483"><counter type="INSTRUCTION" missed="3" covered="0"/><counter type="LINE" missed="1" covered="0"/><counter type="COMPLEXITY" missed="1" covered="0"/><counter type="METHOD" missed="1" covered="0"/></method><method name="shutdown" desc="()V" line="490"><counter type="INSTRUCTION" missed="8" covered="0"/><counter type="LINE" missed="2" covered="0"/><counter type="COMPLEXITY" missed="1" covered="0"/><counter type="METHOD" missed="1" covered="0"/></method><method name="startup" desc="()V" line="497"><counter type="INSTRUCTION" missed="1" covered="0"/><counter type="LINE" missed="1" covered="0"/><counter type="COMPLEXITY" missed="1" covered="0"/><counter type="METHOD" missed="1" covered="0"/></method><method name="consume" desc="(Lnet/sf/jukebox/datastream/signal/model/DataSample;)V" line="502"><counter type="INSTRUCTION" missed="4" covered="0"/><counter type="LINE" missed="2" covered="0"/><counter type="COMPLEXITY" missed="1" covered="0"/><counter type="METHOD" missed="1" covered="0"/></method><counter type="INSTRUCTION" missed="37" covered="0"/><counter type="LINE" missed="10" covered="0"/><counter type="COMPLEXITY" missed="5" covered="0"/><counter type="METHOD" missed="5" covered="0"/><counter type="CLASS" missed="1" covered="0"/></class><class name="net/sf/dz3/device/sensor/impl/tcp/client/TcpSensorFactory" sourcefilename="TcpSensorFactory.java"><method name="&lt;init&gt;" desc="()V" line="37"><counter type="INSTRUCTION" missed="13" covered="0"/><counter type="LINE" missed="3" covered="0"/><counter type="COMPLEXITY" missed="1" covered="0"/><counter type="METHOD" missed="1" covered="0"/></method><method name="getInstance" desc="(Ljava/lang/String;Ljava/lang/String;I)Lnet/sf/dz3/device/sensor/TemperatureSensor;" line="64"><counter type="INSTRUCTION" missed="9" covered="0"/><counter type="LINE" missed="1" covered="0"/><counter type="COMPLEXITY" missed="1" covered="0"/><counter type="METHOD" missed="1" covered="0"/></method><method name="getInstance" desc="(Ljava/lang/String;Ljava/lang/String;IIZLjava/lang/String;)Lnet/sf/dz3/device/sensor/TemperatureSensor;" line="81"><counter type="INSTRUCTION" missed="35" covered="0"/><counter type="BRANCH" missed="2" covered="0"/><counter type="LINE" missed="7" covered="0"/><counter type="COMPLEXITY" missed="2" covered="0"/><counter type="METHOD" missed="1" covered="0"/></method><method name="startup" desc="()V" line="101"><counter type="INSTRUCTION" missed="1" covered="0"/><counter type="LINE" missed="1" covered="0"/><counter type="COMPLEXITY" missed="1" covered="0"/><counter type="METHOD" missed="1" covered="0"/></method><method name="shutdown" desc="()V" line="106"><counter type="INSTRUCTION" missed="44" covered="0"/><counter type="BRANCH" missed="2" covered="0"/><counter type="LINE" missed="11" covered="0"/><counter type="COMPLEXITY" missed="2" covered="0"/><counter type="METHOD" missed="1" covered="0"/></method><counter type="INSTRUCTION" missed="102" covered="0"/><counter type="BRANCH" missed="4" covered="0"/><counter type="LINE" missed="23" covered="0"/><counter type="COMPLEXITY" missed="7" covered="0"/><counter type="METHOD" missed="5" covered="0"/><counter type="CLASS" missed="1" covered="0"/></class><class name="net/sf/dz3/device/sensor/impl/tcp/client/TcpSensorFactory$ReaderSignature" sourcefilename="TcpSensorFactory.java"><method name="&lt;init&gt;" desc="(Ljava/lang/String;IZLjava/lang/String;)V" line="456"><counter type="INSTRUCTION" missed="9" covered="0"/><counter type="LINE" missed="3" covered="0"/><counter type="COMPLEXITY" missed="1" covered="0"/><counter type="METHOD" missed="1" covered="0"/></method><method name="render" desc="(Ljava/lang/StringBuilder;)V" line="464"><counter type="INSTRUCTION" missed="39" covered="0"/><counter type="BRANCH" missed="6" covered="0"/><counter type="LINE" missed="4" covered="0"/><counter type="COMPLEXITY" missed="4" covered="0"/><counter type="METHOD" missed="1" covered="0"/></method><counter type="INSTRUCTION" missed="48" covered="0"/><counter type="BRANCH" missed="6" covered="0"/><counter type="LINE" missed="7" covered="0"/><counter type="COMPLEXITY" missed="5" covered="0"/><counter type="METHOD" missed="2" covered="0"/><counter type="CLASS" missed="1" covered="0"/></class><class name="net/sf/dz3/device/sensor/impl/tcp/client/TcpSensorFactory$TcpReader" sourcefilename="TcpSensorFactory.java"><method name="&lt;init&gt;" desc="(Lnet/sf/dz3/device/sensor/impl/tcp/client/TcpSensorFactory;Lnet/sf/dz3/device/sensor/impl/tcp/client/TcpSensorFactory$ReaderSignature;)V" line="138"><counter type="INSTRUCTION" missed="16" covered="0"/><counter type="LINE" missed="5" covered="0"/><counter type="COMPLEXITY" missed="1" covered="0"/><counter type="METHOD" missed="1" covered="0"/></method><method name="getInstance" desc="(Ljava/lang/String;)Lnet/sf/dz3/device/sensor/TemperatureSensor;" line="146"><counter type="INSTRUCTION" missed="5" covered="0"/><counter type="LINE" missed="1" covered="0"/><counter type="COMPLEXITY" missed="1" covered="0"/><counter type="METHOD" missed="1" covered="0"/></method><method name="startup" desc="()V" line="152"><counter type="INSTRUCTION" missed="106" covered="0"/><counter type="BRANCH" missed="6" covered="0"/><counter type="LINE" missed="21" covered="0"/><counter type="COMPLEXITY" missed="4" covered="0"/><counter type="METHOD" missed="1" covered="0"/></method><method name="execute" desc="()V" line="205"><counter type="INSTRUCTION" missed="156" covered="0"/><counter type="BRANCH" missed="18" covered="0"/><counter type="LINE" missed="35" covered="0"/><counter type="COMPLEXITY" missed="10" covered="0"/><counter type="METHOD" missed="1" covered="0"/></method><method name="shutdown" desc="()V" line="297"><counter type="INSTRUCTION" missed="11" covered="0"/><counter type="BRANCH" missed="2" covered="0"/><counter type="LINE" missed="5" covered="0"/><counter type="COMPLEXITY" missed="2" covered="0"/><counter type="METHOD" missed="1" covered="0"/></method><method name="readLine" desc="()Z" line="313"><counter type="INSTRUCTION" missed="83" covered="0"/><counter type="BRANCH" missed="10" covered="0"/><counter type="LINE" missed="20" covered="0"/><counter type="COMPLEXITY" missed="6" covered="0"/><counter type="METHOD" missed="1" covered="0"/></method><method name="processData" desc="(JLjava/lang/String;)V" line="373"><counter type="INSTRUCTION" missed="34" covered="0"/><counter type="BRANCH" missed="2" covered="0"/><counter type="LINE" missed="7" covered="0"/><counter type="COMPLEXITY" missed="2" covered="0"/><counter type="METHOD" missed="1" covered="0"/></method><method name="processError" desc="(JLjava/lang/String;)V" line="396"><counter type="INSTRUCTION" missed="98" covered="0"/><counter type="BRANCH" missed="4" covered="0"/><counter type="LINE" missed="15" covered="0"/><counter type="COMPLEXITY" missed="3" covered="0"/><counter type="METHOD" missed="1" covered="0"/></method><method name="processArrival" desc="(JLjava/lang/String;)V" line="430"><counter type="INSTRUCTION" missed="12" covered="0"/><counter type="LINE" missed="2" covered="0"/><counter type="COMPLEXITY" missed="1" covered="0"/><counter type="METHOD" missed="1" covered="0"/></method><method name="processDeparture" desc="(JLjava/lang/String;)V" line="435"><counter type="INSTRUCTION" missed="36" covered="0"/><counter type="BRANCH" missed="2" covered="0"/><counter type="LINE" missed="6" covered="0"/><counter type="COMPLEXITY" missed="2" covered="0"/><counter type="METHOD" missed="1" covered="0"/></method><method name="&lt;clinit&gt;" desc="()V" line="130"><counter type="INSTRUCTION" missed="8" covered="0"/><counter type="BRANCH" missed="2" covered="0"/><counter type="LINE" missed="1" covered="0"/><counter type="COMPLEXITY" missed="2" covered="0"/><counter type="METHOD" missed="1" covered="0"/></method><counter type="INSTRUCTION" missed="565" covered="0"/><counter type="BRANCH" missed="46" covered="0"/><counter type="LINE" missed="118" covered="0"/><counter type="COMPLEXITY" missed="34" covered="0"/><counter type="METHOD" missed="11" covered="0"/><counter type="CLASS" missed="1" covered="0"/></class><sourcefile name="TcpSensorFactory.java"><line nr="37" mi="2" ci="0" mb="0" cb="0"/><line nr="42" mi="5" ci="0" mb="0" cb="0"/><line nr="50" mi="6" ci="0" mb="0" cb="0"/><line nr="64" mi="9" ci="0" mb="0" cb="0"/><line nr="81" mi="8" ci="0" mb="0" cb="0"/><line nr="82" mi="6" ci="0" mb="0" cb="0"/><line nr="84" mi="2" ci="0" mb="2" cb="0"/><line nr="86" mi="6" ci="0" mb="0" cb="0"/><line nr="90" mi="3" ci="0" mb="0" cb="0"/><line nr="92" mi="6" ci="0" mb="0" cb="0"/><line nr="95" mi="4" ci="0" mb="0" cb="0"/><line nr="101" mi="1" ci="0" mb="0" cb="0"/><line nr="106" mi="2" ci="0" mb="0" cb="0"/><line nr="110" mi="4" ci="0" mb="0" cb="0"/><line nr="112" mi="8" ci="0" mb="2" cb="0"/><line nr="114" mi="4" ci="0" mb="0" cb="0"/><line nr="116" mi="11" ci="0" mb="0" cb="0"/><line nr="118" mi="4" ci="0" mb="0" cb="0"/><line nr="119" mi="1" ci="0" mb="0" cb="0"/><line nr="121" mi="3" ci="0" mb="0" cb="0"/><line nr="123" mi="4" ci="0" mb="0" cb="0"/><line nr="126" mi="2" ci="0" mb="0" cb="0"/><line nr="128" mi="1" ci="0" mb="0" cb="0"/><line nr="130" mi="8" ci="0" mb="2" cb="0"/><line nr="138" mi="5" ci="0" mb="0" cb="0"/><line nr="140" mi="3" ci="0" mb="0" cb="0"/><line nr="141" mi="4" ci="0" mb="0" cb="0"/><line nr="142" mi="1" ci="0" mb="0" cb="0"/><line nr="146" mi="5" ci="0" mb="0" cb="0"/><line nr="152" mi="3" ci="0" mb="2" cb="0"/><line nr="154" mi="4" ci="0" mb="0" cb="0"/><line nr="158" mi="14" ci="0" mb="0" cb="0"/><line nr="160" mi="1" ci="0" mb="0" cb="0"/><line nr="162" mi="20" ci="0" mb="0" cb="0"/><line nr="163" mi="4" ci="0" mb="0" cb="0"/><line nr="165" mi="3" ci="0" mb="0" cb="0"/><line nr="166" mi="1" ci="0" mb="0" cb="0"/><line nr="169" mi="3" ci="0" mb="2" cb="0"/><line nr="171" mi="11" ci="0" mb="0" cb="0"/><line nr="174" mi="11" ci="0" mb="0" cb="0"/><line nr="176" mi="3" ci="0" mb="2" cb="0"/><line nr="185" mi="7" ci="0" mb="0" cb="0"/><line nr="187" mi="3" ci="0" mb="0" cb="0"/><line nr="188" mi="3" ci="0" mb="0" cb="0"/><line nr="189" mi="3" ci="0" mb="0" cb="0"/><line nr="190" mi="3" ci="0" mb="0" cb="0"/><line nr="191" mi="3" ci="0" mb="0" cb="0"/><line nr="192" mi="3" ci="0" mb="0" cb="0"/><line nr="193" mi="2" ci="0" mb="0" cb="0"/><line nr="198" mi="1" ci="0" mb="0" cb="0"/><line nr="200" mi="3" ci="0" mb="0" cb="0"/><line nr="205" mi="2" ci="0" mb="0" cb="0"/><line nr="207" mi="2" ci="0" mb="2" cb="0"/><line nr="209" mi="3" ci="0" mb="2" cb="0"/><line nr="211" mi="3" ci="0" mb="2" cb="0"/><line nr="215" mi="1" ci="0" mb="0" cb="0"/><line nr="220" mi="3" ci="0" mb="2" cb="0"/><line nr="221" mi="1" ci="0" mb="0" cb="0"/><line nr="224" mi="1" ci="0" mb="0" cb="0"/><line nr="226" mi="3" ci="0" mb="2" cb="0"/><line nr="228" mi="5" ci="0" mb="2" cb="0"/><line nr="232" mi="21" ci="0" mb="0" cb="0"/><line nr="235" mi="4" ci="0" mb="0" cb="0"/><line nr="237" mi="3" ci="0" mb="0" cb="0"/><line nr="238" mi="3" ci="0" mb="0" cb="0"/><line nr="239" mi="3" ci="0" mb="0" cb="0"/><line nr="241" mi="1" ci="0" mb="0" cb="0"/><line nr="247" mi="2" ci="0" mb="0" cb="0"/><line nr="249" mi="2" ci="0" mb="0" cb="0"/><line nr="253" mi="3" ci="0" mb="2" cb="0"/><line nr="255" mi="4" ci="0" mb="0" cb="0"/><line nr="257" mi="9" ci="0" mb="4" cb="0"/><line nr="259" mi="1" ci="0" mb="0" cb="0"/><line nr="266" mi="2" ci="0" mb="0" cb="0"/><line nr="270" mi="11" ci="0" mb="0" cb="0"/><line nr="271" mi="11" ci="0" mb="0" cb="0"/><line nr="273" mi="2" ci="0" mb="0" cb="0"/><line nr="275" mi="4" ci="0" mb="0" cb="0"/><line nr="277" mi="1" ci="0" mb="0" cb="0"/><line nr="279" mi="14" ci="0" mb="0" cb="0"/><line nr="283" mi="3" ci="0" mb="0" cb="0"/><line nr="284" mi="3" ci="0" mb="0" cb="0"/><line nr="285" mi="1" ci="0" mb="0" cb="0"/><line nr="287" mi="2" ci="0" mb="0" cb="0"/><line nr="290" mi="21" ci="0" mb="0" cb="0"/><line nr="292" mi="1" ci="0" mb="0" cb="0"/><line nr="297" mi="2" ci="0" mb="0" cb="0"/><line nr="301" mi="3" ci="0" mb="2" cb="0"/><line nr="302" mi="3" ci="0" mb="0" cb="0"/><line nr="306" mi="2" ci="0" mb="0" cb="0"/><line nr="309" mi="1" ci="0" mb="0" cb="0"/><line nr="313" mi="2" ci="0" mb="0" cb="0"/><line nr="317" mi="2" ci="0" mb="0" cb="0"/><line nr="318" mi="4" ci="0" mb="0" cb="0"/><line nr="320" mi="2" ci="0" mb="2" cb="0"/><line nr="322" mi="4" ci="0" mb="0" cb="0"/><line nr="324" mi="4" ci="0" mb="0" cb="0"/><line nr="325" mi="4" ci="0" mb="0" cb="0"/><line nr="328" mi="6" ci="0" mb="0" cb="0"/><line nr="341" mi="3" ci="0" mb="0" cb="0"/><line nr="343" mi="4" ci="0" mb="2" cb="0"/><line nr="345" mi="7" ci="0" mb="0" cb="0"/><line nr="347" mi="4" ci="0" mb="2" cb="0"/><line nr="349" mi="6" ci="0" mb="0" cb="0"/><line nr="351" mi="4" ci="0" mb="2" cb="0"/><line nr="353" mi="6" ci="0" mb="0" cb="0"/><line nr="355" mi="4" ci="0" mb="2" cb="0"/><line nr="357" mi="7" ci="0" mb="0" cb="0"/><line nr="361" mi="4" ci="0" mb="0" cb="0"/><line nr="364" mi="4" ci="0" mb="0" cb="0"/><line nr="367" mi="2" ci="0" mb="0" cb="0"/><line nr="373" mi="6" ci="0" mb="0" cb="0"/><line nr="375" mi="3" ci="0" mb="0" cb="0"/><line nr="376" mi="3" ci="0" mb="0" cb="0"/><line nr="378" mi="7" ci="0" mb="0" cb="0"/><line nr="380" mi="2" ci="0" mb="2" cb="0"/><line nr="382" mi="12" ci="0" mb="0" cb="0"/><line nr="384" mi="1" ci="0" mb="0" cb="0"/><line nr="396" mi="11" ci="0" mb="0" cb="0"/><line nr="398" mi="6" ci="0" mb="0" cb="0"/><line nr="399" mi="3" ci="0" mb="0" cb="0"/><line nr="401" mi="7" ci="0" mb="0" cb="0"/><line nr="403" mi="2" ci="0" mb="2" cb="0"/><line nr="405" mi="11" ci="0" mb="0" cb="0"/><line nr="407" mi="9" ci="0" mb="2" cb="0"/><line nr="409" mi="4" ci="0" mb="0" cb="0"/><line nr="410" mi="7" ci="0" mb="0" cb="0"/><line nr="411" mi="12" ci="0" mb="0" cb="0"/><line nr="413" mi="3" ci="0" mb="0" cb="0"/><line nr="414" mi="2" ci="0" mb="0" cb="0"/><line nr="418" mi="7" ci="0" mb="0" cb="0"/><line nr="419" mi="13" ci="0" mb="0" cb="0"/><line nr="421" mi="1" ci="0" mb="0" cb="0"/><line nr="430" mi="11" ci="0" mb="0" cb="0"/><line nr="431" mi="1" ci="0" mb="0" cb="0"/><line nr="435" mi="11" ci="0" mb="0" cb="0"/><line nr="437" mi="7" ci="0" mb="0" cb="0"/><line nr="439" mi="2" ci="0" mb="2" cb="0"/><line nr="444" mi="12" ci="0" mb="0" cb="0"/><line nr="445" mi="3" ci="0" mb="0" cb="0"/><line nr="447" mi="1" ci="0" mb="0" cb="0"/><line nr="456" mi="5" ci="0" mb="0" cb="0"/><line nr="458" mi="3" ci="0" mb="0" cb="0"/><line nr="459" mi="1" ci="0" mb="0" cb="0"/><line nr="464" mi="12" ci="0" mb="0" cb="0"/><line nr="465" mi="9" ci="0" mb="2" cb="0"/><line nr="466" mi="17" ci="0" mb="4" cb="0"/><line nr="467" mi="1" ci="0" mb="0" cb="0"/><line nr="474" mi="3" ci="0" mb="0" cb="0"/><line nr="475" mi="4" ci="0" mb="0" cb="0"/><line nr="477" mi="13" ci="0" mb="0" cb="0"/><line nr="478" mi="1" ci="0" mb="0" cb="0"/><line nr="483" mi="3" ci="0" mb="0" cb="0"/><line nr="490" mi="7" ci="0" mb="0" cb="0"/><line nr="491" mi="1" ci="0" mb="0" cb="0"/><line nr="497" mi="1" ci="0" mb="0" cb="0"/><line nr="502" mi="3" ci="0" mb="0" cb="0"/><line nr="503" mi="1" ci="0" mb="0" cb="0"/><counter type="INSTRUCTION" missed="752" covered="0"/><counter type="BRANCH" missed="56" covered="0"/><counter type="LINE" missed="158" covered="0"/><counter type="COMPLEXITY" missed="51" covered="0"/><counter type="METHOD" missed="23" covered="0"/><counter type="CLASS" missed="4" covered="0"/></sourcefile><counter type="INSTRUCTION" missed="752" covered="0"/><counter type="BRANCH" missed="56" covered="0"/><counter type="LINE" missed="158" covered="0"/><counter type="COMPLEXITY" missed="51" covered="0"/><counter type="METHOD" missed="23" covered="0"/><counter type="CLASS" missed="4" covered="0"/></package><package name="net/sf/dz3/device/factory"><class name="net/sf/dz3/device/factory/SingleSwitchProxy" sourcefilename="SingleSwitchProxy.java"><method name="&lt;init&gt;" desc="(Lnet/sf/dz3/device/sensor/impl/ContainerMap;Lnet/sf/dz3/device/sensor/impl/StringChannelAddress;)V" line="28"><counter type="INSTRUCTION" missed="14" covered="0"/><counter type="LINE" missed="5" covered="0"/><counter type="COMPLEXITY" missed="1" covered="0"/><counter type="METHOD" missed="1" covered="0"/></method><method name="getContainer" desc="(Ljava/lang/String;)Ljava/lang/Object;" line="51"><counter type="INSTRUCTION" missed="87" covered="0"/><counter type="BRANCH" missed="8" covered="0"/><counter type="LINE" missed="14" covered="0"/><counter type="COMPLEXITY" missed="5" covered="0"/><counter type="METHOD" missed="1" covered="0"/></method><method name="getAddress" desc="()Ljava/lang/String;" line="88"><counter type="INSTRUCTION" missed="4" covered="0"/><counter type="LINE" missed="1" covered="0"/><counter type="COMPLEXITY" missed="1" covered="0"/><counter type="METHOD" missed="1" covered="0"/></method><method name="addConsumer" desc="(Lnet/sf/jukebox/datastream/signal/model/DataSink;)V" line="93"><counter type="INSTRUCTION" missed="5" covered="0"/><counter type="LINE" missed="1" covered="0"/><counter type="COMPLEXITY" missed="1" covered="0"/><counter type="METHOD" missed="1" covered="0"/></method><method name="removeConsumer" desc="(Lnet/sf/jukebox/datastream/signal/model/DataSink;)V" line="98"><counter type="INSTRUCTION" missed="5" covered="0"/><counter type="LINE" missed="1" covered="0"/><counter type="COMPLEXITY" missed="1" covered="0"/><counter type="METHOD" missed="1" covered="0"/></method><counter type="INSTRUCTION" missed="115" covered="0"/><counter type="BRANCH" missed="8" covered="0"/><counter type="LINE" missed="22" covered="0"/><counter type="COMPLEXITY" missed="9" covered="0"/><counter type="METHOD" missed="5" covered="0"/><counter type="CLASS" missed="1" covered="0"/></class><class name="net/sf/dz3/device/factory/AbstractDeviceFactory$SwitchChannelSplitter" sourcefilename="AbstractDeviceFactory.java"><method name="&lt;init&gt;" desc="(Lnet/sf/dz3/device/factory/AbstractDeviceFactory;)V" line="201"><counter type="INSTRUCTION" missed="11" covered="0"/><counter type="LINE" missed="2" covered="0"/><counter type="COMPLEXITY" missed="1" covered="0"/><counter type="METHOD" missed="1" covered="0"/></method><method name="getSwitch" desc="(Lnet/sf/dz3/device/sensor/impl/StringChannelAddress;)Lnet/sf/dz3/device/sensor/Switch;" line="210"><counter type="INSTRUCTION" missed="24" covered="0"/><counter type="BRANCH" missed="2" covered="0"/><counter type="LINE" missed="5" covered="0"/><counter type="COMPLEXITY" missed="2" covered="0"/><counter type="METHOD" missed="1" covered="0"/></method><counter type="INSTRUCTION" missed="35" covered="0"/><counter type="BRANCH" missed="2" covered="0"/><counter type="LINE" missed="7" covered="0"/><counter type="COMPLEXITY" missed="3" covered="0"/><counter type="METHOD" missed="2" covered="0"/><counter type="CLASS" missed="1" covered="0"/></class><class name="net/sf/dz3/device/factory/DataMap" sourcefilename="DataMap.java"><method name="&lt;init&gt;" desc="()V" line="21"><counter type="INSTRUCTION" missed="8" covered="0"/><counter type="LINE" missed="2" covered="0"/><counter type="COMPLEXITY" missed="1" covered="0"/><counter type="METHOD" missed="1" covered="0"/></method><method name="put" desc="(Ljava/lang/String;Lnet/sf/dz3/device/sensor/DeviceFactory$Type;Ljava/lang/Object;)V" line="46"><counter type="INSTRUCTION" missed="24" covered="0"/><counter type="BRANCH" missed="2" covered="0"/><counter type="LINE" missed="6" covered="0"/><counter type="COMPLEXITY" missed="2" covered="0"/><counter type="METHOD" missed="1" covered="0"/></method><method name="get" desc="(Ljava/lang/String;Lnet/sf/dz3/device/sensor/DeviceFactory$Type;)Ljava/lang/Object;" line="73"><counter type="INSTRUCTION" missed="14" covered="0"/><counter type="BRANCH" missed="2" covered="0"/><counter type="LINE" missed="4" covered="0"/><counter type="COMPLEXITY" missed="2" covered="0"/><counter type="METHOD" missed="1" covered="0"/></method><method name="transferTo" desc="(Lnet/sf/dz3/device/factory/DataMap;)V" line="90"><counter type="INSTRUCTION" missed="41" covered="0"/><counter type="BRANCH" missed="4" covered="0"/><counter type="LINE" missed="10" covered="0"/><counter type="COMPLEXITY" missed="3" covered="0"/><counter type="METHOD" missed="1" covered="0"/></method><method name="toString" desc="()Ljava/lang/String;" line="108"><counter type="INSTRUCTION" missed="4" covered="0"/><counter type="LINE" missed="1" covered="0"/><counter type="COMPLEXITY" missed="1" covered="0"/><counter type="METHOD" missed="1" covered="0"/></method><counter type="INSTRUCTION" missed="91" covered="0"/><counter type="BRANCH" missed="8" covered="0"/><counter type="LINE" missed="23" covered="0"/><counter type="COMPLEXITY" missed="9" covered="0"/><counter type="METHOD" missed="5" covered="0"/><counter type="CLASS" missed="1" covered="0"/></class><class name="net/sf/dz3/device/factory/AbstractDeviceFactory$SensorProxy" sourcefilename="AbstractDeviceFactory.java"><method name="&lt;init&gt;" desc="(Lnet/sf/dz3/device/factory/AbstractDeviceFactory;Ljava/lang/String;ILnet/sf/dz3/device/sensor/SensorType;)V" line="237"><counter type="INSTRUCTION" missed="36" covered="0"/><counter type="BRANCH" missed="4" covered="0"/><counter type="LINE" missed="7" covered="0"/><counter type="COMPLEXITY" missed="3" covered="0"/><counter type="METHOD" missed="1" covered="0"/></method><method name="getSensorSignal" desc="()Lnet/sf/jukebox/datastream/signal/model/DataSample;" line="255"><counter type="INSTRUCTION" missed="266" covered="0"/><counter type="BRANCH" missed="10" covered="0"/><counter type="LINE" missed="26" covered="0"/><counter type="COMPLEXITY" missed="6" covered="0"/><counter type="METHOD" missed="1" covered="0"/></method><method name="shutdown" desc="()V" line="317"><counter type="INSTRUCTION" missed="1" covered="0"/><counter type="LINE" missed="1" covered="0"/><counter type="COMPLEXITY" missed="1" covered="0"/><counter type="METHOD" missed="1" covered="0"/></method><method name="startup" desc="()V" line="321"><counter type="INSTRUCTION" missed="1" covered="0"/><counter type="LINE" missed="1" covered="0"/><counter type="COMPLEXITY" missed="1" covered="0"/><counter type="METHOD" missed="1" covered="0"/></method><method name="execute" desc="()V" line="326"><counter type="INSTRUCTION" miss
[...]
ter type="METHOD" missed="1" covered="0"/></method><method name="shutdown" desc="()V" line="265"><counter type="INSTRUCTION" missed="69" covered="0"/><counter type="BRANCH" missed="4" covered="0"/><counter type="LINE" missed="18" covered="0"/><counter type="COMPLEXITY" missed="3" covered="0"/><counter type="METHOD" missed="1" covered="0"/></method><counter type="INSTRUCTION" missed="230" covered="48"/><counter type="BRANCH" missed="18" covered="0"/><counter type="LINE" missed="51" covered="11"/><counter type="COMPLEXITY" missed="16" covered="2"/><counter type="METHOD" missed="7" covered="2"/><counter type="CLASS" missed="0" covered="1"/></class><class name="net/sf/dz3/device/sensor/impl/tcp/server/AbstractListener$Listener" sourcefilename="AbstractListener.java"><method name="&lt;init&gt;" desc="(Lnet/sf/dz3/device/sensor/impl/tcp/server/AbstractListener;Ljava/net/InetAddress;I)V" line="363"><counter type="INSTRUCTION" missed="12" covered="0"/><counter type="LINE" missed="4" covered="0"/><counter type="COMPLEXITY" missed="1" covered="0"/><counter type="METHOD" missed="1" covered="0"/></method><method name="getHost" desc="()Ljava/lang/String;" line="372"><counter type="INSTRUCTION" missed="19" covered="0"/><counter type="BRANCH" missed="2" covered="0"/><counter type="LINE" missed="1" covered="0"/><counter type="COMPLEXITY" missed="2" covered="0"/><counter type="METHOD" missed="1" covered="0"/></method><method name="isSecureRequested" desc="()Z" line="378"><counter type="INSTRUCTION" missed="5" covered="0"/><counter type="LINE" missed="1" covered="0"/><counter type="COMPLEXITY" missed="1" covered="0"/><counter type="METHOD" missed="1" covered="0"/></method><method name="isSecure" desc="()Z" line="384"><counter type="INSTRUCTION" missed="4" covered="0"/><counter type="LINE" missed="1" covered="0"/><counter type="COMPLEXITY" missed="1" covered="0"/><counter type="METHOD" missed="1" covered="0"/></method><method name="startup" desc="()V" line="392"><counter type="INSTRUCTION" missed="99" covered="0"/><counter type="BRANCH" missed="4" covered="0"/><counter type="LINE" missed="14" covered="0"/><counter type="COMPLEXITY" missed="3" covered="0"/><counter type="METHOD" missed="1" covered="0"/></method><method name="execute" desc="()V" line="434"><counter type="INSTRUCTION" missed="181" covered="0"/><counter type="BRANCH" missed="12" covered="0"/><counter type="LINE" missed="32" covered="0"/><counter type="COMPLEXITY" missed="7" covered="0"/><counter type="METHOD" missed="1" covered="0"/></method><method name="drop" desc="(Lnet/sf/dz3/device/sensor/impl/tcp/server/AbstractListener$ConnectionHandler;Ljava/net/Socket;)V" line="557"><counter type="INSTRUCTION" missed="58" covered="0"/><counter type="BRANCH" missed="4" covered="0"/><counter type="LINE" missed="14" covered="0"/><counter type="COMPLEXITY" missed="3" covered="0"/><counter type="METHOD" missed="1" covered="0"/></method><method name="shutdown" desc="()V" line="589"><counter type="INSTRUCTION" missed="1" covered="0"/><counter type="LINE" missed="1" covered="0"/><counter type="COMPLEXITY" missed="1" covered="0"/><counter type="METHOD" missed="1" covered="0"/></method><method name="compareTo" desc="(Lnet/sf/dz3/device/sensor/impl/tcp/server/AbstractListener$Listener;)I" line="594"><counter type="INSTRUCTION" missed="33" covered="0"/><counter type="BRANCH" missed="2" covered="0"/><counter type="LINE" missed="3" covered="0"/><counter type="COMPLEXITY" missed="2" covered="0"/><counter type="METHOD" missed="1" covered="0"/></method><counter type="INSTRUCTION" missed="412" covered="0"/><counter type="BRANCH" missed="24" covered="0"/><counter type="LINE" missed="71" covered="0"/><counter type="COMPLEXITY" missed="21" covered="0"/><counter type="METHOD" missed="9" covered="0"/><counter type="CLASS" missed="1" covered="0"/></class><class name="net/sf/dz3/device/sensor/impl/tcp/server/SensorServer" sourcefilename="SensorServer.java"><method name="&lt;init&gt;" desc="(Ljava/util/Set;II)V" line="18"><counter type="INSTRUCTION" missed="0" covered="6"/><counter type="LINE" missed="0" covered="2"/><counter type="COMPLEXITY" missed="0" covered="1"/><counter type="METHOD" missed="0" covered="1"/></method><method name="&lt;init&gt;" desc="(Ljava/util/Set;IIZLjava/lang/String;)V" line="23"><counter type="INSTRUCTION" missed="8" covered="0"/><counter type="LINE" missed="2" covered="0"/><counter type="COMPLEXITY" missed="1" covered="0"/><counter type="METHOD" missed="1" covered="0"/></method><method name="cleanup" desc="()V" line="29"><counter type="INSTRUCTION" missed="0" covered="1"/><counter type="LINE" missed="0" covered="1"/><counter type="COMPLEXITY" missed="0" covered="1"/><counter type="METHOD" missed="0" covered="1"/></method><method name="createHandler" desc="(Ljava/net/Socket;Ljava/io/BufferedReader;Ljava/io/PrintWriter;)Lnet/sf/dz3/device/sensor/impl/tcp/server/AbstractListener$ConnectionHandler;" line="34"><counter type="INSTRUCTION" missed="8" covered="0"/><counter type="LINE" missed="1" covered="0"/><counter type="COMPLEXITY" missed="1" covered="0"/><counter type="METHOD" missed="1" covered="0"/></method><method name="getDefaultBroadcastPort" desc="()I" line="40"><counter type="INSTRUCTION" missed="2" covered="0"/><counter type="LINE" missed="1" covered="0"/><counter type="COMPLEXITY" missed="1" covered="0"/><counter type="METHOD" missed="1" covered="0"/></method><method name="getDefaultListenPort" desc="()I" line="46"><counter type="INSTRUCTION" missed="2" covered="0"/><counter type="LINE" missed="1" covered="0"/><counter type="COMPLEXITY" missed="1" covered="0"/><counter type="METHOD" missed="1" covered="0"/></method><method name="getServiceSignature" desc="()Ljava/lang/String;" line="52"><counter type="INSTRUCTION" missed="2" covered="0"/><counter type="LINE" missed="1" covered="0"/><counter type="COMPLEXITY" missed="1" covered="0"/><counter type="METHOD" missed="1" covered="0"/></method><method name="isUnique" desc="()Z" line="58"><counter type="INSTRUCTION" missed="2" covered="0"/><counter type="LINE" missed="1" covered="0"/><counter type="COMPLEXITY" missed="1" covered="0"/><counter type="METHOD" missed="1" covered="0"/></method><method name="shutdown2" desc="()V" line="64"><counter type="INSTRUCTION" missed="1" covered="0"/><counter type="LINE" missed="1" covered="0"/><counter type="COMPLEXITY" missed="1" covered="0"/><counter type="METHOD" missed="1" covered="0"/></method><method name="startup2" desc="()V" line="69"><counter type="INSTRUCTION" missed="1" covered="0"/><counter type="LINE" missed="1" covered="0"/><counter type="COMPLEXITY" missed="1" covered="0"/><counter type="METHOD" missed="1" covered="0"/></method><method name="stateChanged" desc="(Lnet/sf/dz3/device/sensor/TemperatureSensor;Lnet/sf/jukebox/datastream/signal/model/DataSample;)V" line="74"><counter type="INSTRUCTION" missed="1" covered="0"/><counter type="LINE" missed="1" covered="0"/><counter type="COMPLEXITY" missed="1" covered="0"/><counter type="METHOD" missed="1" covered="0"/></method><counter type="INSTRUCTION" missed="27" covered="7"/><counter type="LINE" missed="10" covered="3"/><counter type="COMPLEXITY" missed="9" covered="2"/><counter type="METHOD" missed="9" covered="2"/><counter type="CLASS" missed="0" covered="1"/></class><sourcefile name="SensorServer.java"><line nr="18" mi="0" ci="5" mb="0" cb="0"/><line nr="19" mi="0" ci="1" mb="0" cb="0"/><line nr="23" mi="7" ci="0" mb="0" cb="0"/><line nr="24" mi="1" ci="0" mb="0" cb="0"/><line nr="29" mi="0" ci="1" mb="0" cb="0"/><line nr="34" mi="8" ci="0" mb="0" cb="0"/><line nr="40" mi="2" ci="0" mb="0" cb="0"/><line nr="46" mi="2" ci="0" mb="0" cb="0"/><line nr="52" mi="2" ci="0" mb="0" cb="0"/><line nr="58" mi="2" ci="0" mb="0" cb="0"/><line nr="64" mi="1" ci="0" mb="0" cb="0"/><line nr="69" mi="1" ci="0" mb="0" cb="0"/><line nr="74" mi="1" ci="0" mb="0" cb="0"/><line nr="81" mi="5" ci="0" mb="0" cb="0"/><line nr="83" mi="3" ci="0" mb="0" cb="0"/><line nr="84" mi="6" ci="0" mb="0" cb="0"/><line nr="85" mi="1" ci="0" mb="0" cb="0"/><line nr="89" mi="2" ci="0" mb="0" cb="0"/><line nr="95" mi="5" ci="0" mb="0" cb="0"/><line nr="96" mi="2" ci="0" mb="0" cb="0"/><line nr="98" mi="8" ci="0" mb="2" cb="0"/><line nr="100" mi="4" ci="0" mb="0" cb="0"/><line nr="101" mi="6" ci="0" mb="0" cb="0"/><line nr="103" mi="5" ci="0" mb="0" cb="0"/><line nr="104" mi="1" ci="0" mb="0" cb="0"/><line nr="105" mi="3" ci="0" mb="0" cb="0"/><line nr="106" mi="1" ci="0" mb="0" cb="0"/><line nr="111" mi="4" ci="0" mb="0" cb="0"/><line nr="113" mi="10" ci="0" mb="0" cb="0"/><line nr="115" mi="8" ci="0" mb="2" cb="0"/><line nr="117" mi="3" ci="0" mb="2" cb="0"/><line nr="118" mi="4" ci="0" mb="0" cb="0"/><line nr="121" mi="7" ci="0" mb="0" cb="0"/><line nr="124" mi="4" ci="0" mb="0" cb="0"/><line nr="125" mi="1" ci="0" mb="0" cb="0"/><line nr="130" mi="7" ci="0" mb="0" cb="0"/><line nr="132" mi="5" ci="0" mb="0" cb="0"/><line nr="133" mi="1" ci="0" mb="0" cb="0"/><line nr="137" mi="4" ci="0" mb="0" cb="0"/><line nr="139" mi="14" ci="0" mb="2" cb="0"/><line nr="140" mi="15" ci="0" mb="2" cb="0"/><line nr="142" mi="3" ci="0" mb="0" cb="0"/><counter type="INSTRUCTION" missed="169" covered="7"/><counter type="BRANCH" missed="10" covered="0"/><counter type="LINE" missed="39" covered="3"/><counter type="COMPLEXITY" missed="20" covered="2"/><counter type="METHOD" missed="15" covered="2"/><counter type="CLASS" missed="1" covered="1"/></sourcefile><sourcefile name="AbstractListener.java"><line nr="47" mi="0" ci="5" mb="0" cb="0"/><line nr="59" mi="0" ci="5" mb="0" cb="0"/><line nr="64" mi="0" ci="5" mb="0" cb="0"/><line nr="70" mi="0" ci="6" mb="0" cb="0"/><line nr="80" mi="0" ci="7" mb="0" cb="0"/><line nr="81" mi="0" ci="1" mb="0" cb="0"/><line nr="83" mi="0" ci="2" mb="0" cb="0"/><line nr="85" mi="0" ci="5" mb="0" cb="0"/><line nr="87" mi="0" ci="8" mb="0" cb="0"/><line nr="88" mi="0" ci="3" mb="0" cb="0"/><line nr="89" mi="0" ci="1" mb="0" cb="0"/><line nr="93" mi="4" ci="0" mb="0" cb="0"/><line nr="98" mi="3" ci="0" mb="0" cb="0"/><line nr="105" mi="4" ci="0" mb="0" cb="0"/><line nr="116" mi="2" ci="0" mb="0" cb="0"/><line nr="121" mi="4" ci="0" mb="2" cb="0"/><line nr="123" mi="4" ci="0" mb="0" cb="0"/><line nr="125" mi="9" ci="0" mb="0" cb="0"/><line nr="127" mi="4" ci="0" mb="2" cb="0"/><line nr="128" mi="5" ci="0" mb="0" cb="0"/><line nr="129" mi="5" ci="0" mb="0" cb="0"/><line nr="130" mi="4" ci="0" mb="0" cb="0"/><line nr="132" mi="4" ci="0" mb="0" cb="0"/><line nr="136" mi="1" ci="0" mb="0" cb="0"/><line nr="144" mi="2" ci="0" mb="0" cb="0"/><line nr="146" mi="7" ci="0" mb="2" cb="0"/><line nr="148" mi="4" ci="0" mb="0" cb="0"/><line nr="149" mi="3" ci="0" mb="0" cb="0"/><line nr="151" mi="4" ci="0" mb="2" cb="0"/><line nr="153" mi="11" ci="0" mb="0" cb="0"/><line nr="154" mi="2" ci="0" mb="0" cb="0"/><line nr="155" mi="1" ci="0" mb="0" cb="0"/><line nr="158" mi="10" ci="0" mb="0" cb="0"/><line nr="165" mi="4" ci="0" mb="2" cb="0"/><line nr="166" mi="5" ci="0" mb="0" cb="0"/><line nr="167" mi="5" ci="0" mb="0" cb="0"/><line nr="168" mi="4" ci="0" mb="0" cb="0"/><line nr="170" mi="13" ci="0" mb="0" cb="0"/><line nr="172" mi="1" ci="0" mb="0" cb="0"/><line nr="175" mi="4" ci="0" mb="2" cb="0"/><line nr="176" mi="5" ci="0" mb="0" cb="0"/><line nr="190" mi="1" ci="0" mb="0" cb="0"/><line nr="237" mi="1" ci="0" mb="0" cb="0"/><line nr="259" mi="21" ci="0" mb="2" cb="0"/><line nr="265" mi="4" ci="0" mb="0" cb="0"/><line nr="269" mi="4" ci="0" mb="0" cb="0"/><line nr="271" mi="11" ci="0" mb="2" cb="0"/><line nr="273" mi="4" ci="0" mb="0" cb="0"/><line nr="275" mi="4" ci="0" mb="0" cb="0"/><line nr="276" mi="2" ci="0" mb="0" cb="0"/><line nr="277" mi="1" ci="0" mb="0" cb="0"/><line nr="279" mi="4" ci="0" mb="0" cb="0"/><line nr="283" mi="11" ci="0" mb="2" cb="0"/><line nr="285" mi="4" ci="0" mb="0" cb="0"/><line nr="287" mi="3" ci="0" mb="0" cb="0"/><line nr="288" mi="4" ci="0" mb="0" cb="0"/><line nr="289" mi="1" ci="0" mb="0" cb="0"/><line nr="291" mi="3" ci="0" mb="0" cb="0"/><line nr="293" mi="4" ci="0" mb="0" cb="0"/><line nr="297" mi="2" ci="0" mb="0" cb="0"/><line nr="301" mi="2" ci="0" mb="0" cb="0"/><line nr="302" mi="1" ci="0" mb="0" cb="0"/><line nr="363" mi="5" ci="0" mb="0" cb="0"/><line nr="365" mi="3" ci="0" mb="0" cb="0"/><line nr="366" mi="3" ci="0" mb="0" cb="0"/><line nr="367" mi="1" ci="0" mb="0" cb="0"/><line nr="372" mi="19" ci="0" mb="2" cb="0"/><line nr="378" mi="5" ci="0" mb="0" cb="0"/><line nr="384" mi="4" ci="0" mb="0" cb="0"/><line nr="392" mi="5" ci="0" mb="2" cb="0"/><line nr="394" mi="4" ci="0" mb="0" cb="0"/><line nr="402" mi="14" ci="0" mb="0" cb="0"/><line nr="404" mi="1" ci="0" mb="0" cb="0"/><line nr="406" mi="18" ci="0" mb="0" cb="0"/><line nr="408" mi="4" ci="0" mb="0" cb="0"/><line nr="409" mi="1" ci="0" mb="0" cb="0"/><line nr="412" mi="3" ci="0" mb="2" cb="0"/><line nr="414" mi="10" ci="0" mb="0" cb="0"/><line nr="418" mi="17" ci="0" mb="0" cb="0"/><line nr="420" mi="1" ci="0" mb="0" cb="0"/><line nr="422" mi="19" ci="0" mb="0" cb="0"/><line nr="423" mi="1" ci="0" mb="0" cb="0"/><line nr="424" mi="1" ci="0" mb="0" cb="0"/><line nr="434" mi="3" ci="0" mb="2" cb="0"/><line nr="436" mi="4" ci="0" mb="0" cb="0"/><line nr="438" mi="17" ci="0" mb="0" cb="0"/><line nr="444" mi="3" ci="0" mb="2" cb="0"/><line nr="450" mi="14" ci="0" mb="0" cb="0"/><line nr="451" mi="3" ci="0" mb="0" cb="0"/><line nr="453" mi="2" ci="0" mb="0" cb="0"/><line nr="454" mi="1" ci="0" mb="0" cb="0"/><line nr="462" mi="4" ci="0" mb="0" cb="0"/><line nr="464" mi="9" ci="0" mb="0" cb="0"/><line nr="465" mi="6" ci="0" mb="0" cb="0"/><line nr="467" mi="7" ci="0" mb="0" cb="0"/><line nr="473" mi="9" ci="0" mb="4" cb="0"/><line nr="475" mi="4" ci="0" mb="0" cb="0"/><line nr="486" mi="6" ci="0" mb="0" cb="0"/><line nr="488" mi="6" ci="0" mb="0" cb="0"/><line nr="489" mi="3" ci="0" mb="0" cb="0"/><line nr="491" mi="4" ci="0" mb="0" cb="0"/><line nr="495" mi="6" ci="0" mb="0" cb="0"/><line nr="497" mi="6" ci="0" mb="0" cb="0"/><line nr="498" mi="3" ci="0" mb="0" cb="0"/><line nr="511" mi="4" ci="0" mb="2" cb="0"/><line nr="513" mi="14" ci="0" mb="0" cb="0"/><line nr="514" mi="5" ci="0" mb="0" cb="0"/><line nr="520" mi="5" ci="0" mb="2" cb="0"/><line nr="525" mi="4" ci="0" mb="0" cb="0"/><line nr="527" mi="3" ci="0" mb="0" cb="0"/><line nr="530" mi="1" ci="0" mb="0" cb="0"/><line nr="534" mi="19" ci="0" mb="0" cb="0"/><line nr="538" mi="4" ci="0" mb="0" cb="0"/><line nr="540" mi="1" ci="0" mb="0" cb="0"/><line nr="541" mi="1" ci="0" mb="0" cb="0"/><line nr="557" mi="4" ci="0" mb="0" cb="0"/><line nr="559" mi="6" ci="0" mb="0" cb="0"/><line nr="561" mi="8" ci="0" mb="2" cb="0"/><line nr="563" mi="4" ci="0" mb="0" cb="0"/><line nr="565" mi="3" ci="0" mb="2" cb="0"/><line nr="569" mi="1" ci="0" mb="0" cb="0"/><line nr="572" mi="13" ci="0" mb="0" cb="0"/><line nr="573" mi="3" ci="0" mb="0" cb="0"/><line nr="574" mi="4" ci="0" mb="0" cb="0"/><line nr="575" mi="1" ci="0" mb="0" cb="0"/><line nr="576" mi="3" ci="0" mb="0" cb="0"/><line nr="581" mi="3" ci="0" mb="0" cb="0"/><line nr="583" mi="4" ci="0" mb="0" cb="0"/><line nr="584" mi="1" ci="0" mb="0" cb="0"/><line nr="589" mi="1" ci="0" mb="0" cb="0"/><line nr="594" mi="2" ci="0" mb="2" cb="0"/><line nr="595" mi="5" ci="0" mb="0" cb="0"/><line nr="598" mi="26" ci="0" mb="0" cb="0"/><line nr="634" mi="5" ci="0" mb="0" cb="0"/><line nr="636" mi="3" ci="0" mb="0" cb="0"/><line nr="637" mi="3" ci="0" mb="0" cb="0"/><line nr="638" mi="3" ci="0" mb="0" cb="0"/><line nr="639" mi="1" ci="0" mb="0" cb="0"/><line nr="653" mi="3" ci="0" mb="2" cb="0"/><line nr="655" mi="5" ci="0" mb="0" cb="0"/><line nr="658" mi="4" ci="0" mb="0" cb="0"/><line nr="659" mi="3" ci="0" mb="0" cb="0"/><line nr="660" mi="1" ci="0" mb="0" cb="0"/><line nr="667" mi="2" ci="0" mb="0" cb="0"/><line nr="671" mi="7" ci="0" mb="0" cb="0"/><line nr="673" mi="3" ci="0" mb="2" cb="0"/><line nr="674" mi="3" ci="0" mb="0" cb="0"/><line nr="677" mi="6" ci="0" mb="0" cb="0"/><line nr="679" mi="6" ci="0" mb="0" cb="0"/><line nr="680" mi="3" ci="0" mb="0" cb="0"/><line nr="682" mi="14" ci="0" mb="0" cb="0"/><line nr="683" mi="1" ci="0" mb="0" cb="0"/><line nr="700" mi="14" ci="0" mb="0" cb="0"/><line nr="701" mi="4" ci="0" mb="0" cb="0"/><line nr="708" mi="3" ci="0" mb="2" cb="0"/><line nr="709" mi="3" ci="0" mb="0" cb="0"/><line nr="714" mi="6" ci="0" mb="0" cb="0"/><line nr="716" mi="6" ci="0" mb="0" cb="0"/><line nr="717" mi="3" ci="0" mb="0" cb="0"/><line nr="719" mi="3" ci="0" mb="0" cb="0"/><line nr="723" mi="3" ci="0" mb="0" cb="0"/><line nr="724" mi="3" ci="0" mb="0" cb="0"/><line nr="726" mi="4" ci="0" mb="0" cb="0"/><line nr="728" mi="1" ci="0" mb="0" cb="0"/><line nr="730" mi="5" ci="0" mb="0" cb="0"/><line nr="731" mi="1" ci="0" mb="0" cb="0"/><line nr="733" mi="14" ci="0" mb="0" cb="0"/><line nr="735" mi="5" ci="0" mb="2" cb="0"/><line nr="737" mi="4" ci="0" mb="0" cb="0"/><line nr="753" mi="4" ci="0" mb="0" cb="0"/><line nr="755" mi="3" ci="0" mb="0" cb="0"/><line nr="759" mi="4" ci="0" mb="0" cb="0"/><line nr="763" mi="1" ci="0" mb="0" cb="0"/><line nr="768" mi="6" ci="0" mb="0" cb="0"/><line nr="779" mi="2" ci="0" mb="0" cb="0"/><line nr="783" mi="5" ci="0" mb="0" cb="0"/><line nr="785" mi="4" ci="0" mb="2" cb="0"/><line nr="787" mi="14" ci="0" mb="0" cb="0"/><line nr="788" mi="1" ci="0" mb="0" cb="0"/><line nr="791" mi="2" ci="0" mb="2" cb="0"/><line nr="793" mi="5" ci="0" mb="0" cb="0"/><line nr="795" mi="4" ci="0" mb="0" cb="0"/><line nr="796" mi="1" ci="0" mb="0" cb="0"/><line nr="805" mi="4" ci="0" mb="0" cb="0"/><line nr="807" mi="3" ci="0" mb="0" cb="0"/><line nr="808" mi="3" ci="0" mb="0" cb="0"/><line nr="810" mi="1" ci="0" mb="0" cb="0"/><line nr="814" mi="5" ci="0" mb="0" cb="0"/><line nr="816" mi="4" ci="0" mb="2" cb="0"/><line nr="818" mi="4" ci="0" mb="0" cb="0"/><line nr="821" mi="1" ci="0" mb="0" cb="0"/><line nr="823" mi="1" ci="0" mb="0" cb="0"/><line nr="827" mi="13" ci="0" mb="0" cb="0"/><line nr="829" mi="4" ci="0" mb="2" cb="0"/><line nr="831" mi="4" ci="0" mb="0" cb="0"/><line nr="834" mi="1" ci="0" mb="0" cb="0"/><line nr="836" mi="1" ci="0" mb="0" cb="0"/><line nr="840" mi="13" ci="0" mb="0" cb="0"/><line nr="842" mi="4" ci="0" mb="2" cb="0"/><line nr="844" mi="4" ci="0" mb="0" cb="0"/><line nr="847" mi="1" ci="0" mb="0" cb="0"/><line nr="849" mi="1" ci="0" mb="0" cb="0"/><line nr="851" mi="8" ci="0" mb="4" cb="0"/><line nr="855" mi="1" ci="0" mb="0" cb="0"/><line nr="858" mi="15" ci="0" mb="0" cb="0"/><line nr="862" mi="21" ci="0" mb="2" cb="0"/><line nr="863" mi="1" ci="0" mb="0" cb="0"/><line nr="864" mi="1" ci="0" mb="0" cb="0"/><line nr="880" mi="4" ci="0" mb="2" cb="0"/><line nr="882" mi="5" ci="0" mb="0" cb="0"/><line nr="883" mi="5" ci="0" mb="0" cb="0"/><line nr="885" mi="5" ci="0" mb="2" cb="0"/><line nr="891" mi="4" ci="0" mb="2" cb="0"/><line nr="893" mi="4" ci="0" mb="0" cb="0"/><line nr="894" mi="1" ci="0" mb="0" cb="0"/><line nr="897" mi="3" ci="0" mb="0" cb="0"/><line nr="899" mi="1" ci="0" mb="0" cb="0"/><counter type="INSTRUCTION" missed="1007" covered="48"/><counter type="BRANCH" missed="72" covered="0"/><counter type="LINE" missed="206" covered="11"/><counter type="COMPLEXITY" missed="59" covered="2"/><counter type="METHOD" missed="23" covered="2"/><counter type="CLASS" missed="3" covered="1"/></sourcefile><counter type="INSTRUCTION" missed="1176" covered="55"/><counter type="BRANCH" missed="82" covered="0"/><counter type="LINE" missed="245" covered="14"/><counter type="COMPLEXITY" missed="79" covered="4"/><counter type="METHOD" missed="38" covered="4"/><counter type="CLASS" missed="4" covered="2"/></package><counter type="INSTRUCTION" missed="4115" covered="559"/><counter type="BRANCH" missed="269" covered="27"/><counter type="LINE" missed="825" covered="118"/><counter type="COMPLEXITY" missed="305" covered="27"/><counter type="METHOD" missed="162" covered="22"/><counter type="CLASS" missed="23" covered="9"/></report>